<?xml version="1.0" encoding="utf-8"?>
<CoverageSession xmlns:xsd="http://www.w3.org/2001/XMLSchema" xmlns:xsi="http://www.w3.org/2001/XMLSchema-instance" Version="0.0.0.0">
  <Summary numSequencePoints="727" visitedSequencePoints="650" numBranchPoints="0" visitedBranchPoints="0" sequenceCoverage="89.41" branchCoverage="0.0" maxCyclomaticComplexity="0" minCyclomaticComplexity="0" maxCrapScore="0" minCrapScore="0" visitedClasses="36" numClasses="37" visitedMethods="86" numMethods="96" />
  <Modules>
    <Module>
      <Summary numSequencePoints="377" visitedSequencePoints="305" numBranchPoints="0" visitedBranchPoints="0" sequenceCoverage="80.90" branchCoverage="0.0" maxCyclomaticComplexity="0" minCyclomaticComplexity="0" maxCrapScore="0" minCrapScore="0" visitedClasses="17" numClasses="18" visitedMethods="54" numMethods="64" />
      <ModuleTime>0001-01-01T00:00:00</ModuleTime>
      <ModuleName>Platformer.Runtime</ModuleName>
      <Files>
        <File uid="8" fullPath="C:/Users/corsi/Unity/Fortis Prompt/Assets/Scripts/Mechanics/PlayAudioClip.cs" />
        <File uid="9" fullPath="C:/Users/corsi/Unity/Fortis Prompt/Assets/Scripts/View/AnimatedTile.cs" />
        <File uid="10" fullPath="C:/Users/corsi/Unity/Fortis Prompt/Assets/Scripts/View/ParallaxLayer.cs" />
        <File uid="11" fullPath="C:/Users/corsi/Unity/Fortis Prompt/Assets/Scripts/UI/MainUIController.cs" />
        <File uid="12" fullPath="C:/Users/corsi/Unity/Fortis Prompt/Assets/Scripts/UI/MetaGameController.cs" />
        <File uid="13" fullPath="C:/Users/corsi/Unity/Fortis Prompt/Assets/Scripts/Model/PlatformerModel.cs" />
        <File uid="14" fullPath="C:/Users/corsi/Unity/Fortis Prompt/Assets/Scripts/Mechanics/AnimationController.cs" />
        <File uid="15" fullPath="C:/Users/corsi/Unity/Fortis Prompt/Assets/Scripts/Mechanics/DeathZone.cs" />
        <File uid="16" fullPath="C:/Users/corsi/Unity/Fortis Prompt/Assets/Scripts/Mechanics/EnemyController.cs" />
        <File uid="17" fullPath="C:/Users/corsi/Unity/Fortis Prompt/Assets/Scripts/Mechanics/GameController.cs" />
        <File uid="18" fullPath="C:/Users/corsi/Unity/Fortis Prompt/Assets/Scripts/Mechanics/Health.cs" />
        <File uid="19" fullPath="C:/Users/corsi/Unity/Fortis Prompt/Assets/Scripts/Mechanics/KinematicObject.cs" />
        <File uid="20" fullPath="C:/Users/corsi/Unity/Fortis Prompt/Assets/Scripts/Mechanics/PatrolPath.cs" />
        <File uid="21" fullPath="C:/Users/corsi/Unity/Fortis Prompt/Assets/Scripts/Mechanics/PlayerController.cs" />
        <File uid="22" fullPath="C:/Users/corsi/Unity/Fortis Prompt/Assets/Scripts/Mechanics/TokenController.cs" />
        <File uid="23" fullPath="C:/Users/corsi/Unity/Fortis Prompt/Assets/Scripts/Mechanics/TokenInstance.cs" />
        <File uid="24" fullPath="C:/Users/corsi/Unity/Fortis Prompt/Assets/Scripts/Mechanics/VictoryZone.cs" />
        <File uid="25" fullPath="C:/Users/corsi/Unity/Fortis Prompt/Assets/Scripts/Gameplay/EnablePlayerInput.cs" />
        <File uid="26" fullPath="C:/Users/corsi/Unity/Fortis Prompt/Assets/Scripts/Gameplay/EnemyDeath.cs" />
        <File uid="27" fullPath="C:/Users/corsi/Unity/Fortis Prompt/Assets/Scripts/Gameplay/HealthIsZero.cs" />
        <File uid="28" fullPath="C:/Users/corsi/Unity/Fortis Prompt/Assets/Scripts/Gameplay/PlayerDeath.cs" />
        <File uid="29" fullPath="C:/Users/corsi/Unity/Fortis Prompt/Assets/Scripts/Gameplay/PlayerEnemyCollision.cs" />
        <File uid="30" fullPath="C:/Users/corsi/Unity/Fortis Prompt/Assets/Scripts/Gameplay/PlayerEnteredDeathZone.cs" />
        <File uid="31" fullPath="C:/Users/corsi/Unity/Fortis Prompt/Assets/Scripts/Gameplay/PlayerEnteredVictoryZone.cs" />
        <File uid="32" fullPath="C:/Users/corsi/Unity/Fortis Prompt/Assets/Scripts/Gameplay/PlayerJumped.cs" />
        <File uid="33" fullPath="C:/Users/corsi/Unity/Fortis Prompt/Assets/Scripts/Gameplay/PlayerJumpLogic.cs" />
        <File uid="34" fullPath="C:/Users/corsi/Unity/Fortis Prompt/Assets/Scripts/Gameplay/PlayerLanded.cs" />
        <File uid="35" fullPath="C:/Users/corsi/Unity/Fortis Prompt/Assets/Scripts/Gameplay/PlayerSpawn.cs" />
        <File uid="36" fullPath="C:/Users/corsi/Unity/Fortis Prompt/Assets/Scripts/Gameplay/PlayerStopJump.cs" />
        <File uid="37" fullPath="C:/Users/corsi/Unity/Fortis Prompt/Assets/Scripts/Gameplay/PlayerTokenCollision.cs" />
        <File uid="38" fullPath="C:/Users/corsi/Unity/Fortis Prompt/Assets/Scripts/Core/Fuzzy.cs" />
        <File uid="39" fullPath="C:/Users/corsi/Unity/Fortis Prompt/Assets/Scripts/Core/HeapQueue.cs" />
        <File uid="40" fullPath="C:/Users/corsi/Unity/Fortis Prompt/Assets/Scripts/Core/Simulation.cs" />
        <File uid="41" fullPath="C:/Users/corsi/Unity/Fortis Prompt/Assets/Scripts/Mechanics/PatrolPath.Mover.cs" />
        <File uid="42" fullPath="C:/Users/corsi/Unity/Fortis Prompt/Assets/Scripts/Core/Simulation.Event.cs" />
        <File uid="43" fullPath="C:/Users/corsi/Unity/Fortis Prompt/Assets/Scripts/Core/Simulation.InstanceRegister.cs" />
      </Files>
      <Classes>
        <Class>
          <Summary numSequencePoints="29" visitedSequencePoints="16" numBranchPoints="0" visitedBranchPoints="0" sequenceCoverage="55.17" branchCoverage="0.0" maxCyclomaticComplexity="0" minCyclomaticComplexity="0" maxCrapScore="0" minCrapScore="0" visitedClasses="1" numClasses="1" visitedMethods="3" numMethods="3" />
          <FullName>Platformer.Mechanics.AnimationController</FullName>
          <Methods>
            <Method visited="true" cyclomaticComplexity="0" nPathComplexity="0" sequenceCoverage="100.0" branchCoverage="0" crapScore="0" isConstructor="false" isStatic="false" isGetter="false" isSetter="false">
              <Summary numSequencePoints="4" visitedSequencePoints="4" numBranchPoints="0" visitedBranchPoints="0" sequenceCoverage="100.0" branchCoverage="0" maxCyclomaticComplexity="0" minCyclomaticComplexity="0" maxCrapScore="0" minCrapScore="0" visitedClasses="0" numClasses="0" visitedMethods="1" numMethods="1" />
              <MetadataToken>100663319</MetadataToken>
              <Name>System.Void Platformer.Mechanics.AnimationController::Awake()</Name>
              <FileRef uid="14" />
              <SequencePoints>
                <SequencePoint vc="1" uspid="1732" ordinal="0" offset="0" sl="44" sc="9" el="44" ec="9" bec="0" bev="0" fileid="14" />
                <SequencePoint vc="1" uspid="1733" ordinal="0" offset="1" sl="45" sc="13" el="45" ec="13" bec="0" bev="0" fileid="14" />
                <SequencePoint vc="1" uspid="1734" ordinal="0" offset="13" sl="46" sc="13" el="46" ec="13" bec="0" bev="0" fileid="14" />
                <SequencePoint vc="1" uspid="1735" ordinal="0" offset="25" sl="47" sc="9" el="47" ec="9" bec="0" bev="0" fileid="14" />
              </SequencePoints>
              <BranchPoints />
            </Method>
            <Method visited="true" cyclomaticComplexity="0" nPathComplexity="0" sequenceCoverage="40.91" branchCoverage="0" crapScore="0" isConstructor="false" isStatic="false" isGetter="false" isSetter="false">
              <Summary numSequencePoints="22" visitedSequencePoints="9" numBranchPoints="0" visitedBranchPoints="0" sequenceCoverage="40.91" branchCoverage="0" maxCyclomaticComplexity="0" minCyclomaticComplexity="0" maxCrapScore="0" minCrapScore="0" visitedClasses="0" numClasses="0" visitedMethods="1" numMethods="1" />
              <MetadataToken>100663320</MetadataToken>
              <Name>System.Void Platformer.Mechanics.AnimationController::ComputeVelocity()</Name>
              <FileRef uid="14" />
              <SequencePoints>
                <SequencePoint vc="27" uspid="1736" ordinal="0" offset="0" sl="50" sc="9" el="50" ec="9" bec="0" bev="0" fileid="14" />
                <SequencePoint vc="27" uspid="1737" ordinal="0" offset="1" sl="51" sc="13" el="51" ec="13" bec="0" bev="0" fileid="14" />
                <SequencePoint vc="0" uspid="1738" ordinal="0" offset="22" sl="52" sc="13" el="52" ec="13" bec="0" bev="0" fileid="14" />
                <SequencePoint vc="0" uspid="1739" ordinal="0" offset="23" sl="53" sc="17" el="53" ec="17" bec="0" bev="0" fileid="14" />
                <SequencePoint vc="0" uspid="1740" ordinal="0" offset="52" sl="54" sc="17" el="54" ec="17" bec="0" bev="0" fileid="14" />
                <SequencePoint vc="0" uspid="1741" ordinal="0" offset="59" sl="55" sc="13" el="55" ec="13" bec="0" bev="0" fileid="14" />
                <SequencePoint vc="27" uspid="1742" ordinal="0" offset="62" sl="56" sc="18" el="56" ec="18" bec="0" bev="0" fileid="14" />
                <SequencePoint vc="0" uspid="1743" ordinal="0" offset="72" sl="57" sc="13" el="57" ec="13" bec="0" bev="0" fileid="14" />
                <SequencePoint vc="0" uspid="1744" ordinal="0" offset="73" sl="58" sc="17" el="58" ec="17" bec="0" bev="0" fileid="14" />
                <SequencePoint vc="0" uspid="1745" ordinal="0" offset="80" sl="59" sc="17" el="59" ec="17" bec="0" bev="0" fileid="14" />
                <SequencePoint vc="0" uspid="1746" ordinal="0" offset="102" sl="60" sc="17" el="60" ec="17" bec="0" bev="0" fileid="14" />
                <SequencePoint vc="0" uspid="1747" ordinal="0" offset="103" sl="61" sc="21" el="61" ec="21" bec="0" bev="0" fileid="14" />
                <SequencePoint vc="0" uspid="1748" ordinal="0" offset="137" sl="62" sc="17" el="62" ec="17" bec="0" bev="0" fileid="14" />
                <SequencePoint vc="0" uspid="1749" ordinal="0" offset="138" sl="63" sc="13" el="63" ec="13" bec="0" bev="0" fileid="14" />
                <SequencePoint vc="27" uspid="1750" ordinal="0" offset="139" sl="65" sc="13" el="65" ec="13" bec="0" bev="0" fileid="14" />
                <SequencePoint vc="0" uspid="1751" ordinal="0" offset="161" sl="66" sc="17" el="66" ec="17" bec="0" bev="0" fileid="14" />
                <SequencePoint vc="27" uspid="1752" ordinal="0" offset="176" sl="67" sc="18" el="67" ec="18" bec="0" bev="0" fileid="14" />
                <SequencePoint vc="0" uspid="1753" ordinal="0" offset="200" sl="68" sc="17" el="68" ec="17" bec="0" bev="0" fileid="14" />
                <SequencePoint vc="27" uspid="1754" ordinal="0" offset="213" sl="70" sc="13" el="70" ec="13" bec="0" bev="0" fileid="14" />
                <SequencePoint vc="27" uspid="1755" ordinal="0" offset="236" sl="71" sc="13" el="71" ec="13" bec="0" bev="0" fileid="14" />
                <SequencePoint vc="27" uspid="1756" ordinal="0" offset="276" sl="73" sc="13" el="73" ec="13" bec="0" bev="0" fileid="14" />
                <SequencePoint vc="27" uspid="1757" ordinal="0" offset="299" sl="74" sc="9" el="74" ec="9" bec="0" bev="0" fileid="14" />
              </SequencePoints>
              <BranchPoints />
            </Method>
            <Method visited="true" cyclomaticComplexity="0" nPathComplexity="0" sequenceCoverage="100.0" branchCoverage="0" crapScore="0" isConstructor="true" isStatic="false" isGetter="false" isSetter="false">
              <Summary numSequencePoints="3" visitedSequencePoints="3" numBranchPoints="0" visitedBranchPoints="0" sequenceCoverage="100.0" branchCoverage="0" maxCyclomaticComplexity="0" minCyclomaticComplexity="0" maxCrapScore="0" minCrapScore="0" visitedClasses="0" numClasses="0" visitedMethods="1" numMethods="1" />
              <MetadataToken>100663321</MetadataToken>
              <Name>Platformer.Mechanics.AnimationController::AnimationController()</Name>
              <FileRef uid="14" />
              <SequencePoints>
                <SequencePoint vc="1" uspid="1758" ordinal="0" offset="0" sl="18" sc="9" el="18" ec="9" bec="0" bev="0" fileid="14" />
                <SequencePoint vc="1" uspid="1759" ordinal="0" offset="11" sl="22" sc="9" el="22" ec="9" bec="0" bev="0" fileid="14" />
                <SequencePoint vc="1" uspid="1760" ordinal="0" offset="22" sl="41" sc="9" el="41" ec="9" bec="0" bev="0" fileid="14" />
              </SequencePoints>
              <BranchPoints />
            </Method>
          </Methods>
        </Class>
        <Class>
          <Summary numSequencePoints="24" visitedSequencePoints="19" numBranchPoints="0" visitedBranchPoints="0" sequenceCoverage="79.17" branchCoverage="0.0" maxCyclomaticComplexity="0" minCyclomaticComplexity="0" maxCrapScore="0" minCrapScore="0" visitedClasses="1" numClasses="1" visitedMethods="4" numMethods="4" />
          <FullName>Platformer.Mechanics.EnemyController</FullName>
          <Methods>
            <Method visited="true" cyclomaticComplexity="0" nPathComplexity="0" sequenceCoverage="100.0" branchCoverage="0" crapScore="0" isConstructor="false" isStatic="false" isGetter="true" isSetter="false">
              <Summary numSequencePoints="1" visitedSequencePoints="1" numBranchPoints="0" visitedBranchPoints="0" sequenceCoverage="100.0" branchCoverage="0" maxCyclomaticComplexity="0" minCyclomaticComplexity="0" maxCrapScore="0" minCrapScore="0" visitedClasses="0" numClasses="0" visitedMethods="1" numMethods="1" />
              <MetadataToken>100663324</MetadataToken>
              <Name>UnityEngine.Bounds Platformer.Mechanics.EnemyController::get_Bounds()</Name>
              <FileRef uid="16" />
              <SequencePoints>
                <SequencePoint vc="2" uspid="1769" ordinal="0" offset="0" sl="24" sc="33" el="24" ec="33" bec="0" bev="0" fileid="16" />
              </SequencePoints>
              <BranchPoints />
            </Method>
            <Method visited="true" cyclomaticComplexity="0" nPathComplexity="0" sequenceCoverage="100.0" branchCoverage="0" crapScore="0" isConstructor="false" isStatic="false" isGetter="false" isSetter="false">
              <Summary numSequencePoints="6" visitedSequencePoints="6" numBranchPoints="0" visitedBranchPoints="0" sequenceCoverage="100.0" branchCoverage="0" maxCyclomaticComplexity="0" minCyclomaticComplexity="0" maxCrapScore="0" minCrapScore="0" visitedClasses="0" numClasses="0" visitedMethods="1" numMethods="1" />
              <MetadataToken>100663325</MetadataToken>
              <Name>System.Void Platformer.Mechanics.EnemyController::Awake()</Name>
              <FileRef uid="16" />
              <SequencePoints>
                <SequencePoint vc="1" uspid="1770" ordinal="0" offset="0" sl="27" sc="9" el="27" ec="9" bec="0" bev="0" fileid="16" />
                <SequencePoint vc="1" uspid="1771" ordinal="0" offset="1" sl="28" sc="13" el="28" ec="13" bec="0" bev="0" fileid="16" />
                <SequencePoint vc="1" uspid="1772" ordinal="0" offset="13" sl="29" sc="13" el="29" ec="13" bec="0" bev="0" fileid="16" />
                <SequencePoint vc="1" uspid="1773" ordinal="0" offset="25" sl="30" sc="13" el="30" ec="13" bec="0" bev="0" fileid="16" />
                <SequencePoint vc="1" uspid="1774" ordinal="0" offset="37" sl="31" sc="13" el="31" ec="13" bec="0" bev="0" fileid="16" />
                <SequencePoint vc="1" uspid="1775" ordinal="0" offset="49" sl="32" sc="9" el="32" ec="9" bec="0" bev="0" fileid="16" />
              </SequencePoints>
              <BranchPoints />
            </Method>
            <Method visited="true" cyclomaticComplexity="0" nPathComplexity="0" sequenceCoverage="100.0" branchCoverage="0" crapScore="0" isConstructor="false" isStatic="false" isGetter="false" isSetter="false">
              <Summary numSequencePoints="9" visitedSequencePoints="9" numBranchPoints="0" visitedBranchPoints="0" sequenceCoverage="100.0" branchCoverage="0" maxCyclomaticComplexity="0" minCyclomaticComplexity="0" maxCrapScore="0" minCrapScore="0" visitedClasses="0" numClasses="0" visitedMethods="1" numMethods="1" />
              <MetadataToken>100663326</MetadataToken>
              <Name>System.Void Platformer.Mechanics.EnemyController::OnCollisionEnter2D(UnityEngine.Collision2D)</Name>
              <FileRef uid="16" />
              <SequencePoints>
                <SequencePoint vc="1" uspid="1776" ordinal="0" offset="0" sl="35" sc="9" el="35" ec="9" bec="0" bev="0" fileid="16" />
                <SequencePoint vc="1" uspid="1777" ordinal="0" offset="1" sl="36" sc="13" el="36" ec="13" bec="0" bev="0" fileid="16" />
                <SequencePoint vc="1" uspid="1778" ordinal="0" offset="13" sl="37" sc="13" el="37" ec="13" bec="0" bev="0" fileid="16" />
                <SequencePoint vc="1" uspid="1779" ordinal="0" offset="24" sl="38" sc="13" el="38" ec="13" bec="0" bev="0" fileid="16" />
                <SequencePoint vc="1" uspid="1780" ordinal="0" offset="25" sl="39" sc="17" el="39" ec="17" bec="0" bev="0" fileid="16" />
                <SequencePoint vc="1" uspid="1781" ordinal="0" offset="36" sl="40" sc="17" el="40" ec="17" bec="0" bev="0" fileid="16" />
                <SequencePoint vc="1" uspid="1782" ordinal="0" offset="43" sl="41" sc="17" el="41" ec="17" bec="0" bev="0" fileid="16" />
                <SequencePoint vc="1" uspid="1783" ordinal="0" offset="50" sl="42" sc="13" el="42" ec="13" bec="0" bev="0" fileid="16" />
                <SequencePoint vc="1" uspid="1784" ordinal="0" offset="51" sl="43" sc="9" el="43" ec="9" bec="0" bev="0" fileid="16" />
              </SequencePoints>
              <BranchPoints />
            </Method>
            <Method visited="true" cyclomaticComplexity="0" nPathComplexity="0" sequenceCoverage="37.50" branchCoverage="0" crapScore="0" isConstructor="false" isStatic="false" isGetter="false" isSetter="false">
              <Summary numSequencePoints="8" visitedSequencePoints="3" numBranchPoints="0" visitedBranchPoints="0" sequenceCoverage="37.50" branchCoverage="0" maxCyclomaticComplexity="0" minCyclomaticComplexity="0" maxCrapScore="0" minCrapScore="0" visitedClasses="0" numClasses="0" visitedMethods="1" numMethods="1" />
              <MetadataToken>100663327</MetadataToken>
              <Name>System.Void Platformer.Mechanics.EnemyController::Update()</Name>
              <FileRef uid="16" />
              <SequencePoints>
                <SequencePoint vc="27" uspid="1785" ordinal="0" offset="0" sl="46" sc="9" el="46" ec="9" bec="0" bev="0" fileid="16" />
                <SequencePoint vc="27" uspid="1786" ordinal="0" offset="1" sl="47" sc="13" el="47" ec="13" bec="0" bev="0" fileid="16" />
                <SequencePoint vc="0" uspid="1787" ordinal="0" offset="17" sl="48" sc="13" el="48" ec="13" bec="0" bev="0" fileid="16" />
                <SequencePoint vc="0" uspid="1788" ordinal="0" offset="18" sl="49" sc="17" el="49" ec="17" bec="0" bev="0" fileid="16" />
                <SequencePoint vc="0" uspid="1789" ordinal="0" offset="31" sl="49" sc="36" el="49" ec="36" bec="0" bev="0" fileid="16" />
                <SequencePoint vc="0" uspid="1790" ordinal="0" offset="65" sl="50" sc="17" el="50" ec="17" bec="0" bev="0" fileid="16" />
                <SequencePoint vc="0" uspid="1791" ordinal="0" offset="129" sl="51" sc="13" el="51" ec="13" bec="0" bev="0" fileid="16" />
                <SequencePoint vc="27" uspid="1792" ordinal="0" offset="130" sl="52" sc="9" el="52" ec="9" bec="0" bev="0" fileid="16" />
              </SequencePoints>
              <BranchPoints />
            </Method>
          </Methods>
        </Class>
        <Class>
          <Summary numSequencePoints="17" visitedSequencePoints="17" numBranchPoints="0" visitedBranchPoints="0" sequenceCoverage="100.0" branchCoverage="0.0" maxCyclomaticComplexity="0" minCyclomaticComplexity="0" maxCrapScore="0" minCrapScore="0" visitedClasses="1" numClasses="1" visitedMethods="5" numMethods="5" />
          <FullName>Platformer.Mechanics.Health</FullName>
          <Methods>
            <Method visited="true" cyclomaticComplexity="0" nPathComplexity="0" sequenceCoverage="100.0" branchCoverage="0" crapScore="0" isConstructor="false" isStatic="false" isGetter="true" isSetter="false">
              <Summary numSequencePoints="1" visitedSequencePoints="1" numBranchPoints="0" visitedBranchPoints="0" sequenceCoverage="100.0" branchCoverage="0" maxCyclomaticComplexity="0" minCyclomaticComplexity="0" maxCrapScore="0" minCrapScore="0" visitedClasses="0" numClasses="0" visitedMethods="1" numMethods="1" />
              <MetadataToken>100663335</MetadataToken>
              <Name>System.Boolean Platformer.Mechanics.Health::get_IsAlive()</Name>
              <FileRef uid="18" />
              <SequencePoints>
                <SequencePoint vc="16" uspid="1807" ordinal="0" offset="0" sl="21" sc="32" el="21" ec="32" bec="0" bev="0" fileid="18" />
              </SequencePoints>
              <BranchPoints />
            </Method>
            <Method visited="true" cyclomaticComplexity="0" nPathComplexity="0" sequenceCoverage="100.0" branchCoverage="0" crapScore="0" isConstructor="false" isStatic="false" isGetter="false" isSetter="false">
              <Summary numSequencePoints="8" visitedSequencePoints="8" numBranchPoints="0" visitedBranchPoints="0" sequenceCoverage="100.0" branchCoverage="0" maxCyclomaticComplexity="0" minCyclomaticComplexity="0" maxCrapScore="0" minCrapScore="0" visitedClasses="0" numClasses="0" visitedMethods="1" numMethods="1" />
              <MetadataToken>100663337</MetadataToken>
              <Name>System.Void Platformer.Mechanics.Health::Decrement()</Name>
              <FileRef uid="18" />
              <SequencePoints>
                <SequencePoint vc="4" uspid="1811" ordinal="0" offset="0" sl="38" sc="9" el="38" ec="9" bec="0" bev="0" fileid="18" />
                <SequencePoint vc="4" uspid="1812" ordinal="0" offset="1" sl="39" sc="13" el="39" ec="13" bec="0" bev="0" fileid="18" />
                <SequencePoint vc="4" uspid="1813" ordinal="0" offset="27" sl="40" sc="13" el="40" ec="13" bec="0" bev="0" fileid="18" />
                <SequencePoint vc="4" uspid="1814" ordinal="0" offset="40" sl="41" sc="13" el="41" ec="13" bec="0" bev="0" fileid="18" />
                <SequencePoint vc="4" uspid="1815" ordinal="0" offset="41" sl="42" sc="17" el="42" ec="17" bec="0" bev="0" fileid="18" />
                <SequencePoint vc="4" uspid="1816" ordinal="0" offset="52" sl="43" sc="17" el="43" ec="17" bec="0" bev="0" fileid="18" />
                <SequencePoint vc="4" uspid="1817" ordinal="0" offset="59" sl="44" sc="13" el="44" ec="13" bec="0" bev="0" fileid="18" />
                <SequencePoint vc="4" uspid="1818" ordinal="0" offset="60" sl="45" sc="9" el="45" ec="9" bec="0" bev="0" fileid="18" />
              </SequencePoints>
              <BranchPoints />
            </Method>
            <Method visited="true" cyclomaticComplexity="0" nPathComplexity="0" sequenceCoverage="100.0" branchCoverage="0" crapScore="0" isConstructor="false" isStatic="false" isGetter="false" isSetter="false">
              <Summary numSequencePoints="4" visitedSequencePoints="4" numBranchPoints="0" visitedBranchPoints="0" sequenceCoverage="100.0" branchCoverage="0" maxCyclomaticComplexity="0" minCyclomaticComplexity="0" maxCrapScore="0" minCrapScore="0" visitedClasses="0" numClasses="0" visitedMethods="1" numMethods="1" />
              <MetadataToken>100663338</MetadataToken>
              <Name>System.Void Platformer.Mechanics.Health::Die()</Name>
              <FileRef uid="18" />
              <SequencePoints>
                <SequencePoint vc="3" uspid="1819" ordinal="0" offset="0" sl="51" sc="9" el="51" ec="9" bec="0" bev="0" fileid="18" />
                <SequencePoint vc="3" uspid="1820" ordinal="0" offset="3" sl="52" sc="35" el="52" ec="35" bec="0" bev="0" fileid="18" />
                <SequencePoint vc="6" uspid="1821" ordinal="0" offset="10" sl="52" sc="13" el="52" ec="13" bec="0" bev="0" fileid="18" />
                <SequencePoint vc="3" uspid="1822" ordinal="0" offset="23" sl="53" sc="9" el="53" ec="9" bec="0" bev="0" fileid="18" />
              </SequencePoints>
              <BranchPoints />
            </Method>
            <Method visited="true" cyclomaticComplexity="0" nPathComplexity="0" sequenceCoverage="100.0" branchCoverage="0" crapScore="0" isConstructor="false" isStatic="false" isGetter="false" isSetter="false">
              <Summary numSequencePoints="3" visitedSequencePoints="3" numBranchPoints="0" visitedBranchPoints="0" sequenceCoverage="100.0" branchCoverage="0" maxCyclomaticComplexity="0" minCyclomaticComplexity="0" maxCrapScore="0" minCrapScore="0" visitedClasses="0" numClasses="0" visitedMethods="1" numMethods="1" />
              <MetadataToken>100663339</MetadataToken>
              <Name>System.Void Platformer.Mechanics.Health::Awake()</Name>
              <FileRef uid="18" />
              <SequencePoints>
                <SequencePoint vc="4" uspid="1823" ordinal="0" offset="0" sl="56" sc="9" el="56" ec="9" bec="0" bev="0" fileid="18" />
                <SequencePoint vc="4" uspid="1824" ordinal="0" offset="1" sl="57" sc="13" el="57" ec="13" bec="0" bev="0" fileid="18" />
                <SequencePoint vc="4" uspid="1825" ordinal="0" offset="13" sl="58" sc="9" el="58" ec="9" bec="0" bev="0" fileid="18" />
              </SequencePoints>
              <BranchPoints />
            </Method>
            <Method visited="true" cyclomaticComplexity="0" nPathComplexity="0" sequenceCoverage="100.0" branchCoverage="0" crapScore="0" isConstructor="true" isStatic="false" isGetter="false" isSetter="false">
              <Summary numSequencePoints="1" visitedSequencePoints="1" numBranchPoints="0" visitedBranchPoints="0" sequenceCoverage="100.0" branchCoverage="0" maxCyclomaticComplexity="0" minCyclomaticComplexity="0" maxCrapScore="0" minCrapScore="0" visitedClasses="0" numClasses="0" visitedMethods="1" numMethods="1" />
              <MetadataToken>100663340</MetadataToken>
              <Name>Platformer.Mechanics.Health::Health()</Name>
              <FileRef uid="18" />
              <SequencePoints>
                <SequencePoint vc="4" uspid="1826" ordinal="0" offset="0" sl="16" sc="9" el="16" ec="9" bec="0" bev="0" fileid="18" />
              </SequencePoints>
              <BranchPoints />
            </Method>
          </Methods>
        </Class>
        <Class>
          <Summary numSequencePoints="71" visitedSequencePoints="71" numBranchPoints="0" visitedBranchPoints="0" sequenceCoverage="100.0" branchCoverage="0.0" maxCyclomaticComplexity="0" minCyclomaticComplexity="0" maxCrapScore="0" minCrapScore="0" visitedClasses="1" numClasses="1" visitedMethods="9" numMethods="9" />
          <FullName>Platformer.Mechanics.KinematicObject</FullName>
          <Methods>
            <Method visited="true" cyclomaticComplexity="0" nPathComplexity="0" sequenceCoverage="100.0" branchCoverage="0" crapScore="0" isConstructor="false" isStatic="false" isGetter="true" isSetter="false">
              <Summary numSequencePoints="1" visitedSequencePoints="1" numBranchPoints="0" visitedBranchPoints="0" sequenceCoverage="100.0" branchCoverage="0" maxCyclomaticComplexity="0" minCyclomaticComplexity="0" maxCrapScore="0" minCrapScore="0" visitedClasses="0" numClasses="0" visitedMethods="1" numMethods="1" />
              <MetadataToken>100663341</MetadataToken>
              <Name>System.Boolean Platformer.Mechanics.KinematicObject::get_IsGrounded()</Name>
              <FileRef uid="19" />
              <SequencePoints>
                <SequencePoint vc="57" uspid="1827" ordinal="0" offset="0" sl="31" sc="34" el="31" ec="34" bec="0" bev="0" fileid="19" />
              </SequencePoints>
              <BranchPoints />
            </Method>
            <Method visited="true" cyclomaticComplexity="0" nPathComplexity="0" sequenceCoverage="100.0" branchCoverage="0" crapScore="0" isConstructor="false" isStatic="false" isGetter="false" isSetter="true">
              <Summary numSequencePoints="1" visitedSequencePoints="1" numBranchPoints="0" visitedBranchPoints="0" sequenceCoverage="100.0" branchCoverage="0" maxCyclomaticComplexity="0" minCyclomaticComplexity="0" maxCrapScore="0" minCrapScore="0" visitedClasses="0" numClasses="0" visitedMethods="1" numMethods="1" />
              <MetadataToken>100663342</MetadataToken>
              <Name>System.Void Platformer.Mechanics.KinematicObject::set_IsGrounded(System.Boolean)</Name>
              <FileRef uid="19" />
              <SequencePoints>
                <SequencePoint vc="28" uspid="1828" ordinal="0" offset="0" sl="31" sc="39" el="31" ec="39" bec="0" bev="0" fileid="19" />
              </SequencePoints>
              <BranchPoints />
            </Method>
            <Method visited="true" cyclomaticComplexity="0" nPathComplexity="0" sequenceCoverage="100.0" branchCoverage="0" crapScore="0" isConstructor="false" isStatic="false" isGetter="false" isSetter="false">
              <Summary numSequencePoints="4" visitedSequencePoints="4" numBranchPoints="0" visitedBranchPoints="0" sequenceCoverage="100.0" branchCoverage="0" maxCyclomaticComplexity="0" minCyclomaticComplexity="0" maxCrapScore="0" minCrapScore="0" visitedClasses="0" numClasses="0" visitedMethods="1" numMethods="1" />
              <MetadataToken>100663346</MetadataToken>
              <Name>System.Void Platformer.Mechanics.KinematicObject::OnEnable()</Name>
              <FileRef uid="19" />
              <SequencePoints>
                <SequencePoint vc="6" uspid="1841" ordinal="0" offset="0" sl="74" sc="9" el="74" ec="9" bec="0" bev="0" fileid="19" />
                <SequencePoint vc="6" uspid="1842" ordinal="0" offset="1" sl="75" sc="13" el="75" ec="13" bec="0" bev="0" fileid="19" />
                <SequencePoint vc="6" uspid="1843" ordinal="0" offset="13" sl="76" sc="13" el="76" ec="13" bec="0" bev="0" fileid="19" />
                <SequencePoint vc="6" uspid="1844" ordinal="0" offset="26" sl="77" sc="9" el="77" ec="9" bec="0" bev="0" fileid="19" />
              </SequencePoints>
              <BranchPoints />
            </Method>
            <Method visited="true" cyclomaticComplexity="0" nPathComplexity="0" sequenceCoverage="100.0" branchCoverage="0" crapScore="0" isConstructor="false" isStatic="false" isGetter="false" isSetter="false">
              <Summary numSequencePoints="3" visitedSequencePoints="3" numBranchPoints="0" visitedBranchPoints="0" sequenceCoverage="100.0" branchCoverage="0" maxCyclomaticComplexity="0" minCyclomaticComplexity="0" maxCrapScore="0" minCrapScore="0" visitedClasses="0" numClasses="0" visitedMethods="1" numMethods="1" />
              <MetadataToken>100663347</MetadataToken>
              <Name>System.Void Platformer.Mechanics.KinematicObject::OnDisable()</Name>
              <FileRef uid="19" />
              <SequencePoints>
                <SequencePoint vc="5" uspid="1845" ordinal="0" offset="0" sl="80" sc="9" el="80" ec="9" bec="0" bev="0" fileid="19" />
                <SequencePoint vc="5" uspid="1846" ordinal="0" offset="1" sl="81" sc="13" el="81" ec="13" bec="0" bev="0" fileid="19" />
                <SequencePoint vc="5" uspid="1847" ordinal="0" offset="14" sl="82" sc="9" el="82" ec="9" bec="0" bev="0" fileid="19" />
              </SequencePoints>
              <BranchPoints />
            </Method>
            <Method visited="true" cyclomaticComplexity="0" nPathComplexity="0" sequenceCoverage="100.0" branchCoverage="0" crapScore="0" isConstructor="false" isStatic="false" isGetter="false" isSetter="false">
              <Summary numSequencePoints="5" visitedSequencePoints="5" numBranchPoints="0" visitedBranchPoints="0" sequenceCoverage="100.0" branchCoverage="0" maxCyclomaticComplexity="0" minCyclomaticComplexity="0" maxCrapScore="0" minCrapScore="0" visitedClasses="0" numClasses="0" visitedMethods="1" numMethods="1" />
              <MetadataToken>100663348</MetadataToken>
              <Name>System.Void Platformer.Mechanics.KinematicObject::Start()</Name>
              <FileRef uid="19" />
              <SequencePoints>
                <SequencePoint vc="1" uspid="1848" ordinal="0" offset="0" sl="85" sc="9" el="85" ec="9" bec="0" bev="0" fileid="19" />
                <SequencePoint vc="1" uspid="1849" ordinal="0" offset="1" sl="86" sc="13" el="86" ec="13" bec="0" bev="0" fileid="19" />
                <SequencePoint vc="1" uspid="1850" ordinal="0" offset="13" sl="87" sc="13" el="87" ec="13" bec="0" bev="0" fileid="19" />
                <SequencePoint vc="1" uspid="1851" ordinal="0" offset="46" sl="88" sc="13" el="88" ec="13" bec="0" bev="0" fileid="19" />
                <SequencePoint vc="1" uspid="1852" ordinal="0" offset="58" sl="89" sc="9" el="89" ec="9" bec="0" bev="0" fileid="19" />
              </SequencePoints>
              <BranchPoints />
            </Method>
            <Method visited="true" cyclomaticComplexity="0" nPathComplexity="0" sequenceCoverage="100.0" branchCoverage="0" crapScore="0" isConstructor="false" isStatic="false" isGetter="false" isSetter="false">
              <Summary numSequencePoints="4" visitedSequencePoints="4" numBranchPoints="0" visitedBranchPoints="0" sequenceCoverage="100.0" branchCoverage="0" maxCyclomaticComplexity="0" minCyclomaticComplexity="0" maxCrapScore="0" minCrapScore="0" visitedClasses="0" numClasses="0" visitedMethods="1" numMethods="1" />
              <MetadataToken>100663349</MetadataToken>
              <Name>System.Void Platformer.Mechanics.KinematicObject::Update()</Name>
              <FileRef uid="19" />
              <SequencePoints>
                <SequencePoint vc="27" uspid="1853" ordinal="0" offset="0" sl="92" sc="9" el="92" ec="9" bec="0" bev="0" fileid="19" />
                <SequencePoint vc="27" uspid="1854" ordinal="0" offset="1" sl="93" sc="13" el="93" ec="13" bec="0" bev="0" fileid="19" />
                <SequencePoint vc="27" uspid="1855" ordinal="0" offset="12" sl="94" sc="13" el="94" ec="13" bec="0" bev="0" fileid="19" />
                <SequencePoint vc="27" uspid="1856" ordinal="0" offset="19" sl="95" sc="9" el="95" ec="9" bec="0" bev="0" fileid="19" />
              </SequencePoints>
              <BranchPoints />
            </Method>
            <Method visited="true" cyclomaticComplexity="0" nPathComplexity="0" sequenceCoverage="100.0" branchCoverage="0" crapScore="0" isConstructor="false" isStatic="false" isGetter="false" isSetter="false">
              <Summary numSequencePoints="13" visitedSequencePoints="13" numBranchPoints="0" visitedBranchPoints="0" sequenceCoverage="100.0" branchCoverage="0" maxCyclomaticComplexity="0" minCyclomaticComplexity="0" maxCrapScore="0" minCrapScore="0" visitedClasses="0" numClasses="0" visitedMethods="1" numMethods="1" />
              <MetadataToken>100663351</MetadataToken>
              <Name>System.Void Platformer.Mechanics.KinematicObject::FixedUpdate()</Name>
              <FileRef uid="19" />
              <SequencePoints>
                <SequencePoint vc="24" uspid="1859" ordinal="0" offset="0" sl="103" sc="9" el="103" ec="9" bec="0" bev="0" fileid="19" />
                <SequencePoint vc="24" uspid="1860" ordinal="0" offset="1" sl="105" sc="13" el="105" ec="13" bec="0" bev="0" fileid="19" />
                <SequencePoint vc="19" uspid="1861" ordinal="0" offset="23" sl="106" sc="17" el="106" ec="17" bec="0" bev="0" fileid="19" />
                <SequencePoint vc="5" uspid="1862" ordinal="0" offset="68" sl="108" sc="17" el="108" ec="17" bec="0" bev="0" fileid="19" />
                <SequencePoint vc="24" uspid="1863" ordinal="0" offset="100" sl="110" sc="13" el="110" ec="13" bec="0" bev="0" fileid="19" />
                <SequencePoint vc="24" uspid="1864" ordinal="0" offset="122" sl="112" sc="13" el="112" ec="13" bec="0" bev="0" fileid="19" />
                <SequencePoint vc="24" uspid="1865" ordinal="0" offset="130" sl="114" sc="13" el="114" ec="13" bec="0" bev="0" fileid="19" />
                <SequencePoint vc="24" uspid="1866" ordinal="0" offset="147" sl="116" sc="13" el="116" ec="13" bec="0" bev="0" fileid="19" />
                <SequencePoint vc="24" uspid="1867" ordinal="0" offset="177" sl="118" sc="13" el="118" ec="13" bec="0" bev="0" fileid="19" />
                <SequencePoint vc="24" uspid="1868" ordinal="0" offset="190" sl="120" sc="13" el="120" ec="13" bec="0" bev="0" fileid="19" />
                <SequencePoint vc="24" uspid="1869" ordinal="0" offset="199" sl="122" sc="13" el="122" ec="13" bec="0" bev="0" fileid="19" />
                <SequencePoint vc="24" uspid="1870" ordinal="0" offset="216" sl="124" sc="13" el="124" ec="13" bec="0" bev="0" fileid="19" />
                <SequencePoint vc="24" uspid="1871" ordinal="0" offset="225" sl="126" sc="9" el="126" ec="9" bec="0" bev="0" fileid="19" />
              </SequencePoints>
              <BranchPoints />
            </Method>
            <Method visited="true" cyclomaticComplexity="0" nPathComplexity="0" sequenceCoverage="100.0" branchCoverage="0" crapScore="0" isConstructor="false" isStatic="false" isGetter="false" isSetter="false">
              <Summary numSequencePoints="37" visitedSequencePoints="37" numBranchPoints="0" visitedBranchPoints="0" sequenceCoverage="100.0" branchCoverage="0" maxCyclomaticComplexity="0" minCyclomaticComplexity="0" maxCrapScore="0" minCrapScore="0" visitedClasses="0" numClasses="0" visitedMethods="1" numMethods="1" />
              <MetadataToken>100663352</MetadataToken>
              <Name>System.Void Platformer.Mechanics.KinematicObject::PerformMovement(UnityEngine.Vector2, System.Boolean)</Name>
              <FileRef uid="19" />
              <SequencePoints>
                <SequencePoint vc="48" uspid="1872" ordinal="0" offset="0" sl="129" sc="9" el="129" ec="9" bec="0" bev="0" fileid="19" />
                <SequencePoint vc="48" uspid="1873" ordinal="0" offset="1" sl="130" sc="13" el="130" ec="13" bec="0" bev="0" fileid="19" />
                <SequencePoint vc="48" uspid="1874" ordinal="0" offset="9" sl="132" sc="13" el="132" ec="13" bec="0" bev="0" fileid="19" />
                <SequencePoint vc="24" uspid="1875" ordinal="0" offset="24" sl="133" sc="13" el="133" ec="13" bec="0" bev="0" fileid="19" />
                <SequencePoint vc="24" uspid="1876" ordinal="0" offset="25" sl="135" sc="17" el="135" ec="17" bec="0" bev="0" fileid="19" />
                <SequencePoint vc="24" uspid="1877" ordinal="0" offset="57" sl="136" sc="22" el="136" ec="22" bec="0" bev="0" fileid="19" />
                <SequencePoint vc="30" uspid="1878" ordinal="0" offset="64" sl="137" sc="17" el="137" ec="17" bec="0" bev="0" fileid="19" />
                <SequencePoint vc="30" uspid="1879" ordinal="0" offset="65" sl="138" sc="21" el="138" ec="21" bec="0" bev="0" fileid="19" />
                <SequencePoint vc="30" uspid="1880" ordinal="0" offset="84" sl="141" sc="21" el="141" ec="21" bec="0" bev="0" fileid="19" />
                <SequencePoint vc="4" uspid="1881" ordinal="0" offset="105" sl="142" sc="21" el="142" ec="21" bec="0" bev="0" fileid="19" />
                <SequencePoint vc="4" uspid="1882" ordinal="0" offset="106" sl="143" sc="25" el="143" ec="25" bec="0" bev="0" fileid="19" />
                <SequencePoint vc="4" uspid="1883" ordinal="0" offset="114" sl="145" sc="25" el="145" ec="25" bec="0" bev="0" fileid="19" />
                <SequencePoint vc="4" uspid="1884" ordinal="0" offset="121" sl="146" sc="25" el="146" ec="25" bec="0" bev="0" fileid="19" />
                <SequencePoint vc="4" uspid="1885" ordinal="0" offset="122" sl="147" sc="29" el="147" ec="29" bec="0" bev="0" fileid="19" />
                <SequencePoint vc="4" uspid="1886" ordinal="0" offset="130" sl="148" sc="29" el="148" ec="29" bec="0" bev="0" fileid="19" />
                <SequencePoint vc="4" uspid="1887" ordinal="0" offset="142" sl="149" sc="25" el="149" ec="25" bec="0" bev="0" fileid="19" />
                <SequencePoint vc="4" uspid="1888" ordinal="0" offset="143" sl="150" sc="21" el="150" ec="21" bec="0" bev="0" fileid="19" />
                <SequencePoint vc="30" uspid="1889" ordinal="0" offset="144" sl="151" sc="21" el="151" ec="21" bec="0" bev="0" fileid="19" />
                <SequencePoint vc="7" uspid="1890" ordinal="0" offset="156" sl="152" sc="21" el="152" ec="21" bec="0" bev="0" fileid="19" />
                <SequencePoint vc="7" uspid="1891" ordinal="0" offset="157" sl="154" sc="25" el="154" ec="25" bec="0" bev="0" fileid="19" />
                <SequencePoint vc="7" uspid="1892" ordinal="0" offset="172" sl="155" sc="25" el="155" ec="25" bec="0" bev="0" fileid="19" />
                <SequencePoint vc="4" uspid="1893" ordinal="0" offset="187" sl="156" sc="25" el="156" ec="25" bec="0" bev="0" fileid="19" />
                <SequencePoint vc="4" uspid="1894" ordinal="0" offset="188" sl="158" sc="29" el="158" ec="29" bec="0" bev="0" fileid="19" />
                <SequencePoint vc="4" uspid="1895" ordinal="0" offset="214" sl="159" sc="25" el="159" ec="25" bec="0" bev="0" fileid="19" />
                <SequencePoint vc="7" uspid="1896" ordinal="0" offset="215" sl="160" sc="21" el="160" ec="21" bec="0" bev="0" fileid="19" />
                <SequencePoint vc="23" uspid="1897" ordinal="0" offset="218" sl="162" sc="21" el="162" ec="21" bec="0" bev="0" fileid="19" />
                <SequencePoint vc="23" uspid="1898" ordinal="0" offset="219" sl="164" sc="25" el="164" ec="25" bec="0" bev="0" fileid="19" />
                <SequencePoint vc="23" uspid="1899" ordinal="0" offset="239" sl="165" sc="25" el="165" ec="25" bec="0" bev="0" fileid="19" />
                <SequencePoint vc="23" uspid="1900" ordinal="0" offset="271" sl="166" sc="21" el="166" ec="21" bec="0" bev="0" fileid="19" />
                <SequencePoint vc="30" uspid="1901" ordinal="0" offset="272" sl="168" sc="21" el="168" ec="21" bec="0" bev="0" fileid="19" />
                <SequencePoint vc="30" uspid="1902" ordinal="0" offset="297" sl="169" sc="21" el="169" ec="21" bec="0" bev="0" fileid="19" />
                <SequencePoint vc="30" uspid="1903" ordinal="0" offset="308" sl="170" sc="17" el="170" ec="17" bec="0" bev="0" fileid="19" />
                <SequencePoint vc="30" uspid="1904" ordinal="0" offset="309" sl="136" sc="44" el="136" ec="44" bec="0" bev="0" fileid="19" />
                <SequencePoint vc="54" uspid="1905" ordinal="0" offset="313" sl="136" sc="33" el="136" ec="33" bec="0" bev="0" fileid="19" />
                <SequencePoint vc="24" uspid="1906" ordinal="0" offset="326" sl="171" sc="13" el="171" ec="13" bec="0" bev="0" fileid="19" />
                <SequencePoint vc="48" uspid="1907" ordinal="0" offset="327" sl="172" sc="13" el="172" ec="13" bec="0" bev="0" fileid="19" />
                <SequencePoint vc="48" uspid="1908" ordinal="0" offset="368" sl="173" sc="9" el="173" ec="9" bec="0" bev="0" fileid="19" />
              </SequencePoints>
              <BranchPoints />
            </Method>
            <Method visited="true" cyclomaticComplexity="0" nPathComplexity="0" sequenceCoverage="100.0" branchCoverage="0" crapScore="0" isConstructor="true" isStatic="false" isGetter="false" isSetter="false">
              <Summary numSequencePoints="3" visitedSequencePoints="3" numBranchPoints="0" visitedBranchPoints="0" sequenceCoverage="100.0" branchCoverage="0" maxCyclomaticComplexity="0" minCyclomaticComplexity="0" maxCrapScore="0" minCrapScore="0" visitedClasses="0" numClasses="0" visitedMethods="1" numMethods="1" />
              <MetadataToken>100663353</MetadataToken>
              <Name>Platformer.Mechanics.KinematicObject::KinematicObject()</Name>
              <FileRef uid="19" />
              <SequencePoints>
                <SequencePoint vc="6" uspid="1909" ordinal="0" offset="0" sl="15" sc="9" el="15" ec="9" bec="0" bev="0" fileid="19" />
                <SequencePoint vc="6" uspid="1910" ordinal="0" offset="11" sl="20" sc="9" el="20" ec="9" bec="0" bev="0" fileid="19" />
                <SequencePoint vc="6" uspid="1911" ordinal="0" offset="22" sl="37" sc="9" el="37" ec="9" bec="0" bev="0" fileid="19" />
              </SequencePoints>
              <BranchPoints />
            </Method>
          </Methods>
        </Class>
        <Class>
          <Summary numSequencePoints="16" visitedSequencePoints="16" numBranchPoints="0" visitedBranchPoints="0" sequenceCoverage="100.0" branchCoverage="0.0" maxCyclomaticComplexity="0" minCyclomaticComplexity="0" maxCrapScore="0" minCrapScore="0" visitedClasses="1" numClasses="1" visitedMethods="3" numMethods="3" />
          <FullName>Platformer.Mechanics.PlayerController</FullName>
          <Methods>
            <Method visited="true" cyclomaticComplexity="0" nPathComplexity="0" sequenceCoverage="100.0" branchCoverage="0" crapScore="0" isConstructor="false" isStatic="false" isGetter="true" isSetter="false">
              <Summary numSequencePoints="1" visitedSequencePoints="1" numBranchPoints="0" visitedBranchPoints="0" sequenceCoverage="100.0" branchCoverage="0" maxCyclomaticComplexity="0" minCyclomaticComplexity="0" maxCrapScore="0" minCrapScore="0" visitedClasses="0" numClasses="0" visitedMethods="1" numMethods="1" />
              <MetadataToken>100663357</MetadataToken>
              <Name>UnityEngine.Bounds Platformer.Mechanics.PlayerController::get_Bounds()</Name>
              <FileRef uid="21" />
              <SequencePoints>
                <SequencePoint vc="2" uspid="1917" ordinal="0" offset="0" sl="50" sc="33" el="50" ec="33" bec="0" bev="0" fileid="21" />
              </SequencePoints>
              <BranchPoints />
            </Method>
            <Method visited="true" cyclomaticComplexity="0" nPathComplexity="0" sequenceCoverage="100.0" branchCoverage="0" crapScore="0" isConstructor="false" isStatic="false" isGetter="false" isSetter="false">
              <Summary numSequencePoints="9" visitedSequencePoints="9" numBranchPoints="0" visitedBranchPoints="0" sequenceCoverage="100.0" branchCoverage="0" maxCyclomaticComplexity="0" minCyclomaticComplexity="0" maxCrapScore="0" minCrapScore="0" visitedClasses="0" numClasses="0" visitedMethods="1" numMethods="1" />
              <MetadataToken>100663363</MetadataToken>
              <Name>System.Void Platformer.Mechanics.PlayerController::Awake()</Name>
              <FileRef uid="21" />
              <SequencePoints>
                <SequencePoint vc="5" uspid="1923" ordinal="0" offset="0" sl="64" sc="9" el="64" ec="9" bec="0" bev="0" fileid="21" />
                <SequencePoint vc="5" uspid="1924" ordinal="0" offset="1" sl="65" sc="13" el="65" ec="13" bec="0" bev="0" fileid="21" />
                <SequencePoint vc="5" uspid="1925" ordinal="0" offset="13" sl="66" sc="13" el="66" ec="13" bec="0" bev="0" fileid="21" />
                <SequencePoint vc="5" uspid="1926" ordinal="0" offset="25" sl="67" sc="13" el="67" ec="13" bec="0" bev="0" fileid="21" />
                <SequencePoint vc="5" uspid="1927" ordinal="0" offset="37" sl="68" sc="13" el="68" ec="13" bec="0" bev="0" fileid="21" />
                <SequencePoint vc="5" uspid="1928" ordinal="0" offset="49" sl="69" sc="13" el="69" ec="13" bec="0" bev="0" fileid="21" />
                <SequencePoint vc="5" uspid="1929" ordinal="0" offset="61" sl="71" sc="13" el="71" ec="13" bec="0" bev="0" fileid="21" />
                <SequencePoint vc="5" uspid="1930" ordinal="0" offset="83" sl="72" sc="13" el="72" ec="13" bec="0" bev="0" fileid="21" />
                <SequencePoint vc="5" uspid="1931" ordinal="0" offset="105" sl="73" sc="9" el="73" ec="9" bec="0" bev="0" fileid="21" />
              </SequencePoints>
              <BranchPoints />
            </Method>
            <Method visited="true" cyclomaticComplexity="0" nPathComplexity="0" sequenceCoverage="100.0" branchCoverage="0" crapScore="0" isConstructor="true" isStatic="false" isGetter="false" isSetter="false">
              <Summary numSequencePoints="6" visitedSequencePoints="6" numBranchPoints="0" visitedBranchPoints="0" sequenceCoverage="100.0" branchCoverage="0" maxCyclomaticComplexity="0" minCyclomaticComplexity="0" maxCrapScore="0" minCrapScore="0" visitedClasses="0" numClasses="0" visitedMethods="1" numMethods="1" />
              <MetadataToken>100663366</MetadataToken>
              <Name>Platformer.Mechanics.PlayerController::PlayerController()</Name>
              <FileRef uid="21" />
              <SequencePoints>
                <SequencePoint vc="5" uspid="1971" ordinal="0" offset="0" sl="30" sc="9" el="30" ec="9" bec="0" bev="0" fileid="21" />
                <SequencePoint vc="5" uspid="1972" ordinal="0" offset="11" sl="34" sc="9" el="34" ec="9" bec="0" bev="0" fileid="21" />
                <SequencePoint vc="5" uspid="1973" ordinal="0" offset="22" sl="36" sc="9" el="36" ec="9" bec="0" bev="0" fileid="21" />
                <SequencePoint vc="5" uspid="1974" ordinal="0" offset="29" sl="40" sc="9" el="40" ec="9" bec="0" bev="0" fileid="21" />
                <SequencePoint vc="5" uspid="1975" ordinal="0" offset="36" sl="45" sc="9" el="45" ec="9" bec="0" bev="0" fileid="21" />
                <SequencePoint vc="5" uspid="1976" ordinal="0" offset="47" sl="52" sc="9" el="52" ec="9" bec="0" bev="0" fileid="21" />
              </SequencePoints>
              <BranchPoints />
            </Method>
          </Methods>
        </Class>
        <Class>
          <Summary numSequencePoints="27" visitedSequencePoints="24" numBranchPoints="0" visitedBranchPoints="0" sequenceCoverage="88.89" branchCoverage="0.0" maxCyclomaticComplexity="0" minCyclomaticComplexity="0" maxCrapScore="0" minCrapScore="0" visitedClasses="1" numClasses="1" visitedMethods="4" numMethods="4" />
          <FullName>Platformer.Mechanics.TokenInstance</FullName>
          <Methods>
            <Method visited="true" cyclomaticComplexity="0" nPathComplexity="0" sequenceCoverage="83.33" branchCoverage="0" crapScore="0" isConstructor="false" isStatic="false" isGetter="false" isSetter="false">
              <Summary numSequencePoints="6" visitedSequencePoints="5" numBranchPoints="0" visitedBranchPoints="0" sequenceCoverage="83.33" branchCoverage="0" maxCyclomaticComplexity="0" minCyclomaticComplexity="0" maxCrapScore="0" minCrapScore="0" visitedClasses="0" numClasses="0" visitedMethods="1" numMethods="1" />
              <MetadataToken>100663372</MetadataToken>
              <Name>System.Void Platformer.Mechanics.TokenInstance::Awake()</Name>
              <FileRef uid="23" />
              <SequencePoints>
                <SequencePoint vc="4" uspid="2017" ordinal="0" offset="0" sl="34" sc="9" el="34" ec="9" bec="0" bev="0" fileid="23" />
                <SequencePoint vc="4" uspid="2018" ordinal="0" offset="1" sl="35" sc="13" el="35" ec="13" bec="0" bev="0" fileid="23" />
                <SequencePoint vc="4" uspid="2019" ordinal="0" offset="13" sl="36" sc="13" el="36" ec="13" bec="0" bev="0" fileid="23" />
                <SequencePoint vc="0" uspid="2020" ordinal="0" offset="23" sl="37" sc="17" el="37" ec="17" bec="0" bev="0" fileid="23" />
                <SequencePoint vc="4" uspid="2021" ordinal="0" offset="43" sl="38" sc="13" el="38" ec="13" bec="0" bev="0" fileid="23" />
                <SequencePoint vc="4" uspid="2022" ordinal="0" offset="55" sl="39" sc="9" el="39" ec="9" bec="0" bev="0" fileid="23" />
              </SequencePoints>
              <BranchPoints />
            </Method>
            <Method visited="true" cyclomaticComplexity="0" nPathComplexity="0" sequenceCoverage="100.0" branchCoverage="0" crapScore="0" isConstructor="false" isStatic="false" isGetter="false" isSetter="false">
              <Summary numSequencePoints="5" visitedSequencePoints="5" numBranchPoints="0" visitedBranchPoints="0" sequenceCoverage="100.0" branchCoverage="0" maxCyclomaticComplexity="0" minCyclomaticComplexity="0" maxCrapScore="0" minCrapScore="0" visitedClasses="0" numClasses="0" visitedMethods="1" numMethods="1" />
              <MetadataToken>100663373</MetadataToken>
              <Name>System.Void Platformer.Mechanics.TokenInstance::OnTriggerEnter2D(UnityEngine.Collider2D)</Name>
              <FileRef uid="23" />
              <SequencePoints>
                <SequencePoint vc="8" uspid="2023" ordinal="0" offset="0" sl="42" sc="9" el="42" ec="9" bec="0" bev="0" fileid="23" />
                <SequencePoint vc="8" uspid="2024" ordinal="0" offset="1" sl="44" sc="13" el="44" ec="13" bec="0" bev="0" fileid="23" />
                <SequencePoint vc="8" uspid="2025" ordinal="0" offset="13" sl="45" sc="13" el="45" ec="13" bec="0" bev="0" fileid="23" />
                <SequencePoint vc="2" uspid="2026" ordinal="0" offset="24" sl="45" sc="33" el="45" ec="33" bec="0" bev="0" fileid="23" />
                <SequencePoint vc="8" uspid="2027" ordinal="0" offset="32" sl="46" sc="9" el="46" ec="9" bec="0" bev="0" fileid="23" />
              </SequencePoints>
              <BranchPoints />
            </Method>
            <Method visited="true" cyclomaticComplexity="0" nPathComplexity="0" sequenceCoverage="81.82" branchCoverage="0" crapScore="0" isConstructor="false" isStatic="false" isGetter="false" isSetter="false">
              <Summary numSequencePoints="11" visitedSequencePoints="9" numBranchPoints="0" visitedBranchPoints="0" sequenceCoverage="81.82" branchCoverage="0" maxCyclomaticComplexity="0" minCyclomaticComplexity="0" maxCrapScore="0" minCrapScore="0" visitedClasses="0" numClasses="0" visitedMethods="1" numMethods="1" />
              <MetadataToken>100663374</MetadataToken>
              <Name>System.Void Platformer.Mechanics.TokenInstance::OnPlayerEnter(Platformer.Mechanics.PlayerController)</Name>
              <FileRef uid="23" />
              <SequencePoints>
                <SequencePoint vc="2" uspid="2028" ordinal="0" offset="0" sl="49" sc="9" el="49" ec="9" bec="0" bev="0" fileid="23" />
                <SequencePoint vc="2" uspid="2029" ordinal="0" offset="1" sl="50" sc="13" el="50" ec="13" bec="0" bev="0" fileid="23" />
                <SequencePoint vc="0" uspid="2030" ordinal="0" offset="11" sl="50" sc="28" el="50" ec="28" bec="0" bev="0" fileid="23" />
                <SequencePoint vc="2" uspid="2031" ordinal="0" offset="13" sl="52" sc="13" el="52" ec="13" bec="0" bev="0" fileid="23" />
                <SequencePoint vc="2" uspid="2032" ordinal="0" offset="20" sl="53" sc="13" el="53" ec="13" bec="0" bev="0" fileid="23" />
                <SequencePoint vc="2" uspid="2033" ordinal="0" offset="32" sl="54" sc="13" el="54" ec="13" bec="0" bev="0" fileid="23" />
                <SequencePoint vc="0" uspid="2034" ordinal="0" offset="48" sl="55" sc="17" el="55" ec="17" bec="0" bev="0" fileid="23" />
                <SequencePoint vc="2" uspid="2035" ordinal="0" offset="55" sl="57" sc="13" el="57" ec="13" bec="0" bev="0" fileid="23" />
                <SequencePoint vc="2" uspid="2036" ordinal="0" offset="66" sl="58" sc="13" el="58" ec="13" bec="0" bev="0" fileid="23" />
                <SequencePoint vc="2" uspid="2037" ordinal="0" offset="73" sl="59" sc="13" el="59" ec="13" bec="0" bev="0" fileid="23" />
                <SequencePoint vc="2" uspid="2038" ordinal="0" offset="80" sl="60" sc="9" el="60" ec="9" bec="0" bev="0" fileid="23" />
              </SequencePoints>
              <BranchPoints />
            </Method>
            <Method visited="true" cyclomaticComplexity="0" nPathComplexity="0" sequenceCoverage="100.0" branchCoverage="0" crapScore="0" isConstructor="true" isStatic="false" isGetter="false" isSetter="false">
              <Summary numSequencePoints="5" visitedSequencePoints="5" numBranchPoints="0" visitedBranchPoints="0" sequenceCoverage="100.0" branchCoverage="0" maxCyclomaticComplexity="0" minCyclomaticComplexity="0" maxCrapScore="0" minCrapScore="0" visitedClasses="0" numClasses="0" visitedMethods="1" numMethods="1" />
              <MetadataToken>100663375</MetadataToken>
              <Name>Platformer.Mechanics.TokenInstance::TokenInstance()</Name>
              <FileRef uid="23" />
              <SequencePoints>
                <SequencePoint vc="4" uspid="2039" ordinal="0" offset="0" sl="18" sc="9" el="18" ec="9" bec="0" bev="0" fileid="23" />
                <SequencePoint vc="4" uspid="2040" ordinal="0" offset="7" sl="22" sc="9" el="22" ec="9" bec="0" bev="0" fileid="23" />
                <SequencePoint vc="4" uspid="2041" ordinal="0" offset="19" sl="27" sc="9" el="27" ec="9" bec="0" bev="0" fileid="23" />
                <SequencePoint vc="4" uspid="2042" ordinal="0" offset="26" sl="30" sc="9" el="30" ec="9" bec="0" bev="0" fileid="23" />
                <SequencePoint vc="4" uspid="2043" ordinal="0" offset="33" sl="31" sc="9" el="31" ec="9" bec="0" bev="0" fileid="23" />
              </SequencePoints>
              <BranchPoints />
            </Method>
          </Methods>
        </Class>
        <Class>
          <Summary numSequencePoints="3" visitedSequencePoints="3" numBranchPoints="0" visitedBranchPoints="0" sequenceCoverage="100.0" branchCoverage="0.0" maxCyclomaticComplexity="0" minCyclomaticComplexity="0" maxCrapScore="0" minCrapScore="0" visitedClasses="1" numClasses="1" visitedMethods="1" numMethods="1" />
          <FullName>Platformer.Gameplay.HealthIsZero</FullName>
          <Methods>
            <Method visited="true" cyclomaticComplexity="0" nPathComplexity="0" sequenceCoverage="100.0" branchCoverage="0" crapScore="0" isConstructor="false" isStatic="false" isGetter="false" isSetter="false">
              <Summary numSequencePoints="3" visitedSequencePoints="3" numBranchPoints="0" visitedBranchPoints="0" sequenceCoverage="100.0" branchCoverage="0" maxCyclomaticComplexity="0" minCyclomaticComplexity="0" maxCrapScore="0" minCrapScore="0" visitedClasses="0" numClasses="0" visitedMethods="1" numMethods="1" />
              <MetadataToken>100663388</MetadataToken>
              <Name>System.Void Platformer.Gameplay.HealthIsZero::Execute()</Name>
              <FileRef uid="27" />
              <SequencePoints>
                <SequencePoint vc="4" uspid="2063" ordinal="0" offset="0" sl="17" sc="9" el="17" ec="9" bec="0" bev="0" fileid="27" />
                <SequencePoint vc="4" uspid="2064" ordinal="0" offset="1" sl="18" sc="13" el="18" ec="13" bec="0" bev="0" fileid="27" />
                <SequencePoint vc="4" uspid="2065" ordinal="0" offset="12" sl="19" sc="9" el="19" ec="9" bec="0" bev="0" fileid="27" />
              </SequencePoints>
              <BranchPoints />
            </Method>
          </Methods>
        </Class>
        <Class>
          <Summary numSequencePoints="16" visitedSequencePoints="15" numBranchPoints="0" visitedBranchPoints="0" sequenceCoverage="93.75" branchCoverage="0.0" maxCyclomaticComplexity="0" minCyclomaticComplexity="0" maxCrapScore="0" minCrapScore="0" visitedClasses="1" numClasses="1" visitedMethods="2" numMethods="2" />
          <FullName>Platformer.Gameplay.PlayerDeath</FullName>
          <Methods>
            <Method visited="true" cyclomaticComplexity="0" nPathComplexity="0" sequenceCoverage="93.33" branchCoverage="0" crapScore="0" isConstructor="false" isStatic="false" isGetter="false" isSetter="false">
              <Summary numSequencePoints="15" visitedSequencePoints="14" numBranchPoints="0" visitedBranchPoints="0" sequenceCoverage="93.33" branchCoverage="0" maxCyclomaticComplexity="0" minCyclomaticComplexity="0" maxCrapScore="0" minCrapScore="0" visitedClasses="0" numClasses="0" visitedMethods="1" numMethods="1" />
              <MetadataToken>100663390</MetadataToken>
              <Name>System.Void Platformer.Gameplay.PlayerDeath::Execute()</Name>
              <FileRef uid="28" />
              <SequencePoints>
                <SequencePoint vc="8" uspid="2066" ordinal="0" offset="0" sl="18" sc="9" el="18" ec="9" bec="0" bev="0" fileid="28" />
                <SequencePoint vc="8" uspid="2067" ordinal="0" offset="1" sl="19" sc="13" el="19" ec="13" bec="0" bev="0" fileid="28" />
                <SequencePoint vc="8" uspid="2068" ordinal="0" offset="13" sl="20" sc="13" el="20" ec="13" bec="0" bev="0" fileid="28" />
                <SequencePoint vc="3" uspid="2069" ordinal="0" offset="31" sl="21" sc="13" el="21" ec="13" bec="0" bev="0" fileid="28" />
                <SequencePoint vc="3" uspid="2070" ordinal="0" offset="32" sl="22" sc="17" el="22" ec="17" bec="0" bev="0" fileid="28" />
                <SequencePoint vc="3" uspid="2071" ordinal="0" offset="44" sl="23" sc="17" el="23" ec="17" bec="0" bev="0" fileid="28" />
                <SequencePoint vc="3" uspid="2072" ordinal="0" offset="62" sl="24" sc="17" el="24" ec="17" bec="0" bev="0" fileid="28" />
                <SequencePoint vc="3" uspid="2073" ordinal="0" offset="80" sl="26" sc="17" el="26" ec="17" bec="0" bev="0" fileid="28" />
                <SequencePoint vc="3" uspid="2074" ordinal="0" offset="87" sl="28" sc="17" el="28" ec="17" bec="0" bev="0" fileid="28" />
                <SequencePoint vc="0" uspid="2075" ordinal="0" offset="118" sl="29" sc="21" el="29" ec="21" bec="0" bev="0" fileid="28" />
                <SequencePoint vc="3" uspid="2076" ordinal="0" offset="136" sl="30" sc="17" el="30" ec="17" bec="0" bev="0" fileid="28" />
                <SequencePoint vc="3" uspid="2077" ordinal="0" offset="153" sl="31" sc="17" el="31" ec="17" bec="0" bev="0" fileid="28" />
                <SequencePoint vc="3" uspid="2078" ordinal="0" offset="171" sl="32" sc="17" el="32" ec="17" bec="0" bev="0" fileid="28" />
                <SequencePoint vc="3" uspid="2079" ordinal="0" offset="182" sl="33" sc="13" el="33" ec="13" bec="0" bev="0" fileid="28" />
                <SequencePoint vc="8" uspid="2080" ordinal="0" offset="183" sl="34" sc="9" el="34" ec="9" bec="0" bev="0" fileid="28" />
              </SequencePoints>
              <BranchPoints />
            </Method>
            <Method visited="true" cyclomaticComplexity="0" nPathComplexity="0" sequenceCoverage="100.0" branchCoverage="0" crapScore="0" isConstructor="true" isStatic="false" isGetter="false" isSetter="false">
              <Summary numSequencePoints="1" visitedSequencePoints="1" numBranchPoints="0" visitedBranchPoints="0" sequenceCoverage="100.0" branchCoverage="0" maxCyclomaticComplexity="0" minCyclomaticComplexity="0" maxCrapScore="0" minCrapScore="0" visitedClasses="0" numClasses="0" visitedMethods="1" numMethods="1" />
              <MetadataToken>100663391</MetadataToken>
              <Name>Platformer.Gameplay.PlayerDeath::PlayerDeath()</Name>
              <FileRef uid="28" />
              <SequencePoints>
                <SequencePoint vc="1" uspid="2081" ordinal="0" offset="0" sl="15" sc="9" el="15" ec="9" bec="0" bev="0" fileid="28" />
              </SequencePoints>
              <BranchPoints />
            </Method>
          </Methods>
        </Class>
        <Class>
          <Summary numSequencePoints="27" visitedSequencePoints="8" numBranchPoints="0" visitedBranchPoints="0" sequenceCoverage="29.63" branchCoverage="0.0" maxCyclomaticComplexity="0" minCyclomaticComplexity="0" maxCrapScore="0" minCrapScore="0" visitedClasses="1" numClasses="1" visitedMethods="2" numMethods="2" />
          <FullName>Platformer.Gameplay.PlayerEnemyCollision</FullName>
          <Methods>
            <Method visited="true" cyclomaticComplexity="0" nPathComplexity="0" sequenceCoverage="26.92" branchCoverage="0" crapScore="0" isConstructor="false" isStatic="false" isGetter="false" isSetter="false">
              <Summary numSequencePoints="26" visitedSequencePoints="7" numBranchPoints="0" visitedBranchPoints="0" sequenceCoverage="26.92" branchCoverage="0" maxCyclomaticComplexity="0" minCyclomaticComplexity="0" maxCrapScore="0" minCrapScore="0" visitedClasses="0" numClasses="0" visitedMethods="1" numMethods="1" />
              <MetadataToken>100663392</MetadataToken>
              <Name>System.Void Platformer.Gameplay.PlayerEnemyCollision::Execute()</Name>
              <FileRef uid="29" />
              <SequencePoints>
                <SequencePoint vc="2" uspid="2082" ordinal="0" offset="0" sl="22" sc="9" el="22" ec="9" bec="0" bev="0" fileid="29" />
                <SequencePoint vc="2" uspid="2083" ordinal="0" offset="1" sl="23" sc="13" el="23" ec="13" bec="0" bev="0" fileid="29" />
                <SequencePoint vc="2" uspid="2084" ordinal="0" offset="55" sl="25" sc="13" el="25" ec="13" bec="0" bev="0" fileid="29" />
                <SequencePoint vc="0" uspid="2085" ordinal="0" offset="63" sl="26" sc="13" el="26" ec="13" bec="0" bev="0" fileid="29" />
                <SequencePoint vc="0" uspid="2086" ordinal="0" offset="64" sl="27" sc="17" el="27" ec="17" bec="0" bev="0" fileid="29" />
                <SequencePoint vc="0" uspid="2087" ordinal="0" offset="76" sl="28" sc="17" el="28" ec="17" bec="0" bev="0" fileid="29" />
                <SequencePoint vc="0" uspid="2088" ordinal="0" offset="89" sl="29" sc="17" el="29" ec="17" bec="0" bev="0" fileid="29" />
                <SequencePoint vc="0" uspid="2089" ordinal="0" offset="90" sl="30" sc="21" el="30" ec="21" bec="0" bev="0" fileid="29" />
                <SequencePoint vc="0" uspid="2090" ordinal="0" offset="97" sl="31" sc="21" el="31" ec="21" bec="0" bev="0" fileid="29" />
                <SequencePoint vc="0" uspid="2091" ordinal="0" offset="112" sl="32" sc="21" el="32" ec="21" bec="0" bev="0" fileid="29" />
                <SequencePoint vc="0" uspid="2092" ordinal="0" offset="113" sl="33" sc="25" el="33" ec="25" bec="0" bev="0" fileid="29" />
                <SequencePoint vc="0" uspid="2093" ordinal="0" offset="134" sl="34" sc="25" el="34" ec="25" bec="0" bev="0" fileid="29" />
                <SequencePoint vc="0" uspid="2094" ordinal="0" offset="151" sl="35" sc="21" el="35" ec="21" bec="0" bev="0" fileid="29" />
                <SequencePoint vc="0" uspid="2095" ordinal="0" offset="154" sl="37" sc="21" el="37" ec="21" bec="0" bev="0" fileid="29" />
                <SequencePoint vc="0" uspid="2096" ordinal="0" offset="155" sl="38" sc="25" el="38" ec="25" bec="0" bev="0" fileid="29" />
                <SequencePoint vc="0" uspid="2097" ordinal="0" offset="172" sl="39" sc="21" el="39" ec="21" bec="0" bev="0" fileid="29" />
                <SequencePoint vc="0" uspid="2098" ordinal="0" offset="173" sl="40" sc="17" el="40" ec="17" bec="0" bev="0" fileid="29" />
                <SequencePoint vc="0" uspid="2099" ordinal="0" offset="176" sl="42" sc="17" el="42" ec="17" bec="0" bev="0" fileid="29" />
                <SequencePoint vc="0" uspid="2100" ordinal="0" offset="177" sl="43" sc="21" el="43" ec="21" bec="0" bev="0" fileid="29" />
                <SequencePoint vc="0" uspid="2101" ordinal="0" offset="198" sl="44" sc="21" el="44" ec="21" bec="0" bev="0" fileid="29" />
                <SequencePoint vc="0" uspid="2102" ordinal="0" offset="215" sl="45" sc="17" el="45" ec="17" bec="0" bev="0" fileid="29" />
                <SequencePoint vc="0" uspid="2103" ordinal="0" offset="216" sl="46" sc="13" el="46" ec="13" bec="0" bev="0" fileid="29" />
                <SequencePoint vc="2" uspid="2104" ordinal="0" offset="219" sl="48" sc="13" el="48" ec="13" bec="0" bev="0" fileid="29" />
                <SequencePoint vc="2" uspid="2105" ordinal="0" offset="220" sl="49" sc="17" el="49" ec="17" bec="0" bev="0" fileid="29" />
                <SequencePoint vc="2" uspid="2106" ordinal="0" offset="231" sl="50" sc="13" el="50" ec="13" bec="0" bev="0" fileid="29" />
                <SequencePoint vc="2" uspid="2107" ordinal="0" offset="232" sl="51" sc="9" el="51" ec="9" bec="0" bev="0" fileid="29" />
              </SequencePoints>
              <BranchPoints />
            </Method>
            <Method visited="true" cyclomaticComplexity="0" nPathComplexity="0" sequenceCoverage="100.0" branchCoverage="0" crapScore="0" isConstructor="true" isStatic="false" isGetter="false" isSetter="false">
              <Summary numSequencePoints="1" visitedSequencePoints="1" numBranchPoints="0" visitedBranchPoints="0" sequenceCoverage="100.0" branchCoverage="0" maxCyclomaticComplexity="0" minCyclomaticComplexity="0" maxCrapScore="0" minCrapScore="0" visitedClasses="0" numClasses="0" visitedMethods="1" numMethods="1" />
              <MetadataToken>100663393</MetadataToken>
              <Name>Platformer.Gameplay.PlayerEnemyCollision::PlayerEnemyCollision()</Name>
              <FileRef uid="29" />
              <SequencePoints>
                <SequencePoint vc="1" uspid="2108" ordinal="0" offset="0" sl="19" sc="9" el="19" ec="9" bec="0" bev="0" fileid="29" />
              </SequencePoints>
              <BranchPoints />
            </Method>
          </Methods>
        </Class>
        <Class>
          <Summary numSequencePoints="4" visitedSequencePoints="4" numBranchPoints="0" visitedBranchPoints="0" sequenceCoverage="100.0" branchCoverage="0.0" maxCyclomaticComplexity="0" minCyclomaticComplexity="0" maxCrapScore="0" minCrapScore="0" visitedClasses="1" numClasses="1" visitedMethods="2" numMethods="2" />
          <FullName>Platformer.Gameplay.PlayerEnteredDeathZone</FullName>
          <Methods>
            <Method visited="true" cyclomaticComplexity="0" nPathComplexity="0" sequenceCoverage="100.0" branchCoverage="0" crapScore="0" isConstructor="false" isStatic="false" isGetter="false" isSetter="false">
              <Summary numSequencePoints="3" visitedSequencePoints="3" numBranchPoints="0" visitedBranchPoints="0" sequenceCoverage="100.0" branchCoverage="0" maxCyclomaticComplexity="0" minCyclomaticComplexity="0" maxCrapScore="0" minCrapScore="0" visitedClasses="0" numClasses="0" visitedMethods="1" numMethods="1" />
              <MetadataToken>100663394</MetadataToken>
              <Name>System.Void Platformer.Gameplay.PlayerEnteredDeathZone::Execute()</Name>
              <FileRef uid="30" />
              <SequencePoints>
                <SequencePoint vc="1" uspid="2109" ordinal="0" offset="0" sl="18" sc="9" el="18" ec="9" bec="0" bev="0" fileid="30" />
                <SequencePoint vc="1" uspid="2110" ordinal="0" offset="1" sl="19" sc="13" el="19" ec="13" bec="0" bev="0" fileid="30" />
                <SequencePoint vc="1" uspid="2111" ordinal="0" offset="12" sl="20" sc="9" el="20" ec="9" bec="0" bev="0" fileid="30" />
              </SequencePoints>
              <BranchPoints />
            </Method>
            <Method visited="true" cyclomaticComplexity="0" nPathComplexity="0" sequenceCoverage="100.0" branchCoverage="0" crapScore="0" isConstructor="true" isStatic="false" isGetter="false" isSetter="false">
              <Summary numSequencePoints="1" visitedSequencePoints="1" numBranchPoints="0" visitedBranchPoints="0" sequenceCoverage="100.0" branchCoverage="0" maxCyclomaticComplexity="0" minCyclomaticComplexity="0" maxCrapScore="0" minCrapScore="0" visitedClasses="0" numClasses="0" visitedMethods="1" numMethods="1" />
              <MetadataToken>100663395</MetadataToken>
              <Name>Platformer.Gameplay.PlayerEnteredDeathZone::PlayerEnteredDeathZone()</Name>
              <FileRef uid="30" />
              <SequencePoints>
                <SequencePoint vc="1" uspid="2112" ordinal="0" offset="0" sl="15" sc="9" el="15" ec="9" bec="0" bev="0" fileid="30" />
              </SequencePoints>
              <BranchPoints />
            </Method>
          </Methods>
        </Class>
        <Class>
          <Summary numSequencePoints="1" visitedSequencePoints="1" numBranchPoints="0" visitedBranchPoints="0" sequenceCoverage="100.0" branchCoverage="0.0" maxCyclomaticComplexity="0" minCyclomaticComplexity="0" maxCrapScore="0" minCrapScore="0" visitedClasses="1" numClasses="1" visitedMethods="1" numMethods="1" />
          <FullName>Platformer.Gameplay.PlayerJumpLogic</FullName>
          <Methods>
            <Method visited="true" cyclomaticComplexity="0" nPathComplexity="0" sequenceCoverage="100.0" branchCoverage="0" crapScore="0" isConstructor="true" isStatic="false" isGetter="false" isSetter="false">
              <Summary numSequencePoints="1" visitedSequencePoints="1" numBranchPoints="0" visitedBranchPoints="0" sequenceCoverage="100.0" branchCoverage="0" maxCyclomaticComplexity="0" minCyclomaticComplexity="0" maxCrapScore="0" minCrapScore="0" visitedClasses="0" numClasses="0" visitedMethods="1" numMethods="1" />
              <MetadataToken>100663404</MetadataToken>
              <Name>Platformer.Gameplay.PlayerJumpLogic::PlayerJumpLogic()</Name>
              <FileRef uid="33" />
              <SequencePoints>
                <SequencePoint vc="5" uspid="2158" ordinal="0" offset="0" sl="19" sc="56" el="19" ec="56" bec="0" bev="0" fileid="33" />
              </SequencePoints>
              <BranchPoints />
            </Method>
          </Methods>
        </Class>
        <Class>
          <Summary numSequencePoints="1" visitedSequencePoints="1" numBranchPoints="0" visitedBranchPoints="0" sequenceCoverage="100.0" branchCoverage="0.0" maxCyclomaticComplexity="0" minCyclomaticComplexity="0" maxCrapScore="0" minCrapScore="0" visitedClasses="1" numClasses="1" visitedMethods="1" numMethods="1" />
          <FullName>Platformer.Gameplay.PlayerSpawn</FullName>
          <Methods>
            <Method visited="true" cyclomaticComplexity="0" nPathComplexity="0" sequenceCoverage="100.0" branchCoverage="0" crapScore="0" isConstructor="true" isStatic="false" isGetter="false" isSetter="false">
              <Summary numSequencePoints="1" visitedSequencePoints="1" numBranchPoints="0" visitedBranchPoints="0" sequenceCoverage="100.0" branchCoverage="0" maxCyclomaticComplexity="0" minCyclomaticComplexity="0" maxCrapScore="0" minCrapScore="0" visitedClasses="0" numClasses="0" visitedMethods="1" numMethods="1" />
              <MetadataToken>100663408</MetadataToken>
              <Name>Platformer.Gameplay.PlayerSpawn::PlayerSpawn()</Name>
              <FileRef uid="35" />
              <SequencePoints>
                <SequencePoint vc="3" uspid="2175" ordinal="0" offset="0" sl="11" sc="9" el="11" ec="9" bec="0" bev="0" fileid="35" />
              </SequencePoints>
              <BranchPoints />
            </Method>
          </Methods>
        </Class>
        <Class>
          <Summary numSequencePoints="4" visitedSequencePoints="4" numBranchPoints="0" visitedBranchPoints="0" sequenceCoverage="100.0" branchCoverage="0.0" maxCyclomaticComplexity="0" minCyclomaticComplexity="0" maxCrapScore="0" minCrapScore="0" visitedClasses="1" numClasses="1" visitedMethods="2" numMethods="2" />
          <FullName>Platformer.Gameplay.PlayerTokenCollision</FullName>
          <Methods>
            <Method visited="true" cyclomaticComplexity="0" nPathComplexity="0" sequenceCoverage="100.0" branchCoverage="0" crapScore="0" isConstructor="false" isStatic="false" isGetter="false" isSetter="false">
              <Summary numSequencePoints="3" visitedSequencePoints="3" numBranchPoints="0" visitedBranchPoints="0" sequenceCoverage="100.0" branchCoverage="0" maxCyclomaticComplexity="0" minCyclomaticComplexity="0" maxCrapScore="0" minCrapScore="0" visitedClasses="0" numClasses="0" visitedMethods="1" numMethods="1" />
              <MetadataToken>100663411</MetadataToken>
              <Name>System.Void Platformer.Gameplay.PlayerTokenCollision::Execute()</Name>
              <FileRef uid="37" />
              <SequencePoints>
                <SequencePoint vc="2" uspid="2178" ordinal="0" offset="0" sl="20" sc="9" el="20" ec="9" bec="0" bev="0" fileid="37" />
                <SequencePoint vc="2" uspid="2179" ordinal="0" offset="1" sl="21" sc="13" el="21" ec="13" bec="0" bev="0" fileid="37" />
                <SequencePoint vc="2" uspid="2180" ordinal="0" offset="34" sl="22" sc="9" el="22" ec="9" bec="0" bev="0" fileid="37" />
              </SequencePoints>
              <BranchPoints />
            </Method>
            <Method visited="true" cyclomaticComplexity="0" nPathComplexity="0" sequenceCoverage="100.0" branchCoverage="0" crapScore="0" isConstructor="true" isStatic="false" isGetter="false" isSetter="false">
              <Summary numSequencePoints="1" visitedSequencePoints="1" numBranchPoints="0" visitedBranchPoints="0" sequenceCoverage="100.0" branchCoverage="0" maxCyclomaticComplexity="0" minCyclomaticComplexity="0" maxCrapScore="0" minCrapScore="0" visitedClasses="0" numClasses="0" visitedMethods="1" numMethods="1" />
              <MetadataToken>100663412</MetadataToken>
              <Name>Platformer.Gameplay.PlayerTokenCollision::PlayerTokenCollision()</Name>
              <FileRef uid="37" />
              <SequencePoints>
                <SequencePoint vc="1" uspid="2181" ordinal="0" offset="0" sl="17" sc="9" el="17" ec="9" bec="0" bev="0" fileid="37" />
              </SequencePoints>
              <BranchPoints />
            </Method>
          </Methods>
        </Class>
        <Class>
          <Summary numSequencePoints="67" visitedSequencePoints="54" numBranchPoints="0" visitedBranchPoints="0" sequenceCoverage="80.60" branchCoverage="0.0" maxCyclomaticComplexity="0" minCyclomaticComplexity="0" maxCrapScore="0" minCrapScore="0" visitedClasses="1" numClasses="1" visitedMethods="7" numMethods="13" />
          <FullName>Platformer.Core.HeapQueue[T]</FullName>
          <Methods>
            <Method visited="true" cyclomaticComplexity="0" nPathComplexity="0" sequenceCoverage="100.0" branchCoverage="0" crapScore="0" isConstructor="false" isStatic="false" isGetter="true" isSetter="false">
              <Summary numSequencePoints="3" visitedSequencePoints="3" numBranchPoints="0" visitedBranchPoints="0" sequenceCoverage="100.0" branchCoverage="0" maxCyclomaticComplexity="0" minCyclomaticComplexity="0" maxCrapScore="0" minCrapScore="0" visitedClasses="0" numClasses="0" visitedMethods="1" numMethods="1" />
              <MetadataToken>100663417</MetadataToken>
              <Name>System.Int32 Platformer.Core.HeapQueue[T]::get_Count()</Name>
              <FileRef uid="39" />
              <SequencePoints>
                <SequencePoint vc="77" uspid="2196" ordinal="0" offset="0" sl="14" sc="0" el="14" ec="0" bec="0" bev="0" fileid="39" />
                <SequencePoint vc="77" uspid="2197" ordinal="0" offset="1" sl="14" sc="0" el="14" ec="0" bec="0" bev="0" fileid="39" />
                <SequencePoint vc="77" uspid="2198" ordinal="0" offset="15" sl="14" sc="0" el="14" ec="0" bec="0" bev="0" fileid="39" />
              </SequencePoints>
              <BranchPoints />
            </Method>
            <Method visited="false" cyclomaticComplexity="0" nPathComplexity="0" sequenceCoverage="0.0" branchCoverage="0" crapScore="0" isConstructor="false" isStatic="false" isGetter="true" isSetter="false">
              <Summary numSequencePoints="3" visitedSequencePoints="0" numBranchPoints="0" visitedBranchPoints="0" sequenceCoverage="0.0" branchCoverage="0" maxCyclomaticComplexity="0" minCyclomaticComplexity="0" maxCrapScore="0" minCrapScore="0" visitedClasses="0" numClasses="0" visitedMethods="0" numMethods="1" />
              <MetadataToken>100663418</MetadataToken>
              <Name>System.Boolean Platformer.Core.HeapQueue[T]::get_IsEmpty()</Name>
              <FileRef uid="39" />
              <SequencePoints>
                <SequencePoint vc="0" uspid="2199" ordinal="0" offset="0" sl="16" sc="0" el="16" ec="0" bec="0" bev="0" fileid="39" />
                <SequencePoint vc="0" uspid="2200" ordinal="0" offset="1" sl="16" sc="0" el="16" ec="0" bec="0" bev="0" fileid="39" />
                <SequencePoint vc="0" uspid="2201" ordinal="0" offset="18" sl="16" sc="0" el="16" ec="0" bec="0" bev="0" fileid="39" />
              </SequencePoints>
              <BranchPoints />
            </Method>
            <Method visited="false" cyclomaticComplexity="0" nPathComplexity="0" sequenceCoverage="0.0" branchCoverage="0" crapScore="0" isConstructor="false" isStatic="false" isGetter="true" isSetter="false">
              <Summary numSequencePoints="3" visitedSequencePoints="0" numBranchPoints="0" visitedBranchPoints="0" sequenceCoverage="0.0" branchCoverage="0" maxCyclomaticComplexity="0" minCyclomaticComplexity="0" maxCrapScore="0" minCrapScore="0" visitedClasses="0" numClasses="0" visitedMethods="0" numMethods="1" />
              <MetadataToken>100663419</MetadataToken>
[...]
                <SequencePoint vc="1" uspid="2787" ordinal="0" offset="147" sl="116" sc="9" el="116" ec="9" bec="0" bev="0" fileid="47" />
                <SequencePoint vc="1" uspid="2788" ordinal="0" offset="170" sl="119" sc="9" el="119" ec="9" bec="0" bev="0" fileid="47" />
                <SequencePoint vc="1" uspid="2789" ordinal="0" offset="186" sl="120" sc="9" el="120" ec="9" bec="0" bev="0" fileid="47" />
                <SequencePoint vc="1" uspid="2790" ordinal="0" offset="203" sl="121" sc="9" el="121" ec="9" bec="0" bev="0" fileid="47" />
                <SequencePoint vc="1" uspid="2791" ordinal="0" offset="220" sl="123" sc="9" el="123" ec="9" bec="0" bev="0" fileid="47" />
                <SequencePoint vc="1" uspid="2792" ordinal="0" offset="243" sl="126" sc="9" el="126" ec="9" bec="0" bev="0" fileid="47" />
                <SequencePoint vc="1" uspid="2793" ordinal="0" offset="265" sl="127" sc="9" el="127" ec="9" bec="0" bev="0" fileid="47" />
                <SequencePoint vc="1" uspid="2794" ordinal="0" offset="282" sl="128" sc="5" el="128" ec="5" bec="0" bev="0" fileid="47" />
              </SequencePoints>
              <BranchPoints />
            </Method>
          </Methods>
        </Class>
        <Class>
          <Summary numSequencePoints="9" visitedSequencePoints="9" numBranchPoints="0" visitedBranchPoints="0" sequenceCoverage="100.0" branchCoverage="0.0" maxCyclomaticComplexity="0" minCyclomaticComplexity="0" maxCrapScore="0" minCrapScore="0" visitedClasses="1" numClasses="1" visitedMethods="1" numMethods="1" />
          <FullName>PlayerDeathPlayModeTests/&lt;Player_Entered_DeathZone_Schedules_Death_And_Disables_Control&gt;d__5</FullName>
          <Methods>
            <Method visited="true" cyclomaticComplexity="0" nPathComplexity="0" sequenceCoverage="100.0" branchCoverage="0" crapScore="0" isConstructor="false" isStatic="false" isGetter="false" isSetter="false">
              <Summary numSequencePoints="9" visitedSequencePoints="9" numBranchPoints="0" visitedBranchPoints="0" sequenceCoverage="100.0" branchCoverage="0" maxCyclomaticComplexity="0" minCyclomaticComplexity="0" maxCrapScore="0" minCrapScore="0" visitedClasses="0" numClasses="0" visitedMethods="1" numMethods="1" />
              <MetadataToken>100663373</MetadataToken>
              <Name>System.Boolean PlayerDeathPlayModeTests/&lt;Player_Entered_DeathZone_Schedules_Death_And_Disables_Control&gt;d__5::MoveNext()</Name>
              <FileRef uid="47" />
              <SequencePoints>
                <SequencePoint vc="1" uspid="2795" ordinal="0" offset="31" sl="91" sc="5" el="91" ec="5" bec="0" bev="0" fileid="47" />
                <SequencePoint vc="1" uspid="2796" ordinal="0" offset="32" sl="92" sc="9" el="92" ec="9" bec="0" bev="0" fileid="47" />
                <SequencePoint vc="1" uspid="2797" ordinal="0" offset="44" sl="93" sc="9" el="93" ec="9" bec="0" bev="0" fileid="47" />
                <SequencePoint vc="1" uspid="2798" ordinal="0" offset="56" sl="95" sc="9" el="95" ec="9" bec="0" bev="0" fileid="47" />
                <SequencePoint vc="1" uspid="2799" ordinal="0" offset="78" sl="98" sc="9" el="98" ec="9" bec="0" bev="0" fileid="47" />
                <SequencePoint vc="1" uspid="2800" ordinal="0" offset="89" sl="100" sc="9" el="100" ec="9" bec="0" bev="0" fileid="47" />
                <SequencePoint vc="1" uspid="2801" ordinal="0" offset="112" sl="103" sc="9" el="103" ec="9" bec="0" bev="0" fileid="47" />
                <SequencePoint vc="1" uspid="2802" ordinal="0" offset="144" sl="104" sc="9" el="104" ec="9" bec="0" bev="0" fileid="47" />
                <SequencePoint vc="1" uspid="2803" ordinal="0" offset="171" sl="105" sc="5" el="105" ec="5" bec="0" bev="0" fileid="47" />
              </SequencePoints>
              <BranchPoints />
            </Method>
          </Methods>
        </Class>
        <Class>
          <Summary numSequencePoints="12" visitedSequencePoints="12" numBranchPoints="0" visitedBranchPoints="0" sequenceCoverage="100.0" branchCoverage="0.0" maxCyclomaticComplexity="0" minCyclomaticComplexity="0" maxCrapScore="0" minCrapScore="0" visitedClasses="1" numClasses="1" visitedMethods="1" numMethods="1" />
          <FullName>PlayerDeathPlayModeTests/&lt;Player_Health_To_Zero_Marks_NotAlive&gt;d__7</FullName>
          <Methods>
            <Method visited="true" cyclomaticComplexity="0" nPathComplexity="0" sequenceCoverage="100.0" branchCoverage="0" crapScore="0" isConstructor="false" isStatic="false" isGetter="false" isSetter="false">
              <Summary numSequencePoints="12" visitedSequencePoints="12" numBranchPoints="0" visitedBranchPoints="0" sequenceCoverage="100.0" branchCoverage="0" maxCyclomaticComplexity="0" minCyclomaticComplexity="0" maxCrapScore="0" minCrapScore="0" visitedClasses="0" numClasses="0" visitedMethods="1" numMethods="1" />
              <MetadataToken>100663379</MetadataToken>
              <Name>System.Boolean PlayerDeathPlayModeTests/&lt;Player_Health_To_Zero_Marks_NotAlive&gt;d__7::MoveNext()</Name>
              <FileRef uid="47" />
              <SequencePoints>
                <SequencePoint vc="1" uspid="2804" ordinal="0" offset="48" sl="133" sc="5" el="133" ec="5" bec="0" bev="0" fileid="47" />
                <SequencePoint vc="1" uspid="2805" ordinal="0" offset="49" sl="134" sc="9" el="134" ec="9" bec="0" bev="0" fileid="47" />
                <SequencePoint vc="1" uspid="2806" ordinal="0" offset="61" sl="135" sc="9" el="135" ec="9" bec="0" bev="0" fileid="47" />
                <SequencePoint vc="1" uspid="2807" ordinal="0" offset="73" sl="137" sc="9" el="137" ec="9" bec="0" bev="0" fileid="47" />
                <SequencePoint vc="1" uspid="2808" ordinal="0" offset="95" sl="140" sc="9" el="140" ec="9" bec="0" bev="0" fileid="47" />
                <SequencePoint vc="1" uspid="2809" ordinal="0" offset="127" sl="143" sc="9" el="143" ec="9" bec="0" bev="0" fileid="47" />
                <SequencePoint vc="1" uspid="2810" ordinal="0" offset="137" sl="145" sc="13" el="145" ec="13" bec="0" bev="0" fileid="47" />
                <SequencePoint vc="2" uspid="2811" ordinal="0" offset="154" sl="144" sc="9" el="144" ec="9" bec="0" bev="0" fileid="47" />
                <SequencePoint vc="1" uspid="2812" ordinal="0" offset="199" sl="148" sc="9" el="148" ec="9" bec="0" bev="0" fileid="47" />
                <SequencePoint vc="1" uspid="2813" ordinal="0" offset="222" sl="149" sc="9" el="149" ec="9" bec="0" bev="0" fileid="47" />
                <SequencePoint vc="1" uspid="2814" ordinal="0" offset="245" sl="152" sc="9" el="152" ec="9" bec="0" bev="0" fileid="47" />
                <SequencePoint vc="1" uspid="2815" ordinal="0" offset="277" sl="153" sc="5" el="153" ec="5" bec="0" bev="0" fileid="47" />
              </SequencePoints>
              <BranchPoints />
            </Method>
          </Methods>
        </Class>
        <Class>
          <Summary numSequencePoints="4" visitedSequencePoints="3" numBranchPoints="0" visitedBranchPoints="0" sequenceCoverage="75.00" branchCoverage="0.0" maxCyclomaticComplexity="0" minCyclomaticComplexity="0" maxCrapScore="0" minCrapScore="0" visitedClasses="1" numClasses="1" visitedMethods="1" numMethods="1" />
          <FullName>SanityCheck/&lt;SanityCheckPlayModeRunsOneFrame&gt;d__0</FullName>
          <Methods>
            <Method visited="true" cyclomaticComplexity="0" nPathComplexity="0" sequenceCoverage="75.00" branchCoverage="0" crapScore="0" isConstructor="false" isStatic="false" isGetter="false" isSetter="false">
              <Summary numSequencePoints="4" visitedSequencePoints="3" numBranchPoints="0" visitedBranchPoints="0" sequenceCoverage="75.00" branchCoverage="0" maxCyclomaticComplexity="0" minCyclomaticComplexity="0" maxCrapScore="0" minCrapScore="0" visitedClasses="0" numClasses="0" visitedMethods="1" numMethods="1" />
              <MetadataToken>100663385</MetadataToken>
              <Name>System.Boolean SanityCheck/&lt;SanityCheckPlayModeRunsOneFrame&gt;d__0::MoveNext()</Name>
              <FileRef uid="48" />
              <SequencePoints>
                <SequencePoint vc="1" uspid="2816" ordinal="0" offset="31" sl="51" sc="5" el="51" ec="5" bec="0" bev="0" fileid="48" />
                <SequencePoint vc="1" uspid="2817" ordinal="0" offset="32" sl="53" sc="9" el="53" ec="9" bec="0" bev="0" fileid="48" />
                <SequencePoint vc="1" uspid="2818" ordinal="0" offset="55" sl="56" sc="9" el="56" ec="9" bec="0" bev="0" fileid="48" />
                <SequencePoint vc="0" uspid="2819" ordinal="0" offset="66" sl="57" sc="5" el="57" ec="5" bec="0" bev="0" fileid="48" />
              </SequencePoints>
              <BranchPoints />
            </Method>
          </Methods>
        </Class>
        <Class>
          <Summary numSequencePoints="25" visitedSequencePoints="25" numBranchPoints="0" visitedBranchPoints="0" sequenceCoverage="100.0" branchCoverage="0.0" maxCyclomaticComplexity="0" minCyclomaticComplexity="0" maxCrapScore="0" minCrapScore="0" visitedClasses="1" numClasses="1" visitedMethods="1" numMethods="1" />
          <FullName>TokenPlaymodeTests/&lt;NonPlayer_Collision_Does_Not_Collect&gt;d__6</FullName>
          <Methods>
            <Method visited="true" cyclomaticComplexity="0" nPathComplexity="0" sequenceCoverage="100.0" branchCoverage="0" crapScore="0" isConstructor="false" isStatic="false" isGetter="false" isSetter="false">
              <Summary numSequencePoints="25" visitedSequencePoints="25" numBranchPoints="0" visitedBranchPoints="0" sequenceCoverage="100.0" branchCoverage="0" maxCyclomaticComplexity="0" minCyclomaticComplexity="0" maxCrapScore="0" minCrapScore="0" visitedClasses="0" numClasses="0" visitedMethods="1" numMethods="1" />
              <MetadataToken>100663391</MetadataToken>
              <Name>System.Boolean TokenPlaymodeTests/&lt;NonPlayer_Collision_Does_Not_Collect&gt;d__6::MoveNext()</Name>
              <FileRef uid="49" />
              <SequencePoints>
                <SequencePoint vc="1" uspid="2820" ordinal="0" offset="63" sl="109" sc="5" el="109" ec="5" bec="0" bev="0" fileid="49" />
                <SequencePoint vc="1" uspid="2821" ordinal="0" offset="64" sl="110" sc="9" el="110" ec="9" bec="0" bev="0" fileid="49" />
                <SequencePoint vc="1" uspid="2822" ordinal="0" offset="76" sl="113" sc="9" el="113" ec="9" bec="0" bev="0" fileid="49" />
                <SequencePoint vc="1" uspid="2823" ordinal="0" offset="77" sl="114" sc="13" el="114" ec="13" bec="0" bev="0" fileid="49" />
                <SequencePoint vc="1" uspid="2824" ordinal="0" offset="107" sl="115" sc="13" el="115" ec="13" bec="0" bev="0" fileid="49" />
                <SequencePoint vc="1" uspid="2825" ordinal="0" offset="130" sl="116" sc="13" el="116" ec="13" bec="0" bev="0" fileid="49" />
                <SequencePoint vc="1" uspid="2826" ordinal="0" offset="147" sl="118" sc="13" el="118" ec="13" bec="0" bev="0" fileid="49" />
                <SequencePoint vc="1" uspid="2827" ordinal="0" offset="174" sl="119" sc="13" el="119" ec="13" bec="0" bev="0" fileid="49" />
                <SequencePoint vc="1" uspid="2828" ordinal="0" offset="201" sl="122" sc="13" el="122" ec="13" bec="0" bev="0" fileid="49" />
                <SequencePoint vc="1" uspid="2829" ordinal="0" offset="223" sl="123" sc="13" el="123" ec="13" bec="0" bev="0" fileid="49" />
                <SequencePoint vc="1" uspid="2830" ordinal="0" offset="246" sl="125" sc="13" el="125" ec="13" bec="0" bev="0" fileid="49" />
                <SequencePoint vc="1" uspid="2831" ordinal="0" offset="258" sl="126" sc="13" el="126" ec="13" bec="0" bev="0" fileid="49" />
                <SequencePoint vc="1" uspid="2832" ordinal="0" offset="275" sl="127" sc="9" el="127" ec="9" bec="0" bev="0" fileid="49" />
                <SequencePoint vc="1" uspid="2833" ordinal="0" offset="304" sl="130" sc="9" el="130" ec="9" bec="0" bev="0" fileid="49" />
                <SequencePoint vc="1" uspid="2834" ordinal="0" offset="305" sl="131" sc="13" el="131" ec="13" bec="0" bev="0" fileid="49" />
                <SequencePoint vc="1" uspid="2835" ordinal="0" offset="335" sl="132" sc="13" el="132" ec="13" bec="0" bev="0" fileid="49" />
                <SequencePoint vc="1" uspid="2836" ordinal="0" offset="358" sl="133" sc="13" el="133" ec="13" bec="0" bev="0" fileid="49" />
                <SequencePoint vc="1" uspid="2837" ordinal="0" offset="375" sl="135" sc="13" el="135" ec="13" bec="0" bev="0" fileid="49" />
                <SequencePoint vc="1" uspid="2838" ordinal="0" offset="402" sl="136" sc="13" el="136" ec="13" bec="0" bev="0" fileid="49" />
                <SequencePoint vc="1" uspid="2839" ordinal="0" offset="429" sl="139" sc="13" el="139" ec="13" bec="0" bev="0" fileid="49" />
                <SequencePoint vc="1" uspid="2840" ordinal="0" offset="451" sl="140" sc="13" el="140" ec="13" bec="0" bev="0" fileid="49" />
                <SequencePoint vc="1" uspid="2841" ordinal="0" offset="474" sl="142" sc="13" el="142" ec="13" bec="0" bev="0" fileid="49" />
                <SequencePoint vc="1" uspid="2842" ordinal="0" offset="486" sl="143" sc="13" el="143" ec="13" bec="0" bev="0" fileid="49" />
                <SequencePoint vc="1" uspid="2843" ordinal="0" offset="503" sl="144" sc="9" el="144" ec="9" bec="0" bev="0" fileid="49" />
                <SequencePoint vc="1" uspid="2844" ordinal="0" offset="532" sl="145" sc="5" el="145" ec="5" bec="0" bev="0" fileid="49" />
              </SequencePoints>
              <BranchPoints />
            </Method>
          </Methods>
        </Class>
        <Class>
          <Summary numSequencePoints="18" visitedSequencePoints="18" numBranchPoints="0" visitedBranchPoints="0" sequenceCoverage="100.0" branchCoverage="0.0" maxCyclomaticComplexity="0" minCyclomaticComplexity="0" maxCrapScore="0" minCrapScore="0" visitedClasses="1" numClasses="1" visitedMethods="1" numMethods="1" />
          <FullName>TokenPlaymodeTests/&lt;Player_Collision_Switches_To_Collected_State&gt;d__7</FullName>
          <Methods>
            <Method visited="true" cyclomaticComplexity="0" nPathComplexity="0" sequenceCoverage="100.0" branchCoverage="0" crapScore="0" isConstructor="false" isStatic="false" isGetter="false" isSetter="false">
              <Summary numSequencePoints="18" visitedSequencePoints="18" numBranchPoints="0" visitedBranchPoints="0" sequenceCoverage="100.0" branchCoverage="0" maxCyclomaticComplexity="0" minCyclomaticComplexity="0" maxCrapScore="0" minCrapScore="0" visitedClasses="0" numClasses="0" visitedMethods="1" numMethods="1" />
              <MetadataToken>100663397</MetadataToken>
              <Name>System.Boolean TokenPlaymodeTests/&lt;Player_Collision_Switches_To_Collected_State&gt;d__7::MoveNext()</Name>
              <FileRef uid="49" />
              <SequencePoints>
                <SequencePoint vc="1" uspid="2845" ordinal="0" offset="45" sl="150" sc="5" el="150" ec="5" bec="0" bev="0" fileid="49" />
                <SequencePoint vc="1" uspid="2846" ordinal="0" offset="46" sl="151" sc="9" el="151" ec="9" bec="0" bev="0" fileid="49" />
                <SequencePoint vc="1" uspid="2847" ordinal="0" offset="58" sl="154" sc="9" el="154" ec="9" bec="0" bev="0" fileid="49" />
                <SequencePoint vc="1" uspid="2848" ordinal="0" offset="74" sl="156" sc="9" el="156" ec="9" bec="0" bev="0" fileid="49" />
                <SequencePoint vc="1" uspid="2849" ordinal="0" offset="104" sl="157" sc="9" el="157" ec="9" bec="0" bev="0" fileid="49" />
                <SequencePoint vc="1" uspid="2850" ordinal="0" offset="127" sl="160" sc="9" el="160" ec="9" bec="0" bev="0" fileid="49" />
                <SequencePoint vc="1" uspid="2851" ordinal="0" offset="144" sl="161" sc="9" el="161" ec="9" bec="0" bev="0" fileid="49" />
                <SequencePoint vc="1" uspid="2852" ordinal="0" offset="171" sl="164" sc="9" el="164" ec="9" bec="0" bev="0" fileid="49" />
                <SequencePoint vc="1" uspid="2853" ordinal="0" offset="188" sl="165" sc="9" el="165" ec="9" bec="0" bev="0" fileid="49" />
                <SequencePoint vc="1" uspid="2854" ordinal="0" offset="212" sl="166" sc="9" el="166" ec="9" bec="0" bev="0" fileid="49" />
                <SequencePoint vc="1" uspid="2855" ordinal="0" offset="236" sl="167" sc="9" el="167" ec="9" bec="0" bev="0" fileid="49" />
                <SequencePoint vc="1" uspid="2856" ordinal="0" offset="260" sl="170" sc="9" el="170" ec="9" bec="0" bev="0" fileid="49" />
                <SequencePoint vc="1" uspid="2857" ordinal="0" offset="288" sl="171" sc="9" el="171" ec="9" bec="0" bev="0" fileid="49" />
                <SequencePoint vc="1" uspid="2858" ordinal="0" offset="316" sl="172" sc="9" el="172" ec="9" bec="0" bev="0" fileid="49" />
                <SequencePoint vc="1" uspid="2859" ordinal="0" offset="344" sl="175" sc="9" el="175" ec="9" bec="0" bev="0" fileid="49" />
                <SequencePoint vc="1" uspid="2860" ordinal="0" offset="377" sl="176" sc="9" el="176" ec="9" bec="0" bev="0" fileid="49" />
                <SequencePoint vc="1" uspid="2861" ordinal="0" offset="410" sl="177" sc="9" el="177" ec="9" bec="0" bev="0" fileid="49" />
                <SequencePoint vc="1" uspid="2862" ordinal="0" offset="432" sl="178" sc="5" el="178" ec="5" bec="0" bev="0" fileid="49" />
              </SequencePoints>
              <BranchPoints />
            </Method>
          </Methods>
        </Class>
        <Class>
          <Summary numSequencePoints="7" visitedSequencePoints="7" numBranchPoints="0" visitedBranchPoints="0" sequenceCoverage="100.0" branchCoverage="0.0" maxCyclomaticComplexity="0" minCyclomaticComplexity="0" maxCrapScore="0" minCrapScore="0" visitedClasses="1" numClasses="1" visitedMethods="1" numMethods="1" />
          <FullName>TokenPlaymodeTests/&lt;Token_Spawns_With_Idle_Sprite&gt;d__5</FullName>
          <Methods>
            <Method visited="true" cyclomaticComplexity="0" nPathComplexity="0" sequenceCoverage="100.0" branchCoverage="0" crapScore="0" isConstructor="false" isStatic="false" isGetter="false" isSetter="false">
              <Summary numSequencePoints="7" visitedSequencePoints="7" numBranchPoints="0" visitedBranchPoints="0" sequenceCoverage="100.0" branchCoverage="0" maxCyclomaticComplexity="0" minCyclomaticComplexity="0" maxCrapScore="0" minCrapScore="0" visitedClasses="0" numClasses="0" visitedMethods="1" numMethods="1" />
              <MetadataToken>100663403</MetadataToken>
              <Name>System.Boolean TokenPlaymodeTests/&lt;Token_Spawns_With_Idle_Sprite&gt;d__5::MoveNext()</Name>
              <FileRef uid="49" />
              <SequencePoints>
                <SequencePoint vc="1" uspid="2863" ordinal="0" offset="31" sl="97" sc="5" el="97" ec="5" bec="0" bev="0" fileid="49" />
                <SequencePoint vc="1" uspid="2864" ordinal="0" offset="32" sl="98" sc="9" el="98" ec="9" bec="0" bev="0" fileid="49" />
                <SequencePoint vc="1" uspid="2865" ordinal="0" offset="44" sl="100" sc="9" el="100" ec="9" bec="0" bev="0" fileid="49" />
                <SequencePoint vc="1" uspid="2866" ordinal="0" offset="74" sl="101" sc="9" el="101" ec="9" bec="0" bev="0" fileid="49" />
                <SequencePoint vc="1" uspid="2867" ordinal="0" offset="97" sl="102" sc="9" el="102" ec="9" bec="0" bev="0" fileid="49" />
                <SequencePoint vc="1" uspid="2868" ordinal="0" offset="124" sl="103" sc="9" el="103" ec="9" bec="0" bev="0" fileid="49" />
                <SequencePoint vc="1" uspid="2869" ordinal="0" offset="164" sl="104" sc="5" el="104" ec="5" bec="0" bev="0" fileid="49" />
              </SequencePoints>
              <BranchPoints />
            </Method>
          </Methods>
        </Class>
      </Classes>
    </Module>
  </Modules>
</CoverageSession>