<?xml version="1.0" encoding="utf-8"?>
<CoverageSession xmlns:xsd="http://www.w3.org/2001/XMLSchema" xmlns:xsi="http://www.w3.org/2001/XMLSchema-instance" Version="0.0.0.0">
  <Summary numSequencePoints="310" visitedSequencePoints="204" numBranchPoints="0" visitedBranchPoints="0" sequenceCoverage="65.81" branchCoverage="0.0" maxCyclomaticComplexity="0" minCyclomaticComplexity="0" maxCrapScore="0" minCrapScore="0" visitedClasses="6" numClasses="10" visitedMethods="31" numMethods="52" />
  <Modules>
    <Module>
      <Summary numSequencePoints="143" visitedSequencePoints="37" numBranchPoints="0" visitedBranchPoints="0" sequenceCoverage="25.87" branchCoverage="0.0" maxCyclomaticComplexity="0" minCyclomaticComplexity="0" maxCrapScore="0" minCrapScore="0" visitedClasses="1" numClasses="5" visitedMethods="5" numMethods="26" />
      <ModuleTime>0001-01-01T00:00:00</ModuleTime>
      <ModuleName>Platformer.Runtime</ModuleName>
      <Files>
        <File uid="8" fullPath="C:/Users/corsi/Unity/Fortis Prompt/Assets/Scripts/Mechanics/PlayAudioClip.cs" />
        <File uid="9" fullPath="C:/Users/corsi/Unity/Fortis Prompt/Assets/Scripts/View/AnimatedTile.cs" />
        <File uid="10" fullPath="C:/Users/corsi/Unity/Fortis Prompt/Assets/Scripts/View/ParallaxLayer.cs" />
        <File uid="11" fullPath="C:/Users/corsi/Unity/Fortis Prompt/Assets/Scripts/UI/MainUIController.cs" />
        <File uid="12" fullPath="C:/Users/corsi/Unity/Fortis Prompt/Assets/Scripts/UI/MetaGameController.cs" />
        <File uid="13" fullPath="C:/Users/corsi/Unity/Fortis Prompt/Assets/Scripts/Model/PlatformerModel.cs" />
        <File uid="14" fullPath="C:/Users/corsi/Unity/Fortis Prompt/Assets/Scripts/Mechanics/AnimationController.cs" />
        <File uid="15" fullPath="C:/Users/corsi/Unity/Fortis Prompt/Assets/Scripts/Mechanics/DeathZone.cs" />
        <File uid="16" fullPath="C:/Users/corsi/Unity/Fortis Prompt/Assets/Scripts/Mechanics/EnemyController.cs" />
        <File uid="17" fullPath="C:/Users/corsi/Unity/Fortis Prompt/Assets/Scripts/Mechanics/GameController.cs" />
        <File uid="18" fullPath="C:/Users/corsi/Unity/Fortis Prompt/Assets/Scripts/Mechanics/Health.cs" />
        <File uid="19" fullPath="C:/Users/corsi/Unity/Fortis Prompt/Assets/Scripts/Mechanics/KinematicObject.cs" />
        <File uid="20" fullPath="C:/Users/corsi/Unity/Fortis Prompt/Assets/Scripts/Mechanics/PatrolPath.cs" />
        <File uid="21" fullPath="C:/Users/corsi/Unity/Fortis Prompt/Assets/Scripts/Mechanics/PlayerController.cs" />
        <File uid="22" fullPath="C:/Users/corsi/Unity/Fortis Prompt/Assets/Scripts/Mechanics/TokenController.cs" />
        <File uid="23" fullPath="C:/Users/corsi/Unity/Fortis Prompt/Assets/Scripts/Mechanics/TokenInstance.cs" />
        <File uid="24" fullPath="C:/Users/corsi/Unity/Fortis Prompt/Assets/Scripts/Mechanics/VictoryZone.cs" />
        <File uid="25" fullPath="C:/Users/corsi/Unity/Fortis Prompt/Assets/Scripts/Gameplay/EnablePlayerInput.cs" />
        <File uid="26" fullPath="C:/Users/corsi/Unity/Fortis Prompt/Assets/Scripts/Gameplay/EnemyDeath.cs" />
        <File uid="27" fullPath="C:/Users/corsi/Unity/Fortis Prompt/Assets/Scripts/Gameplay/HealthIsZero.cs" />
        <File uid="28" fullPath="C:/Users/corsi/Unity/Fortis Prompt/Assets/Scripts/Gameplay/PlayerDeath.cs" />
        <File uid="29" fullPath="C:/Users/corsi/Unity/Fortis Prompt/Assets/Scripts/Gameplay/PlayerEnemyCollision.cs" />
        <File uid="30" fullPath="C:/Users/corsi/Unity/Fortis Prompt/Assets/Scripts/Gameplay/PlayerEnteredDeathZone.cs" />
        <File uid="31" fullPath="C:/Users/corsi/Unity/Fortis Prompt/Assets/Scripts/Gameplay/PlayerEnteredVictoryZone.cs" />
        <File uid="32" fullPath="C:/Users/corsi/Unity/Fortis Prompt/Assets/Scripts/Gameplay/PlayerJumped.cs" />
        <File uid="33" fullPath="C:/Users/corsi/Unity/Fortis Prompt/Assets/Scripts/Gameplay/PlayerJumpLogic.cs" />
        <File uid="34" fullPath="C:/Users/corsi/Unity/Fortis Prompt/Assets/Scripts/Gameplay/PlayerLanded.cs" />
        <File uid="35" fullPath="C:/Users/corsi/Unity/Fortis Prompt/Assets/Scripts/Gameplay/PlayerSpawn.cs" />
        <File uid="36" fullPath="C:/Users/corsi/Unity/Fortis Prompt/Assets/Scripts/Gameplay/PlayerStopJump.cs" />
        <File uid="37" fullPath="C:/Users/corsi/Unity/Fortis Prompt/Assets/Scripts/Gameplay/PlayerTokenCollision.cs" />
        <File uid="38" fullPath="C:/Users/corsi/Unity/Fortis Prompt/Assets/Scripts/Core/Fuzzy.cs" />
        <File uid="39" fullPath="C:/Users/corsi/Unity/Fortis Prompt/Assets/Scripts/Core/HeapQueue.cs" />
        <File uid="40" fullPath="C:/Users/corsi/Unity/Fortis Prompt/Assets/Scripts/Core/Simulation.cs" />
        <File uid="41" fullPath="C:/Users/corsi/Unity/Fortis Prompt/Assets/Scripts/Mechanics/PatrolPath.Mover.cs" />
        <File uid="42" fullPath="C:/Users/corsi/Unity/Fortis Prompt/Assets/Scripts/Core/Simulation.Event.cs" />
        <File uid="43" fullPath="C:/Users/corsi/Unity/Fortis Prompt/Assets/Scripts/Core/Simulation.InstanceRegister.cs" />
      </Files>
      <Classes>
        <Class>
          <Summary numSequencePoints="37" visitedSequencePoints="37" numBranchPoints="0" visitedBranchPoints="0" sequenceCoverage="100.0" branchCoverage="0.0" maxCyclomaticComplexity="0" minCyclomaticComplexity="0" maxCrapScore="0" minCrapScore="0" visitedClasses="1" numClasses="1" visitedMethods="5" numMethods="5" />
          <FullName>Platformer.Gameplay.PlayerJumpLogic</FullName>
          <Methods>
            <Method visited="true" cyclomaticComplexity="0" nPathComplexity="0" sequenceCoverage="100.0" branchCoverage="0" crapScore="0" isConstructor="false" isStatic="false" isGetter="true" isSetter="false">
              <Summary numSequencePoints="1" visitedSequencePoints="1" numBranchPoints="0" visitedBranchPoints="0" sequenceCoverage="100.0" branchCoverage="0" maxCyclomaticComplexity="0" minCyclomaticComplexity="0" maxCrapScore="0" minCrapScore="0" visitedClasses="0" numClasses="0" visitedMethods="1" numMethods="1" />
              <MetadataToken>100663400</MetadataToken>
              <Name>Platformer.Gameplay.JumpState Platformer.Gameplay.PlayerJumpLogic::get_State()</Name>
              <FileRef uid="33" />
              <SequencePoints>
                <SequencePoint vc="76" uspid="2122" ordinal="0" offset="0" sl="19" sc="34" el="19" ec="34" bec="0" bev="0" fileid="33" />
              </SequencePoints>
              <BranchPoints />
            </Method>
            <Method visited="true" cyclomaticComplexity="0" nPathComplexity="0" sequenceCoverage="100.0" branchCoverage="0" crapScore="0" isConstructor="false" isStatic="false" isGetter="false" isSetter="true">
              <Summary numSequencePoints="1" visitedSequencePoints="1" numBranchPoints="0" visitedBranchPoints="0" sequenceCoverage="100.0" branchCoverage="0" maxCyclomaticComplexity="0" minCyclomaticComplexity="0" maxCrapScore="0" minCrapScore="0" visitedClasses="0" numClasses="0" visitedMethods="1" numMethods="1" />
              <MetadataToken>100663401</MetadataToken>
              <Name>System.Void Platformer.Gameplay.PlayerJumpLogic::set_State(Platformer.Gameplay.JumpState)</Name>
              <FileRef uid="33" />
              <SequencePoints>
                <SequencePoint vc="37" uspid="2123" ordinal="0" offset="0" sl="19" sc="39" el="19" ec="39" bec="0" bev="0" fileid="33" />
              </SequencePoints>
              <BranchPoints />
            </Method>
            <Method visited="true" cyclomaticComplexity="0" nPathComplexity="0" sequenceCoverage="100.0" branchCoverage="0" crapScore="0" isConstructor="false" isStatic="false" isGetter="false" isSetter="false">
              <Summary numSequencePoints="22" visitedSequencePoints="22" numBranchPoints="0" visitedBranchPoints="0" sequenceCoverage="100.0" branchCoverage="0" maxCyclomaticComplexity="0" minCyclomaticComplexity="0" maxCrapScore="0" minCrapScore="0" visitedClasses="0" numClasses="0" visitedMethods="1" numMethods="1" />
              <MetadataToken>100663402</MetadataToken>
              <Name>Platformer.Gameplay.TickOutput Platformer.Gameplay.PlayerJumpLogic::Tick(Platformer.Gameplay.JumpState, Platformer.Interfaces.IPlayerInput, Platformer.Interfaces.IGroundProbe, Platformer.Interfaces.IJumpModel, System.Single, System.Single, System.Single)</Name>
              <FileRef uid="33" />
              <SequencePoints>
                <SequencePoint vc="19" uspid="2124" ordinal="0" offset="0" sl="29" sc="9" el="29" ec="9" bec="0" bev="0" fileid="33" />
                <SequencePoint vc="19" uspid="2125" ordinal="0" offset="1" sl="30" sc="13" el="30" ec="13" bec="0" bev="0" fileid="33" />
                <SequencePoint vc="19" uspid="2126" ordinal="0" offset="9" sl="31" sc="13" el="31" ec="13" bec="0" bev="0" fileid="33" />
                <SequencePoint vc="19" uspid="2127" ordinal="0" offset="48" sl="34" sc="13" el="34" ec="13" bec="0" bev="0" fileid="33" />
                <SequencePoint vc="5" uspid="2128" ordinal="0" offset="69" sl="35" sc="17" el="35" ec="17" bec="0" bev="0" fileid="33" />
                <SequencePoint vc="14" uspid="2129" ordinal="0" offset="79" sl="36" sc="18" el="36" ec="18" bec="0" bev="0" fileid="33" />
                <SequencePoint vc="3" uspid="2130" ordinal="0" offset="89" sl="37" sc="17" el="37" ec="17" bec="0" bev="0" fileid="33" />
                <SequencePoint vc="19" uspid="2131" ordinal="0" offset="97" sl="40" sc="13" el="40" ec="13" bec="0" bev="0" fileid="33" />
                <SequencePoint vc="5" uspid="2132" ordinal="0" offset="136" sl="43" sc="21" el="43" ec="21" bec="0" bev="0" fileid="33" />
                <SequencePoint vc="5" uspid="2133" ordinal="0" offset="144" sl="44" sc="21" el="44" ec="21" bec="0" bev="0" fileid="33" />
                <SequencePoint vc="5" uspid="2134" ordinal="0" offset="152" sl="45" sc="21" el="45" ec="21" bec="0" bev="0" fileid="33" />
                <SequencePoint vc="5" uspid="2135" ordinal="0" offset="154" sl="48" sc="21" el="48" ec="21" bec="0" bev="0" fileid="33" />
                <SequencePoint vc="4" uspid="2136" ordinal="0" offset="169" sl="48" sc="45" el="48" ec="45" bec="0" bev="0" fileid="33" />
                <SequencePoint vc="5" uspid="2137" ordinal="0" offset="177" sl="49" sc="21" el="49" ec="21" bec="0" bev="0" fileid="33" />
                <SequencePoint vc="5" uspid="2138" ordinal="0" offset="179" sl="52" sc="21" el="52" ec="21" bec="0" bev="0" fileid="33" />
                <SequencePoint vc="2" uspid="2139" ordinal="0" offset="191" sl="52" sc="44" el="52" ec="44" bec="0" bev="0" fileid="33" />
                <SequencePoint vc="5" uspid="2140" ordinal="0" offset="199" sl="53" sc="21" el="53" ec="21" bec="0" bev="0" fileid="33" />
                <SequencePoint vc="2" uspid="2141" ordinal="0" offset="201" sl="56" sc="21" el="56" ec="21" bec="0" bev="0" fileid="33" />
                <SequencePoint vc="2" uspid="2142" ordinal="0" offset="209" sl="57" sc="21" el="57" ec="21" bec="0" bev="0" fileid="33" />
                <SequencePoint vc="19" uspid="2143" ordinal="0" offset="211" sl="60" sc="13" el="60" ec="13" bec="0" bev="0" fileid="33" />
                <SequencePoint vc="19" uspid="2144" ordinal="0" offset="224" sl="61" sc="13" el="61" ec="13" bec="0" bev="0" fileid="33" />
                <SequencePoint vc="19" uspid="2145" ordinal="0" offset="229" sl="62" sc="9" el="62" ec="9" bec="0" bev="0" fileid="33" />
              </SequencePoints>
              <BranchPoints />
            </Method>
            <Method visited="true" cyclomaticComplexity="0" nPathComplexity="0" sequenceCoverage="100.0" branchCoverage="0" crapScore="0" isConstructor="false" isStatic="false" isGetter="false" isSetter="false">
              <Summary numSequencePoints="12" visitedSequencePoints="12" numBranchPoints="0" visitedBranchPoints="0" sequenceCoverage="100.0" branchCoverage="0" maxCyclomaticComplexity="0" minCyclomaticComplexity="0" maxCrapScore="0" minCrapScore="0" visitedClasses="0" numClasses="0" visitedMethods="1" numMethods="1" />
              <MetadataToken>100663403</MetadataToken>
              <Name>System.Single Platformer.Gameplay.PlayerJumpLogic::ComputeNewVelY(System.Boolean, System.Single, System.Boolean, System.Boolean, System.Single, System.Single, System.Single)</Name>
              <FileRef uid="33" />
              <SequencePoints>
                <SequencePoint vc="5" uspid="2146" ordinal="0" offset="0" sl="66" sc="9" el="66" ec="9" bec="0" bev="0" fileid="33" />
                <SequencePoint vc="5" uspid="2147" ordinal="0" offset="1" sl="67" sc="13" el="67" ec="13" bec="0" bev="0" fileid="33" />
                <SequencePoint vc="5" uspid="2148" ordinal="0" offset="3" sl="69" sc="13" el="69" ec="13" bec="0" bev="0" fileid="33" />
                <SequencePoint vc="1" uspid="2149" ordinal="0" offset="10" sl="70" sc="13" el="70" ec="13" bec="0" bev="0" fileid="33" />
                <SequencePoint vc="1" uspid="2150" ordinal="0" offset="11" sl="71" sc="17" el="71" ec="17" bec="0" bev="0" fileid="33" />
                <SequencePoint vc="1" uspid="2151" ordinal="0" offset="17" sl="72" sc="13" el="72" ec="13" bec="0" bev="0" fileid="33" />
                <SequencePoint vc="4" uspid="2152" ordinal="0" offset="20" sl="73" sc="18" el="73" ec="18" bec="0" bev="0" fileid="33" />
                <SequencePoint vc="2" uspid="2153" ordinal="0" offset="39" sl="74" sc="13" el="74" ec="13" bec="0" bev="0" fileid="33" />
                <SequencePoint vc="2" uspid="2154" ordinal="0" offset="40" sl="75" sc="17" el="75" ec="17" bec="0" bev="0" fileid="33" />
                <SequencePoint vc="2" uspid="2155" ordinal="0" offset="45" sl="76" sc="13" el="76" ec="13" bec="0" bev="0" fileid="33" />
                <SequencePoint vc="5" uspid="2156" ordinal="0" offset="46" sl="78" sc="13" el="78" ec="13" bec="0" bev="0" fileid="33" />
                <SequencePoint vc="5" uspid="2157" ordinal="0" offset="50" sl="79" sc="9" el="79" ec="9" bec="0" bev="0" fileid="33" />
              </SequencePoints>
              <BranchPoints />
            </Method>
            <Method visited="true" cyclomaticComplexity="0" nPathComplexity="0" sequenceCoverage="100.0" branchCoverage="0" crapScore="0" isConstructor="true" isStatic="false" isGetter="false" isSetter="false">
              <Summary numSequencePoints="1" visitedSequencePoints="1" numBranchPoints="0" visitedBranchPoints="0" sequenceCoverage="100.0" branchCoverage="0" maxCyclomaticComplexity="0" minCyclomaticComplexity="0" maxCrapScore="0" minCrapScore="0" visitedClasses="0" numClasses="0" visitedMethods="1" numMethods="1" />
              <MetadataToken>100663404</MetadataToken>
              <Name>Platformer.Gameplay.PlayerJumpLogic::PlayerJumpLogic()</Name>
              <FileRef uid="33" />
              <SequencePoints>
                <SequencePoint vc="14" uspid="2158" ordinal="0" offset="0" sl="19" sc="56" el="19" ec="56" bec="0" bev="0" fileid="33" />
              </SequencePoints>
              <BranchPoints />
            </Method>
          </Methods>
        </Class>
        <Class>
          <Summary numSequencePoints="67" visitedSequencePoints="0" numBranchPoints="0" visitedBranchPoints="0" sequenceCoverage="0.0" branchCoverage="0.0" maxCyclomaticComplexity="0" minCyclomaticComplexity="0" maxCrapScore="0" minCrapScore="0" visitedClasses="0" numClasses="1" visitedMethods="0" numMethods="13" />
          <FullName>Platformer.Core.HeapQueue[T]</FullName>
          <Methods>
            <Method visited="false" cyclomaticComplexity="0" nPathComplexity="0" sequenceCoverage="0.0" branchCoverage="0" crapScore="0" isConstructor="false" isStatic="false" isGetter="true" isSetter="false">
              <Summary numSequencePoints="3" visitedSequencePoints="0" numBranchPoints="0" visitedBranchPoints="0" sequenceCoverage="0.0" branchCoverage="0" maxCyclomaticComplexity="0" minCyclomaticComplexity="0" maxCrapScore="0" minCrapScore="0" visitedClasses="0" numClasses="0" visitedMethods="0" numMethods="1" />
              <MetadataToken>100663417</MetadataToken>
              <Name>System.Int32 Platformer.Core.HeapQueue[T]::get_Count()</Name>
              <FileRef uid="39" />
              <SequencePoints>
                <SequencePoint vc="0" uspid="2196" ordinal="0" offset="0" sl="14" sc="0" el="14" ec="0" bec="0" bev="0" fileid="39" />
                <SequencePoint vc="0" uspid="2197" ordinal="0" offset="1" sl="14" sc="0" el="14" ec="0" bec="0" bev="0" fileid="39" />
                <SequencePoint vc="0" uspid="2198" ordinal="0" offset="15" sl="14" sc="0" el="14" ec="0" bec="0" bev="0" fileid="39" />
              </SequencePoints>
              <BranchPoints />
            </Method>
            <Method visited="false" cyclomaticComplexity="0" nPathComplexity="0" sequenceCoverage="0.0" branchCoverage="0" crapScore="0" isConstructor="false" isStatic="false" isGetter="true" isSetter="false">
              <Summary numSequencePoints="3" visitedSequencePoints="0" numBranchPoints="0" visitedBranchPoints="0" sequenceCoverage="0.0" branchCoverage="0" maxCyclomaticComplexity="0" minCyclomaticComplexity="0" maxCrapScore="0" minCrapScore="0" visitedClasses="0" numClasses="0" visitedMethods="0" numMethods="1" />
              <MetadataToken>100663418</MetadataToken>
              <Name>System.Boolean Platformer.Core.HeapQueue[T]::get_IsEmpty()</Name>
              <FileRef uid="39" />
              <SequencePoints>
                <SequencePoint vc="0" uspid="2199" ordinal="0" offset="0" sl="16" sc="0" el="16" ec="0" bec="0" bev="0" fileid="39" />
                <SequencePoint vc="0" uspid="2200" ordinal="0" offset="1" sl="16" sc="0" el="16" ec="0" bec="0" bev="0" fileid="39" />
                <SequencePoint vc="0" uspid="2201" ordinal="0" offset="18" sl="16" sc="0" el="16" ec="0" bec="0" bev="0" fileid="39" />
              </SequencePoints>
              <BranchPoints />
            </Method>
            <Method visited="false" cyclomaticComplexity="0" nPathComplexity="0" sequenceCoverage="0.0" branchCoverage="0" crapScore="0" isConstructor="false" isStatic="false" isGetter="true" isSetter="false">
              <Summary numSequencePoints="3" visitedSequencePoints="0" numBranchPoints="0" visitedBranchPoints="0" sequenceCoverage="0.0" branchCoverage="0" maxCyclomaticComplexity="0" minCyclomaticComplexity="0" maxCrapScore="0" minCrapScore="0" visitedClasses="0" numClasses="0" visitedMethods="0" numMethods="1" />
              <MetadataToken>100663419</MetadataToken>
              <Name>T Platformer.Core.HeapQueue[T]::get_First()</Name>
              <FileRef uid="39" />
              <SequencePoints>
                <SequencePoint vc="0" uspid="2202" ordinal="0" offset="0" sl="18" sc="0" el="18" ec="0" bec="0" bev="0" fileid="39" />
                <SequencePoint vc="0" uspid="2203" ordinal="0" offset="1" sl="18" sc="0" el="18" ec="0" bec="0" bev="0" fileid="39" />
                <SequencePoint vc="0" uspid="2204" ordinal="0" offset="16" sl="18" sc="0" el="18" ec="0" bec="0" bev="0" fileid="39" />
              </SequencePoints>
              <BranchPoints />
            </Method>
            <Method visited="false" cyclomaticComplexity="0" nPathComplexity="0" sequenceCoverage="0.0" branchCoverage="0" crapScore="0" isConstructor="false" isStatic="false" isGetter="false" isSetter="false">
              <Summary numSequencePoints="1" visitedSequencePoints="0" numBranchPoints="0" visitedBranchPoints="0" sequenceCoverage="0.0" branchCoverage="0" maxCyclomaticComplexity="0" minCyclomaticComplexity="0" maxCrapScore="0" minCrapScore="0" visitedClasses="0" numClasses="0" visitedMethods="0" numMethods="1" />
              <MetadataToken>100663420</MetadataToken>
              <Name>System.Void Platformer.Core.HeapQueue[T]::Clear()</Name>
              <FileRef uid="39" />
              <SequencePoints>
                <SequencePoint vc="0" uspid="2205" ordinal="0" offset="0" sl="20" sc="0" el="20" ec="0" bec="0" bev="0" fileid="39" />
              </SequencePoints>
              <BranchPoints />
            </Method>
            <Method visited="false" cyclomaticComplexity="0" nPathComplexity="0" sequenceCoverage="0.0" branchCoverage="0" crapScore="0" isConstructor="false" isStatic="false" isGetter="false" isSetter="false">
              <Summary numSequencePoints="1" visitedSequencePoints="0" numBranchPoints="0" visitedBranchPoints="0" sequenceCoverage="0.0" branchCoverage="0" maxCyclomaticComplexity="0" minCyclomaticComplexity="0" maxCrapScore="0" minCrapScore="0" visitedClasses="0" numClasses="0" visitedMethods="0" numMethods="1" />
              <MetadataToken>100663421</MetadataToken>
              <Name>System.Boolean Platformer.Core.HeapQueue[T]::Contains(T)</Name>
              <FileRef uid="39" />
              <SequencePoints>
                <SequencePoint vc="0" uspid="2206" ordinal="0" offset="0" sl="22" sc="0" el="22" ec="0" bec="0" bev="0" fileid="39" />
              </SequencePoints>
              <BranchPoints />
            </Method>
            <Method visited="false" cyclomaticComplexity="0" nPathComplexity="0" sequenceCoverage="0.0" branchCoverage="0" crapScore="0" isConstructor="false" isStatic="false" isGetter="false" isSetter="false">
              <Summary numSequencePoints="1" visitedSequencePoints="0" numBranchPoints="0" visitedBranchPoints="0" sequenceCoverage="0.0" branchCoverage="0" maxCyclomaticComplexity="0" minCyclomaticComplexity="0" maxCrapScore="0" minCrapScore="0" visitedClasses="0" numClasses="0" visitedMethods="0" numMethods="1" />
              <MetadataToken>100663422</MetadataToken>
              <Name>System.Void Platformer.Core.HeapQueue[T]::Remove(T)</Name>
              <FileRef uid="39" />
              <SequencePoints>
                <SequencePoint vc="0" uspid="2207" ordinal="0" offset="0" sl="24" sc="0" el="24" ec="0" bec="0" bev="0" fileid="39" />
              </SequencePoints>
              <BranchPoints />
            </Method>
            <Method visited="false" cyclomaticComplexity="0" nPathComplexity="0" sequenceCoverage="0.0" branchCoverage="0" crapScore="0" isConstructor="false" isStatic="false" isGetter="false" isSetter="false">
              <Summary numSequencePoints="1" visitedSequencePoints="0" numBranchPoints="0" visitedBranchPoints="0" sequenceCoverage="0.0" branchCoverage="0" maxCyclomaticComplexity="0" minCyclomaticComplexity="0" maxCrapScore="0" minCrapScore="0" visitedClasses="0" numClasses="0" visitedMethods="0" numMethods="1" />
              <MetadataToken>100663423</MetadataToken>
              <Name>T Platformer.Core.HeapQueue[T]::Peek()</Name>
              <FileRef uid="39" />
              <SequencePoints>
                <SequencePoint vc="0" uspid="2208" ordinal="0" offset="0" sl="26" sc="0" el="26" ec="0" bec="0" bev="0" fileid="39" />
              </SequencePoints>
              <BranchPoints />
            </Method>
            <Method visited="false" cyclomaticComplexity="0" nPathComplexity="0" sequenceCoverage="0.0" branchCoverage="0" crapScore="0" isConstructor="false" isStatic="false" isGetter="false" isSetter="false">
              <Summary numSequencePoints="4" visitedSequencePoints="0" numBranchPoints="0" visitedBranchPoints="0" sequenceCoverage="0.0" branchCoverage="0" maxCyclomaticComplexity="0" minCyclomaticComplexity="0" maxCrapScore="0" minCrapScore="0" visitedClasses="0" numClasses="0" visitedMethods="0" numMethods="1" />
              <MetadataToken>100663425</MetadataToken>
              <Name>System.Void Platformer.Core.HeapQueue[T]::Push(T)</Name>
              <FileRef uid="39" />
              <SequencePoints>
                <SequencePoint vc="0" uspid="2209" ordinal="0" offset="0" sl="34" sc="0" el="34" ec="0" bec="0" bev="0" fileid="39" />
                <SequencePoint vc="0" uspid="2210" ordinal="0" offset="1" sl="36" sc="0" el="36" ec="0" bec="0" bev="0" fileid="39" />
                <SequencePoint vc="0" uspid="2211" ordinal="0" offset="14" sl="38" sc="0" el="38" ec="0" bec="0" bev="0" fileid="39" />
                <SequencePoint vc="0" uspid="2212" ordinal="0" offset="35" sl="39" sc="0" el="39" ec="0" bec="0" bev="0" fileid="39" />
              </SequencePoints>
              <BranchPoints />
            </Method>
            <Method visited="false" cyclomaticComplexity="0" nPathComplexity="0" sequenceCoverage="0.0" branchCoverage="0" crapScore="0" isConstructor="false" isStatic="false" isGetter="false" isSetter="false">
              <Summary numSequencePoints="14" visitedSequencePoints="0" numBranchPoints="0" visitedBranchPoints="0" sequenceCoverage="0.0" branchCoverage="0" maxCyclomaticComplexity="0" minCyclomaticComplexity="0" maxCrapScore="0" minCrapScore="0" visitedClasses="0" numClasses="0" visitedMethods="0" numMethods="1" />
              <MetadataToken>100663426</MetadataToken>
              <Name>T Platformer.Core.HeapQueue[T]::Pop()</Name>
              <FileRef uid="39" />
              <SequencePoints>
                <SequencePoint vc="0" uspid="2213" ordinal="0" offset="0" sl="42" sc="0" el="42" ec="0" bec="0" bev="0" fileid="39" />
                <SequencePoint vc="0" uspid="2214" ordinal="0" offset="1" sl="48" sc="0" el="48" ec="0" bec="0" bev="0" fileid="39" />
                <SequencePoint vc="0" uspid="2215" ordinal="0" offset="26" sl="49" sc="0" el="49" ec="0" bec="0" bev="0" fileid="39" />
                <SequencePoint vc="0" uspid="2216" ordinal="0" offset="51" sl="50" sc="0" el="50" ec="0" bec="0" bev="0" fileid="39" />
                <SequencePoint vc="0" uspid="2217" ordinal="0" offset="69" sl="51" sc="0" el="51" ec="0" bec="0" bev="0" fileid="39" />
                <SequencePoint vc="0" uspid="2218" ordinal="0" offset="70" sl="52" sc="0" el="52" ec="0" bec="0" bev="0" fileid="39" />
                <SequencePoint vc="0" uspid="2219" ordinal="0" offset="83" sl="53" sc="0" el="53" ec="0" bec="0" bev="0" fileid="39" />
                <SequencePoint vc="0" uspid="2220" ordinal="0" offset="97" sl="54" sc="0" el="54" ec="0" bec="0" bev="0" fileid="39" />
                <SequencePoint vc="0" uspid="2221" ordinal="0" offset="104" sl="55" sc="0" el="55" ec="0" bec="0" bev="0" fileid="39" />
                <SequencePoint vc="0" uspid="2222" ordinal="0" offset="107" sl="57" sc="0" el="57" ec="0" bec="0" bev="0" fileid="39" />
                <SequencePoint vc="0" uspid="2223" ordinal="0" offset="108" sl="58" sc="0" el="58" ec="0" bec="0" bev="0" fileid="39" />
                <SequencePoint vc="0" uspid="2224" ordinal="0" offset="110" sl="59" sc="0" el="59" ec="0" bec="0" bev="0" fileid="39" />
                <SequencePoint vc="0" uspid="2225" ordinal="0" offset="111" sl="60" sc="0" el="60" ec="0" bec="0" bev="0" fileid="39" />
                <SequencePoint vc="0" uspid="2226" ordinal="0" offset="115" sl="61" sc="0" el="61" ec="0" bec="0" bev="0" fileid="39" />
              </SequencePoints>
              <BranchPoints />
            </Method>
            <Method visited="false" cyclomaticComplexity="0" nPathComplexity="0" sequenceCoverage="0.0" branchCoverage="0" crapScore="0" isConstructor="false" isStatic="false" isGetter="false" isSetter="false">
              <Summary numSequencePoints="1" visitedSequencePoints="0" numBranchPoints="0" visitedBranchPoints="0" sequenceCoverage="0.0" branchCoverage="0" maxCyclomaticComplexity="0" minCyclomaticComplexity="0" maxCrapScore="0" minCrapScore="0" visitedClasses="0" numClasses="0" visitedMethods="0" numMethods="1" />
              <MetadataToken>100663427</MetadataToken>
              <Name>System.Int32 Platformer.Core.HeapQueue[T]::Compare(T, T)</Name>
              <FileRef uid="39" />
              <SequencePoints>
                <SequencePoint vc="0" uspid="2227" ordinal="0" offset="0" sl="64" sc="0" el="64" ec="0" bec="0" bev="0" fileid="39" />
              </SequencePoints>
              <BranchPoints />
            </Method>
            <Method visited="false" cyclomaticComplexity="0" nPathComplexity="0" sequenceCoverage="0.0" branchCoverage="0" crapScore="0" isConstructor="false" isStatic="false" isGetter="false" isSetter="false">
              <Summary numSequencePoints="13" visitedSequencePoints="0" numBranchPoints="0" visitedBranchPoints="0" sequenceCoverage="0.0" branchCoverage="0" maxCyclomaticComplexity="0" minCyclomaticComplexity="0" maxCrapScore="0" minCrapScore="0" visitedClasses="0" numClasses="0" visitedMethods="0" numMethods="1" />
              <MetadataToken>100663428</MetadataToken>
              <Name>System.Void Platformer.Core.HeapQueue[T]::SiftDown(System.Int32, System.Int32)</Name>
              <FileRef uid="39" />
              <SequencePoints>
                <SequencePoint vc="0" uspid="2228" ordinal="0" offset="0" sl="67" sc="0" el="67" ec="0" bec="0" bev="0" fileid="39" />
                <SequencePoint vc="0" uspid="2229" ordinal="0" offset="1" sl="69" sc="0" el="69" ec="0" bec="0" bev="0" fileid="39" />
                <SequencePoint vc="0" uspid="2230" ordinal="0" offset="16" sl="71" sc="0" el="71" ec="0" bec="0" bev="0" fileid="39" />
                <SequencePoint vc="0" uspid="2231" ordinal="0" offset="17" sl="73" sc="0" el="73" ec="0" bec="0" bev="0" fileid="39" />
                <SequencePoint vc="0" uspid="2232" ordinal="0" offset="23" sl="74" sc="0" el="74" ec="0" bec="0" bev="0" fileid="39" />
                <SequencePoint vc="0" uspid="2233" ordinal="0" offset="36" sl="76" sc="0" el="76" ec="0" bec="0" bev="0" fileid="39" />
                <SequencePoint vc="0" uspid="2234" ordinal="0" offset="54" sl="77" sc="0" el="77" ec="0" bec="0" bev="0" fileid="39" />
                <SequencePoint vc="0" uspid="2235" ordinal="0" offset="56" sl="79" sc="0" el="79" ec="0" bec="0" bev="0" fileid="39" />
                <SequencePoint vc="0" uspid="2236" ordinal="0" offset="70" sl="80" sc="0" el="80" ec="0" bec="0" bev="0" fileid="39" />
                <SequencePoint vc="0" uspid="2237" ordinal="0" offset="73" sl="81" sc="0" el="81" ec="0" bec="0" bev="0" fileid="39" />
                <SequencePoint vc="0" uspid="2238" ordinal="0" offset="74" sl="70" sc="0" el="70" ec="0" bec="0" bev="0" fileid="39" />
                <SequencePoint vc="0" uspid="2239" ordinal="0" offset="84" sl="82" sc="0" el="82" ec="0" bec="0" bev="0" fileid="39" />
                <SequencePoint vc="0" uspid="2240" ordinal="0" offset="98" sl="83" sc="0" el="83" ec="0" bec="0" bev="0" fileid="39" />
              </SequencePoints>
              <BranchPoints />
            </Method>
            <Method visited="false" cyclomaticComplexity="0" nPathComplexity="0" sequenceCoverage="0.0" branchCoverage="0" crapScore="0" isConstructor="false" isStatic="false" isGetter="false" isSetter="false">
              <Summary numSequencePoints="18" visitedSequencePoints="0" numBranchPoints="0" visitedBranchPoints="0" sequenceCoverage="0.0" branchCoverage="0" maxCyclomaticComplexity="0" minCyclomaticComplexity="0" maxCrapScore="0" minCrapScore="0" visitedClasses="0" numClasses="0" visitedMethods="0" numMethods="1" />
              <MetadataToken>100663429</MetadataToken>
              <Name>System.Void Platformer.Core.HeapQueue[T]::SiftUp()</Name>
              <FileRef uid="39" />
              <SequencePoints>
                <SequencePoint vc="0" uspid="2241" ordinal="0" offset="0" sl="86" sc="0" el="86" ec="0" bec="0" bev="0" fileid="39" />
                <SequencePoint vc="0" uspid="2242" ordinal="0" offset="1" sl="87" sc="0" el="87" ec="0" bec="0" bev="0" fileid="39" />
                <SequencePoint vc="0" uspid="2243" ordinal="0" offset="13" sl="88" sc="0" el="88" ec="0" bec="0" bev="0" fileid="39" />
                <SequencePoint vc="0" uspid="2244" ordinal="0" offset="15" sl="90" sc="0" el="90" ec="0" bec="0" bev="0" fileid="39" />
                <SequencePoint vc="0" uspid="2245" ordinal="0" offset="28" sl="91" sc="0" el="91" ec="0" bec="0" bev="0" fileid="39" />
                <SequencePoint vc="0" uspid="2246" ordinal="0" offset="30" sl="92" sc="0" el="92" ec="0" bec="0" bev="0" fileid="39" />
                <SequencePoint vc="0" uspid="2247" ordinal="0" offset="35" sl="95" sc="0" el="95" ec="0" bec="0" bev="0" fileid="39" />
                <SequencePoint vc="0" uspid="2248" ordinal="0" offset="36" sl="97" sc="0" el="97" ec="0" bec="0" bev="0" fileid="39" />
                <SequencePoint vc="0" uspid="2249" ordinal="0" offset="41" sl="99" sc="0" el="99" ec="0" bec="0" bev="0" fileid="39" />
                <SequencePoint vc="0" uspid="2250" ordinal="0" offset="92" sl="100" sc="0" el="100" ec="0" bec="0" bev="0" fileid="39" />
                <SequencePoint vc="0" uspid="2251" ordinal="0" offset="95" sl="102" sc="0" el="102" ec="0" bec="0" bev="0" fileid="39" />
                <SequencePoint vc="0" uspid="2252" ordinal="0" offset="121" sl="103" sc="0" el="103" ec="0" bec="0" bev="0" fileid="39" />
                <SequencePoint vc="0" uspid="2253" ordinal="0" offset="124" sl="105" sc="0" el="105" ec="0" bec="0" bev="0" fileid="39" />
                <SequencePoint vc="0" uspid="2254" ordinal="0" offset="131" sl="106" sc="0" el="106" ec="0" bec="0" bev="0" fileid="39" />
                <SequencePoint vc="0" uspid="2255" ordinal="0" offset="132" sl="94" sc="0" el="94" ec="0" bec="0" bev="0" fileid="39" />
                <SequencePoint vc="0" uspid="2256" ordinal="0" offset="142" sl="108" sc="0" el="108" ec="0" bec="0" bev="0" fileid="39" />
                <SequencePoint vc="0" uspid="2257" ordinal="0" offset="157" sl="109" sc="0" el="109" ec="0" bec="0" bev="0" fileid="39" />
                <SequencePoint vc="0" uspid="2258" ordinal="0" offset="167" sl="110" sc="0" el="110" ec="0" bec="0" bev="0" fileid="39" />
              </SequencePoints>
              <BranchPoints />
            </Method>
            <Method visited="false" cyclomaticComplexity="0" nPathComplexity="0" sequenceCoverage="0.0" branchCoverage="0" crapScore="0" isConstructor="true" isStatic="false" isGetter="false" isSetter="false">
              <Summary numSequencePoints="4" visitedSequencePoints="0" numBranchPoints="0" visitedBranchPoints="0" sequenceCoverage="0.0" branchCoverage="0" maxCyclomaticComplexity="0" minCyclomaticComplexity="0" maxCrapScore="0" minCrapScore="0" visitedClasses="0" numClasses="0" visitedMethods="0" numMethods="1" />
              <MetadataToken>100663424</MetadataToken>
              <Name>Platformer.Core.HeapQueue[T]::HeapQueue()</Name>
              <FileRef uid="39" />
              <SequencePoints>
                <SequencePoint vc="0" uspid="2259" ordinal="0" offset="0" sl="28" sc="0" el="28" ec="0" bec="0" bev="0" fileid="39" />
                <SequencePoint vc="0" uspid="2260" ordinal="0" offset="7" sl="29" sc="0" el="29" ec="0" bec="0" bev="0" fileid="39" />
                <SequencePoint vc="0" uspid="2261" ordinal="0" offset="8" sl="30" sc="0" el="30" ec="0" bec="0" bev="0" fileid="39" />
                <SequencePoint vc="0" uspid="2262" ordinal="0" offset="19" sl="31" sc="0" el="31" ec="0" bec="0" bev="0" fileid="39" />
              </SequencePoints>
              <BranchPoints />
            </Method>
          </Methods>
        </Class>
        <Class>
          <Summary numSequencePoints="31" visitedSequencePoints="0" numBranchPoints="0" visitedBranchPoints="0" sequenceCoverage="0.0" branchCoverage="0.0" maxCyclomaticComplexity="0" minCyclomaticComplexity="0" maxCrapScore="0" minCrapScore="0" visitedClasses="0" numClasses="1" visitedMethods="0" numMethods="6" />
          <FullName>Platformer.Core.Simulation</FullName>
          <Methods>
            <Method visited="false" cyclomaticComplexity="0" nPathComplexity="0" sequenceCoverage="0.0" branchCoverage="0" crapScore="0" isConstructor="false" isStatic="true" isGetter="false" isSetter="false">
              <Summary numSequencePoints="11" visitedSequencePoints="0" numBranchPoints="0" visitedBranchPoints="0" sequenceCoverage="0.0" branchCoverage="0" maxCyclomaticComplexity="0" minCyclomaticComplexity="0" maxCrapScore="0" minCrapScore="0" visitedClasses="0" numClasses="0" visitedMethods="0" numMethods="1" />
              <MetadataToken>100663430</MetadataToken>
              <Name>static T Platformer.Core.Simulation::New[T]()</Name>
              <FileRef uid="40" />
              <SequencePoints>
                <SequencePoint vc="0" uspid="2263" ordinal="0" offset="0" sl="24" sc="0" el="24" ec="0" bec="0" bev="0" fileid="40" />
                <SequencePoint vc="0" uspid="2264" ordinal="0" offset="1" sl="26" sc="0" el="26" ec="0" bec="0" bev="0" fileid="40" />
                <SequencePoint vc="0" uspid="2265" ordinal="0" offset="30" sl="27" sc="0" el="27" ec="0" bec="0" bev="0" fileid="40" />
                <SequencePoint vc="0" uspid="2266" ordinal="0" offset="31" sl="28" sc="0" el="28" ec="0" bec="0" bev="0" fileid="40" />
                <SequencePoint vc="0" uspid="2267" ordinal="0" offset="38" sl="29" sc="0" el="29" ec="0" bec="0" bev="0" fileid="40" />
                <SequencePoint vc="0" uspid="2268" ordinal="0" offset="55" sl="30" sc="0" el="30" ec="0" bec="0" bev="0" fileid="40" />
                <SequencePoint vc="0" uspid="2269" ordinal="0" offset="77" sl="31" sc="0" el="31" ec="0" bec="0" bev="0" fileid="40" />
                <SequencePoint vc="0" uspid="2270" ordinal="0" offset="78" sl="32" sc="0" el="32" ec="0" bec="0" bev="0" fileid="40" />
                <SequencePoint vc="0" uspid="2271" ordinal="0" offset="91" sl="33" sc="0" el="33" ec="0" bec="0" bev="0" fileid="40" />
                <SequencePoint vc="0" uspid="2272" ordinal="0" offset="105" sl="35" sc="0" el="35" ec="0" bec="0" bev="0" fileid="40" />
                <SequencePoint vc="0" uspid="2273" ordinal="0" offset="113" sl="36" sc="0" el="36" ec="0" bec="0" bev="0" fileid="40" />
              </SequencePoints>
              <BranchPoints />
            </Method>
            <Method visited="false" cyclomaticComplexity="0" nPathComplexity="0" sequenceCoverage="0.0" branchCoverage="0" crapScore="0" isConstructor="false" isStatic="true" isGetter="false" isSetter="false">
              <Summary numSequencePoints="6" visitedSequencePoints="0" numBranchPoints="0" visitedBranchPoints="0" sequenceCoverage="0.0" branchCoverage="0" maxCyclomaticComplexity="0" minCyclomaticComplexity="0" maxCrapScore="0" minCrapScore="0" visitedClasses="0" numClasses="0" visitedMethods="0" numMethods="1" />
              <MetadataToken>100663432</MetadataToken>
              <Name>static T Platformer.Core.Simulation::Schedule[T](System.Single)</Name>
              <FileRef uid="40" />
              <SequencePoints>
                <SequencePoint vc="0" uspid="2277" ordinal="0" offset="0" sl="53" sc="0" el="53" ec="0" bec="0" bev="0" fileid="40" />
                <SequencePoint vc="0" uspid="2278" ordinal="0" offset="1" sl="54" sc="0" el="54" ec="0" bec="0" bev="0" fileid="40" />
                <SequencePoint vc="0" uspid="2279" ordinal="0" offset="7" sl="55" sc="0" el="55" ec="0" bec="0" bev="0" fileid="40" />
                <SequencePoint vc="0" uspid="2280" ordinal="0" offset="25" sl="56" sc="0" el="56" ec="0" bec="0" bev="0" fileid="40" />
                <SequencePoint vc="0" uspid="2281" ordinal="0" offset="42" sl="57" sc="0" el="57" ec="0" bec="0" bev="0" fileid="40" />
                <SequencePoint vc="0" uspid="2282" ordinal="0" offset="46" sl="58" sc="0" el="58" ec="0" bec="0" bev="0" fileid="40" />
              </SequencePoints>
              <BranchPoints />
            </Method>
            <Method visited="false" cyclomaticComplexity="0" nPathComplexity="0" sequenceCoverage="0.0" branchCoverage="0" crapScore="0" isConstructor="false" isStatic="true" isGetter="false" isSetter="false">
              <Summary numSequencePoints="5" visitedSequencePoints="0" numBranchPoints="0" visitedBranchPoints="0" sequenceCoverage="0.0" branchCoverage="0" maxCyclomaticComplexity="0" minCyclomaticComplexity="0" maxCrapScore="0" minCrapScore="0" visitedClasses="0" numClasses="0" visitedMethods="0" numMethods="1" />
              <MetadataToken>100663433</MetadataToken>
              <Name>static T Platformer.Core.Simulation::Reschedule[T](T, System.Single)</Name>
              <FileRef uid="40" />
              <SequencePoints>
                <SequencePoint vc="0" uspid="2283" ordinal="0" offset="0" sl="67" sc="0" el="67" ec="0" bec="0" bev="0" fileid="40" />
                <SequencePoint vc="0" uspid="2284" ordinal="0" offset="1" sl="68" sc="0" el="68" ec="0" bec="0" bev="0" fileid="40" />
                <SequencePoint vc="0" uspid="2285" ordinal="0" offset="19" sl="69" sc="0" el="69" ec="0" bec="0" bev="0" fileid="40" />
                <SequencePoint vc="0" uspid="2286" ordinal="0" offset="36" sl="70" sc="0" el="70" ec="0" bec="0" bev="0" fileid="40" />
                <SequencePoint vc="0" uspid="2287" ordinal="0" offset="40" sl="71" sc="0" el="71" ec="0" bec="0" bev="0" fileid="40" />
              </SequencePoints>
              <BranchPoints />
            </Method>
            <Method visited="false" cyclomaticComplexity="0" nPathComplexity="0" sequenceCoverage="0.0" branchCoverage="0" crapScore="0" isConstructor="false" isStatic="true" isGetter="false" isSetter="false">
              <Summary numSequencePoints="3" visitedSequencePoints="0" numBranchPoints="0" visitedBranchPoints="0" sequenceCoverage="0.0" branchCoverage="0" maxCyclomaticComplexity="0" minCyclomaticComplexity="0" maxCrapScore="0" minCrapScore="0" visitedClasses="0" numClasses="0" visitedMethods="0" numMethods="1" />
              <MetadataToken>100663434</MetadataToken>
              <Name>static T Platformer.Core.Simulation::GetModel[T]()</Name>
              <FileRef uid="40" />
              <SequencePoints>
                <SequencePoint vc="0" uspid="2288" ordinal="0" offset="0" sl="78" sc="0" el="78" ec="0" bec="0" bev="0" fileid="40" />
                <SequencePoint vc="0" uspid="2289" ordinal="0" offset="1" sl="79" sc="0" el="79" ec="0" bec="0" bev="0" fileid="40" />
                <SequencePoint vc="0" uspid="2290" ordinal="0" offset="9" sl="80" sc="0" el="80" ec="0" bec="0" bev="0" fileid="40" />
              </SequencePoints>
              <BranchPoints />
            </Method>
            <Method visited="false" cyclomaticComplexity="0" nPathComplexity="0" sequenceCoverage="0.0" branchCoverage="0" crapScore="0" isConstructor="false" isStatic="true" isGetter="false" isSetter="false">
              <Summary numSequencePoints="3" visitedSequencePoints="0" numBranchPoints="0" visitedBranchPoints="0" sequenceCoverage="0.0" branchCoverage="0" maxCyclomaticComplexity="0" minCyclomaticComplexity="0" maxCrapScore="0" minCrapScore="0" visitedClasses="0" numClasses="0" visitedMethods="0" numMethods="1" />
              <MetadataToken>100663435</MetadataToken>
              <Name>static System.Void Platformer.Core.Simulation::SetModel[T](T)</Name>
              <FileRef uid="40" />
              <SequencePoints>
                <SequencePoint vc="0" uspid="2291" ordinal="0" offset="0" sl="87" sc="0" el="87" ec="0" bec="0" bev="0" fileid="40" />
                <SequencePoint vc="0" uspid="2292" ordinal="0" offset="1" sl="88" sc="0" el="88" ec="0" bec="0" bev="0" fileid="40" />
                <SequencePoint vc="0" uspid="2293" ordinal="0" offset="7" sl="89" sc="0" el="89" ec="0" bec="0" bev="0" fileid="40" />
              </SequencePoints>
              <BranchPoints />
            </Method>
            <Method visited="false" cyclomaticComplexity="0" nPathComplexity="0" sequenceCoverage="0.0" branchCoverage="0" crapScore="0" isConstructor="false" isStatic="true" isGetter="false" isSetter="false">
              <Summary numSequencePoints="3" visitedSequencePoints="0" numBranchPoints="0" visitedBranchPoints="0" sequenceCoverage="0.0" branchCoverage="0" maxCyclomaticComplexity="0" minCyclomaticComplexity="0" maxCrapScore="0" minCrapScore="0" visitedClasses="0" numClasses="0" visitedMethods="0" numMethods="1" />
              <MetadataToken>100663436</MetadataToken>
              <Name>static System.Void Platformer.Core.Simulation::DestroyModel[T]()</Name>
              <FileRef uid="40" />
              <SequencePoints>
                <SequencePoint vc="0" uspid="2294" ordinal="0" offset="0" sl="96" sc="0" el="96" ec="0" bec="0" bev="0" fileid="40" />
                <SequencePoint vc="0" uspid="2295" ordinal="0" offset="1" sl="97" sc="0" el="97" ec="0" bec="0" bev="0" fileid="40" />
                <SequencePoint vc="0" uspid="2296" ordinal="0" offset="12" sl="98" sc="0" el="98" ec="0" bec="0" bev="0" fileid="40" />
              </SequencePoints>
              <BranchPoints />
            </Method>
          </Methods>
        </Class>
        <Class>
          <Summary numSequencePoints="7" visitedSequencePoints="0" numBranchPoints="0" visitedBranchPoints="0" sequenceCoverage="0.0" branchCoverage="0.0" maxCyclomaticComplexity="0" minCyclomaticComplexity="0" maxCrapScore="0" minCrapScore="0" visitedClasses="0" numClasses="1" visitedMethods="0" numMethods="1" />
          <FullName>Platformer.Core.SimulationEvent[T]</FullName>
          <Methods>
            <Method visited="false" cyclomaticComplexity="0" nPathComplexity="0" sequenceCoverage="0.0" branchCoverage="0" crapScore="0" isConstructor="false" isStatic="false" isGetter="false" isSetter="false">
              <Summary numSequencePoints="7" visitedSequencePoints="0" numBranchPoints="0" visitedBranchPoints="0" sequenceCoverage="0.0" branchCoverage="0" maxCyclomaticComplexity="0" minCyclomaticComplexity="0" maxCrapScore="0" minCrapScore="0" visitedClasses="0" numClasses="0" visitedMethods="0" numMethods="1" />
              <MetadataToken>100663447</MetadataToken>
              <Name>System.Void Platformer.Core.SimulationEvent[T]::ExecuteEvent()</Name>
              <FileRef uid="42" />
              <SequencePoints>
                <SequencePoint vc="0" uspid="2345" ordinal="0" offset="0" sl="54" sc="0" el="54" ec="0" bec="0" bev="0" fileid="42" />
                <SequencePoint vc="0" uspid="2346" ordinal="0" offset="1" sl="55" sc="0" el="55" ec="0" bec="0" bev="0" fileid="42" />
                <SequencePoint vc="0" uspid="2347" ordinal="0" offset="11" sl="56" sc="0" el="56" ec="0" bec="0" bev="0" fileid="42" />
                <SequencePoint vc="0" uspid="2348" ordinal="0" offset="12" sl="57" sc="0" el="57" ec="0" bec="0" bev="0" fileid="42" />
                <SequencePoint vc="0" uspid="2349" ordinal="0" offset="19" sl="58" sc="0" el="58" ec="0" bec="0" bev="0" fileid="42" />
                <SequencePoint vc="0" uspid="2350" ordinal="0" offset="42" sl="59" sc="0" el="59" ec="0" bec="0" bev="0" fileid="42" />
                <SequencePoint vc="0" uspid="2351" ordinal="0" offset="43" sl="60" sc="0" el="60" ec="0" bec="0" bev="0" fileid="42" />
              </SequencePoints>
              <BranchPoints />
            </Method>
          </Methods>
        </Class>
        <Class>
          <Summary numSequencePoints="1" visitedSequencePoints="0" numBranchPoints="0" visitedBranchPoints="0" sequenceCoverage="0.0" branchCoverage="0.0" maxCyclomaticComplexity="0" minCyclomaticComplexity="0" maxCrapScore="0" minCrapScore="0" visitedClasses="0" numClasses="1" visitedMethods="0" numMethods="1" />
          <FullName>Platformer.Core.SimulationInstanceRegister[T]</FullName>
          <Methods>
            <Method visited="false" cyclomaticComplexity="0" nPathComplexity="0" sequenceCoverage="0.0" branchCoverage="0" crapScore="0" isConstructor="true" isStatic="true" isGetter="false" isSetter="false">
              <Summary numSequencePoints="1" visitedSequencePoints="0" numBranchPoints="0" visitedBranchPoints="0" sequenceCoverage="0.0" branchCoverage="0" maxCyclomaticComplexity="0" minCyclomaticComplexity="0" maxCrapScore="0" minCrapScore="0" visitedClasses="0" numClasses="0" visitedMethods="0" numMethods="1" />
              <MetadataToken>100663449</MetadataToken>
              <Name>static Platformer.Core.SimulationInstanceRegister[T]::InstanceRegister()</Name>
              <FileRef uid="43" />
              <SequencePoints>
                <SequencePoint vc="0" uspid="2352" ordinal="0" offset="0" sl="13" sc="0" el="13" ec="0" bec="0" bev="0" fileid="43" />
              </SequencePoints>
              <BranchPoints />
            </Method>
          </Methods>
        </Class>
      </Classes>
    </Module>
    <Module>
      <Summary numSequencePoints="167" visitedSequencePoints="167" numBranchPoints="0" visitedBranchPoints="0" sequenceCoverage="100.0" branchCoverage="0.0" maxCyclomaticComplexity="0" minCyclomaticComplexity="0" maxCrapScore="0" minCrapScore="0" visitedClasses="5" numClasses="5" visitedMethods="26" numMethods="26" />
      <ModuleTime>0001-01-01T00:00:00</ModuleTime>
      <ModuleName>Tests.EditMode</ModuleName>
      <Files>
        <File uid="44" fullPath="C:/Users/corsi/Unity/Fortis Prompt/Assets/Tests.EditMode/PlayerJumpLogicTests.cs" />
        <File uid="45" fullPath="C:/Users/corsi/Unity/Fortis Prompt/Assets/Tests.EditMode/SanityCheck.cs" />
      </Files>
      <Classes>
        <Class>
          <Summary numSequencePoints="11" visitedSequencePoints="11" numBranchPoints="0" visitedBranchPoints="0" sequenceCoverage="100.0" branchCoverage="0.0" maxCyclomaticComplexity="0" minCyclomaticComplexity="0" maxCrapScore="0" minCrapScore="0" visitedClasses="1" numClasses="1" visitedMethods="3" numMethods="3" />
          <FullName>FakeInput</FullName>
          <Methods>
            <Method visited="true" cyclomaticComplexity="0" nPathComplexity="0" sequenceCoverage="100.0" branchCoverage="0" crapScore="0" isConstructor="false" isStatic="false" isGetter="false" isSetter="false">
              <Summary numSequencePoints="1" visitedSequencePoints="1" numBranchPoints="0" visitedBranchPoints="0" sequenceCoverage="100.0" branchCoverage="0" maxCyclomaticComplexity="0" minCyclomaticComplexity="0" maxCrapScore="0" minCrapScore="0" visitedClasses="0" numClasses="0" visitedMethods="1" numMethods="1" />
              <MetadataToken>100663297</MetadataToken>
              <Name>System.Single FakeInput::MoveX()</Name>
              <FileRef uid="44" />
              <SequencePoints>
                <SequencePoint vc="19" uspid="2353" ordinal="0" offset="0" sl="11" sc="29" el="11" ec="29" bec="0" bev="0" fileid="44" />
              </SequencePoints>
              <BranchPoints />
            </Method>
            <Method visited="true" cyclomaticComplexity="0" nPathComplexity="0" sequenceCoverage="100.0" branchCoverage="0" crapScore="0" isConstructor="false" isStatic="false" isGetter="false" isSetter="false">
              <Summary numSequencePoints="5" visitedSequencePoints="5" numBranchPoints="0" visitedBranchPoints="0" sequenceCoverage="100.0" branchCoverage="0" maxCyclomaticComplexity="0" minCyclomaticComplexity="0" maxCrapScore="0" minCrapScore="0" visitedClasses="0" numClasses="0" visitedMethods="1" numMethods="1" />
              <MetadataToken>100663298</MetadataToken>
              <Name>System.Boolean FakeInput::JumpPressedThisFrame()</Name>
              <FileRef uid="44" />
              <SequencePoints>
                <SequencePoint vc="7" uspid="2354" ordinal="0" offset="0" sl="12" sc="40" el="12" ec="40" bec="0" bev="0" fileid="44" />
                <SequencePoint vc="7" uspid="2355" ordinal="0" offset="1" sl="12" sc="42" el="12" ec="42" bec="0" bev="0" fileid="44" />
                <SequencePoint vc="7" uspid="2356" ordinal="0" offset="8" sl="12" sc="59" el="12" ec="59" bec="0" bev="0" fileid="44" />
                <SequencePoint vc="7" uspid="2357" ordinal="0" offset="15" sl="12" sc="76" el="12" ec="76" bec="0" bev="0" fileid="44" />
                <SequencePoint vc="7" uspid="2358" ordinal="0" offset="19" sl="12" sc="86" el="12" ec="86" bec="0" bev="0" fileid="44" />
              </SequencePoints>
              <BranchPoints />
            </Method>
            <Method visited="true" cyclomaticComplexity="0" nPathComplexity="0" sequenceCoverage="100.0" branchCoverage="0" crapScore="0" isConstructor="false" isStatic="false" isGetter="false" isSetter="false">
              <Summary numSequencePoints="5" visitedSequencePoints="5" numBranchPoints="0" visitedBranchPoints="0" sequenceCoverage="100.0" branchCoverage="0" maxCyclomaticComplexity="0" minCyclomaticComplexity="0" maxCrapScore="0" minCrapScore="0" visitedClasses="0" numClasses="0" visitedMethods="1" numMethods="1" />
              <MetadataToken>100663299</MetadataToken>
              <Name>System.Boolean FakeInput::JumpReleasedThisFrame()</Name>
              <FileRef uid="44" />
              <SequencePoints>
                <SequencePoint vc="14" uspid="2359" ordinal="0" offset="0" sl="13" sc="41" el="13" ec="41" bec="0" bev="0" fileid="44" />
                <SequencePoint vc="14" uspid="2360" ordinal="0" offset="1" sl="13" sc="43" el="13" ec="43" bec="0" bev="0" fileid="44" />
                <SequencePoint vc="14" uspid="2361" ordinal="0" offset="8" sl="13" sc="61" el="13" ec="61" bec="0" bev="0" fileid="44" />
                <SequencePoint vc="14" uspid="2362" ordinal="0" offset="15" sl="13" sc="79" el="13" ec="79" bec="0" bev="0" fileid="44" />
                <SequencePoint vc="14" uspid="2363" ordinal="0" offset="19" sl="13" sc="89" el="13" ec="89" bec="0" bev="0" fileid="44" />
              </SequencePoints>
              <BranchPoints />
            </Method>
          </Methods>
        </Class>
        <Class>
          <Summary numSequencePoints="3" visitedSequencePoints="3" numBranchPoints="0" visitedBranchPoints="0" sequenceCoverage="100.0" branchCoverage="0.0" maxCyclomaticComplexity="0" minCyclomaticComplexity="0" maxCrapScore="0" minCrapScore="0" visitedClasses="1" numClasses="1" visitedMethods="3" numMethods="3" />
          <FullName>FakeGround</FullName>
          <Methods>
            <Method visited="true" cyclomaticComplexity="0" nPathComplexity="0" sequenceCoverage="100.0" branchCoverage="0" crapScore="0" isConstructor="false" isStatic="false" isGetter="true" isSetter="false">
              <Summary numSequencePoints="1" visitedSequencePoints="1" numBranchPoints="0" visitedBranchPoints="0" sequenceCoverage="100.0" branchCoverage="0" maxCyclomaticComplexity="0" minCyclomaticComplexity="0" maxCrapScore="0" minCrapScore="0" visitedClasses="0" numClasses="0" visitedMethods="1" numMethods="1" />
              <MetadataToken>100663301</MetadataToken>
              <Name>System.Boolean FakeGround::get_IsGrounded()</Name>
              <FileRef uid="44" />
              <SequencePoints>
                <SequencePoint vc="10" uspid="2364" ordinal="0" offset="0" sl="18" sc="30" el="18" ec="30" bec="0" bev="0" fileid="44" />
              </SequencePoints>
              <BranchPoints />
            </Method>
            <Method visited="true" cyclomaticComplexity="0" nPathComplexity="0" sequenceCoverage="100.0" branchCoverage="0" crapScore="0" isConstructor="false" isStatic="false" isGetter="false" isSetter="true">
              <Summary numSequencePoints="1" visitedSequencePoints="1" numBranchPoints="0" visitedBranchPoints="0" sequenceCoverage="100.0" branchCoverage="0" maxCyclomaticComplexity="0" minCyclomaticComplexity="0" maxCrapScore="0" minCrapScore="0" visitedClasses="0" numClasses="0" visitedMethods="1" numMethods="1" />
              <MetadataToken>100663302</MetadataToken>
              <Name>System.Void FakeGround::set_IsGrounded(System.Boolean)</Name>
              <FileRef uid="44" />
              <SequencePoints>
                <SequencePoint vc="15" uspid="2365" ordinal="0" offset="0" sl="18" sc="35" el="18" ec="35" bec="0" bev="0" fileid="44" />
              </SequencePoints>
              <BranchPoints />
            </Method>
            <Method visited="true" cyclomaticComplexity="0" nPathComplexity="0" sequenceCoverage="100.0" branchCoverage="0" crapScore="0" isConstructor="true" isStatic="false" isGetter="false" isSetter="false">
              <Summary numSequencePoints="1" visitedSequencePoints="1" numBranchPoints="0" visitedBranchPoints="0" sequenceCoverage="100.0" branchCoverage="0" maxCyclomaticComplexity="0" minCyclomaticComplexity="0" maxCrapScore="0" minCrapScore="0" visitedClasses="0" numClasses="0" visitedMethods="1" numMethods="1" />
              <MetadataToken>100663303</MetadataToken>
              <Name>FakeGround::FakeGround()</Name>
              <FileRef uid="44" />
              <SequencePoints>
                <SequencePoint vc="12" uspid="2366" ordinal="0" offset="0" sl="18" sc="44" el="18" ec="44" bec="0" bev="0" fileid="44" />
              </SequencePoints>
              <BranchPoints />
            </Method>
          </Methods>
        </Class>
        <Class>
          <Summary numSequencePoints="6" visitedSequencePoints="6" numBranchPoints="0" visitedBranchPoints="0" sequenceCoverage="100.0" branchCoverage="0.0" maxCyclomaticComplexity="0" minCyclomaticComplexity="0" maxCrapScore="0" minCrapScore="0" visitedClasses="1" numClasses="1" visitedMethods="5" numMethods="5" />
          <FullName>FakeModel</FullName>
          <Methods>
            <Method visited="true" cyclomaticComplexity="0" nPathComplexity="0" sequenceCoverage="100.0" branchCoverage="0" crapScore="0" isConstructor="false" isStatic="false" isGetter="true" isSetter="false">
              <Summary numSequencePoints="1" visitedSequencePoints="1" numBranchPoints="0" visitedBranchPoints="0" sequenceCoverage="100.0" branchCoverage="0" maxCyclomaticComplexity="0" minCyclomaticComplexity="0" maxCrapScore="0" minCrapScore="0" visitedClasses="0" numClasses="0" visitedMethods="1" numMethods="1" />
              <MetadataToken>100663304</MetadataToken>
              <Name>System.Single FakeModel::get_JumpModifier()</Name>
              <FileRef uid="44" />
              <SequencePoints>
                <SequencePoint vc="1" uspid="2367" ordinal="0" offset="0" sl="23" sc="33" el="23" ec="33" bec="0" bev="0" fileid="44" />
              </SequencePoints>
              <BranchPoints />
            </Method>
            <Method visited="true" cyclomaticComplexity="0" nPathComplexity="0" sequenceCoverage="100.0" branchCoverage="0" crapScore="0" isConstructor="false" isStatic="false" isGetter="false" isSetter="true">
              <Summary numSequencePoints="1" visitedSequencePoints="1" numBranchPoints="0" visitedBranchPoints="0" sequenceCoverage="100.0" branchCoverage="0" maxCyclomaticComplexity="0" minCyclomaticComplexity="0" maxCrapScore="0" minCrapScore="0" visitedClasses="0" numClasses="0" visitedMethods="1" numMethods="1" />
              <MetadataToken>100663305</MetadataToken>
              <Name>System.Void FakeModel::set_JumpModifier(System.Single)</Name>
              <FileRef uid="44" />
              <SequencePoints>
                <SequencePoint vc="2" uspid="2368" ordinal="0" offset="0" sl="23" sc="38" el="23" ec="38" bec="0" bev="0" fileid="44" />
              </SequencePoints>
              <BranchPoints />
            </Method>
            <Method visited="true" cyclomaticComplexity="0" nPathComplexity="0" sequenceCoverage="100.0" branchCoverage="0" crapScore="0" isConstructor="false" isStatic="false" isGetter="true" isSetter="false">
              <Summary numSequencePoints="1" visitedSequencePoints="1" numBranchPoints="0" visitedBranchPoints="0" sequenceCoverage="100.0" branchCoverage="0" maxCyclomaticComplexity="0" minCyclomaticComplexity="0" maxCrapScore="0" minCrapScore="0" visitedClasses="0" numClasses="0" visitedMethods="1" numMethods="1" />
              <MetadataToken>100663306</MetadataToken>
              <Name>System.Single FakeModel::get_JumpDeceleration()</Name>
              <FileRef uid="44" />
              <SequencePoints>
                <SequencePoint vc="5" uspid="2369" ordinal="0" offset="0" sl="24" sc="37" el="24" ec="37" bec="0" bev="0" fileid="44" />
              </SequencePoints>
              <BranchPoints />
            </Method>
            <Method visited="true" cyclomaticComplexity="0" nPathComplexity="0" sequenceCoverage="100.0" branchCoverage="0" crapScore="0" isConstructor="false" isStatic="false" isGetter="false" isSetter="true">
              <Summary numSequencePoints="1" visitedSequencePoints="1" numBranchPoints="0" visitedBranchPoints="0" sequenceCoverage="100.0" branchCoverage="0" maxCyclomaticComplexity="0" minCyclomaticComplexity="0" maxCrapScore="0" minCrapScore="0" visitedClasses="0" numClasses="0" visitedMethods="1" numMethods="1" />
              <MetadataToken>100663307</MetadataToken>
              <Name>System.Void FakeModel::set_JumpDeceleration(System.Single)</Name>
              <FileRef uid="44" />
              <SequencePoints>
                <SequencePoint vc="3" uspid="2370" ordinal="0" offset="0" sl="24" sc="42" el="24" ec="42" bec="0" bev="0" fileid="44" />
              </SequencePoints>
              <BranchPoints />
            </Method>
            <Method visited="true" cyclomaticComplexity="0" nPathComplexity="0" sequenceCoverage="100.0" branchCoverage="0" crapScore="0" isConstructor="true" isStatic="false" isGetter="false" isSetter="false">
              <Summary numSequencePoints="2" visitedSequencePoints="2" numBranchPoints="0" visitedBranchPoints="0" sequenceCoverage="100.0" branchCoverage="0" maxCyclomaticComplexity="0" minCyclomaticComplexity="0" maxCrapScore="0" minCrapScore="0" visitedClasses="0" numClasses="0" visitedMethods="1" numMethods="1" />
              <MetadataToken>100663308</MetadataToken>
              <Name>FakeModel::FakeModel()</Name>
              <FileRef uid="44" />
              <SequencePoints>
                <SequencePoint vc="12" uspid="2371" ordinal="0" offset="0" sl="23" sc="47" el="23" ec="47" bec="0" bev="0" fileid="44" />
                <SequencePoint vc="12" uspid="2372" ordinal="0" offset="11" sl="24" sc="51" el="24" ec="51" bec="0" bev="0" fileid="44" />
              </SequencePoints>
              <BranchPoints />
            </Method>
          </Methods>
        </Class>
        <Class>
          <Summary numSequencePoints="144" visitedSequencePoints="144" numBranchPoints="0" visitedBranchPoints="0" sequenceCoverage="100.0" branchCoverage="0.0" maxCyclomaticComplexity="0" minCyclomaticComplexity="0" maxCrapScore="0" minCrapScore="0" visitedClasses="1" numClasses="1" visitedMethods="14" numMethods="14" />
          <FullName>PlayerJumpLogicTests</FullName>
          <Methods>
            <Method visited="true" cyclomaticComplexity="0" nPathComplexity="0" sequenceCoverage="100.0" branchCoverage="0" crapScore="0" isConstructor="false" isStatic="false" isGetter="false" isSetter="false">
              <Summary numSequencePoints="10" visitedSequencePoints="10" numBranchPoints="0" visitedBranchPoints="0" sequenceCoverage="100.0" branchCoverage="0" maxCyclomaticComplexity="0" minCyclomaticComplexity="0" maxCrapScore="0" minCrapScore="0" visitedClasses="0" numClasses="0" visitedMethods="1" numMethods="1" />
              <MetadataToken>100663309</MetadataToken>
              <Name>System.Void PlayerJumpLogicTests::Grounded_PressJump_TriggersImpulse_AndEntersJump()</Name>
              <FileRef uid="44" />
              <SequencePoints>
                <SequencePoint vc="1" uspid="2373" ordinal="0" offset="0" sl="32" sc="5" el="32" ec="5" bec="0" bev="0" fileid="44" />
                <SequencePoint vc="1" uspid="2374" ordinal="0" offset="1" sl="33" sc="9" el="33" ec="9" bec="0" bev="0" fileid="44" />
                <SequencePoint vc="1" uspid="2375" ordinal="0" offset="7" sl="34" sc="9" el="34" ec="9" bec="0" bev="0" fileid="44" />
                <SequencePoint vc="1" uspid="2376" ordinal="0" offset="31" sl="35" sc="9" el="35" ec="9" bec="0" bev="0" fileid="44" />
                <SequencePoint vc="1" uspid="2377" ordinal="0" offset="45" sl="36" sc="9" el="36" ec="9" bec="0" bev="0" fileid="44" />
                <SequencePoint vc="1" uspid="2378" ordinal="0" offset="63" sl="38" sc="9" el="38" ec="9" bec="0" bev="0" fileid="44" />
                <SequencePoint vc="1" uspid="2379" ordinal="0" offset="90" sl="41" sc="9" el="41" ec="9" bec="0" bev="0" fileid="44" />
                <SequencePoint vc="1" uspid="2380" ordinal="0" offset="114" sl="42" sc="9" el="42" ec="9" bec="0" bev="0" fileid="44" />
                <SequencePoint vc="1" uspid="2381" ordinal="0" offset="127" sl="43" sc="9" el="43" ec="9" bec="0" bev="0" fileid="44" />
                <SequencePoint vc="1" uspid="2382" ordinal="0" offset="140" sl="44" sc="5" el="44" ec="5" bec="0" bev="0" fileid="44" />
              </SequencePoints>
              <BranchPoints />
            </Method>
            <Method visited="true" cyclomaticComplexity="0" nPathComplexity="0" sequenceCoverage="100.0" branchCoverage="0" crapScore="0" isConstructor="false" isStatic="false" isGetter="false" isSetter="false">
              <Summary numSequencePoints="10" visitedSequencePoints="10" numBranchPoints="0" visitedBranchPoints="0" sequenceCoverage="100.0" branchCoverage="0" maxCyclomaticComplexity="0" minCyclomaticComplexity="0" maxCrapScore="0" minCrapScore="0" visitedClasses="0" numClasses="0" visitedMethods="1" numMethods="1" />
              <MetadataToken>100663310</MetadataToken>
              <Name>System.Void PlayerJumpLogicTests::JumpImpulse_OnlyOnce_OnInitialPress()</Name>
              <FileRef uid="44" />
              <SequencePoints>
                <SequencePoint vc="1" uspid="2383" ordinal="0" offset="0" sl="49" sc="5" el="49" ec="5" bec="0" bev="0" fileid="44" />
                <SequencePoint vc="1" uspid="2384" ordinal="0" offset="1" sl="50" sc="9" el="50" ec="9" bec="0" bev="0" fileid="44" />
                <SequencePoint vc="1" uspid="2385" ordinal="0" offset="7" sl="51" sc="9" el="51" ec="9" bec="0" bev="0" fileid="44" />
                <SequencePoint vc="1" uspid="2386" ordinal="0" offset="20" sl="52" sc="9" el="52" ec="9" bec="0" bev="0" fileid="44" />
                <SequencePoint vc="1" uspid="2387" ordinal="0" offset="34" sl="53" sc="9" el="53" ec="9" bec="0" bev="0" fileid="44" />
                <SequencePoint vc="1" uspid="2388" ordinal="0" offset="40" sl="56" sc="9" el="56" ec="9" bec="0" bev="0" fileid="44" />
                <SequencePoint vc="1" uspid="2389" ordinal="0" offset="67" sl="57" sc="9" el="57" ec="9" bec="0" bev="0" fileid="44" />
                <SequencePoint vc="1" uspid="2390" ordinal="0" offset="80" sl="60" sc="9" el="60" ec="9" bec="0" bev="0" fileid="44" />
                <SequencePoint vc="1" uspid="2391" ordinal="0" offset="113" sl="61" sc="9" el="61" ec="9" bec="0" bev="0" fileid="44" />
                <SequencePoint vc="1" uspid="2392" ordinal="0" offset="126" sl="62" sc="5" el="62" ec="5" bec="0" bev="0" fileid="44" />
              </SequencePoints>
              <BranchPoints />
            </Method>
            <Method visited="true" cyclomaticComplexity="0" nPathComplexity="0" sequenceCoverage="100.0" branchCoverage="0" crapScore="0" isConstructor="false" isStatic="false" isGetter="false" isSetter="false">
              <Summary numSequencePoints="10" visitedSequencePoints="10" numBranchPoints="0" visitedBranchPoints="0" sequenceCoverage="100.0" branchCoverage="0" maxCyclomaticComplexity="0" minCyclomaticComplexity="0" maxCrapScore="0" minCrapScore="0" visitedClasses="0" numClasses="0" visitedMethods="1" numMethods="1" />
              <MetadataToken>100663311</MetadataToken>
              <Name>System.Void PlayerJumpLogicTests::Jumping_LeavesGround_BecomesInFlight()</Name>
              <FileRef uid="44" />
              <SequencePoints>
                <SequencePoint vc="1" uspid="2393" ordinal="0" offset="0" sl="67" sc="5" el="67" ec="5" bec="0" bev="0" fileid="44" />
                <SequencePoint vc="1" uspid="2394" ordinal="0" offset="1" sl="68" sc="9" el="68" ec="9" bec="0" bev="0" fileid="44" />
                <SequencePoint vc="1" uspid="2395" ordinal="0" offset="7" sl="69" sc="9" el="69" ec="9" bec="0" bev="0" fileid="44" />
                <SequencePoint vc="1" uspid="2396" ordinal="0" offset="20" sl="70" sc="9" el="70" ec="9" bec="0" bev="0" fileid="44" />
                <SequencePoint vc="1" uspid="2397" ordinal="0" offset="34" sl="71" sc="9" el="71" ec="9" bec="0" bev="0" fileid="44" />
                <SequencePoint vc="1" uspid="2398" ordinal="0" offset="40" sl="73" sc="9" el="73" ec="9" bec="0" bev="0" fileid="44" />
                <SequencePoint vc="1" uspid="2399" ordinal="0" offset="67" sl="74" sc="9" el="74" ec="9" bec="0" bev="0" fileid="44" />
                <SequencePoint vc="1" uspid="2400" ordinal="0" offset="75" sl="75" sc="9" el="75" ec="9" bec="0" bev="0" fileid="44" />
                <SequencePoint vc="1" uspid="2401" ordinal="0" offset="108" sl="77" sc="9" el="77" ec="9" bec="0" bev="0" fileid="44" />
                <SequencePoint vc="1" uspid="2402" ordinal="0" offset="132" sl="78" sc="5" el="78" ec="5" bec="0" bev="0" fileid="44" />
              </SequencePoints>
              <BranchPoints />
            </Method>
            <Method visited="true" cyclomaticComplexity="0" nPathComplexity="0" sequenceCoverage="100.0" branchCoverage="0" crapScore="0" isConstructor="false" isStatic="false" isGetter="false" isSetter="false">
              <Summary numSequencePoints="11" visitedSequencePoints="11" numBranchPoints="0" visitedBranchPoints="0" sequenceCoverage="100.0" branchCoverage="0" maxCyclomaticComplexity="0" minCyclomaticComplexity="0" maxCrapScore="0" minCrapScore="0" visitedClasses="0" numClasses="0" visitedMethods="1" numMethods="1" />
              <MetadataToken>100663312</MetadataToken>
              <Name>System.Void PlayerJumpLogicTests::ReleaseEarly_InAir_EnablesJumpCut_AndDeceleratesVy()</Name>
              <FileRef uid="44" />
              <SequencePoints>
                <SequencePoint vc="1" uspid="2403" ordinal="0" offset="0" sl="83" sc="5" el="83" ec="5" bec="0" bev="0" fileid="44" />
                <SequencePoint vc="1" uspid="2404" ordinal="0" offset="1" sl="84" sc="9" el="84" ec="9" bec="0" bev="0" fileid="44" />
                <SequencePoint vc="1" uspid="2405" ordinal="0" offset="7" sl="85" sc="9" el="85" ec="9" bec="0" bev="0" fileid="44" />
                <SequencePoint vc="1" uspid="2406" ordinal="0" offset="13" sl="86" sc="9" el="86" ec="9" bec="0" bev="0" fileid="44" />
                <SequencePoint vc="1" uspid="2407" ordinal="0" offset="27" sl="87" sc="9" el="87" ec="9" bec="0" bev="0" fileid="44" />
                <SequencePoint vc="1" uspid="2408" ordinal="0" offset="45" sl="90" sc="9" el="90" ec="9" bec="0" bev="0" fileid="44" />
                <SequencePoint vc="1" uspid="2409" ordinal="0" offset="52" sl="91" sc="9" el="91" ec="9" bec="0" bev="0" fileid="44" />
                <SequencePoint vc="1" uspid="2410" ordinal="0" offset="79" sl="92" sc="9" el="92" ec="9" bec="0" bev="0" fileid="44" />
                <SequencePoint vc="1" uspid="2411" ordinal="0" offset="92" sl="94" sc="9" el="94" ec="9" bec="0" bev="0" fileid="44" />
                <SequencePoint vc="1" uspid="2412" ordinal="0" offset="124" sl="103" sc="9" el="103" ec="9" bec="0" bev="0" fileid="44" />
                <SequencePoint vc="1" uspid="2413" ordinal="0" offset="155" sl="104" sc="5" el="104" ec="5" bec="0" bev="0" fileid="44" />
              </SequencePoints>
              <BranchPoints />
            </Method>
            <Method visited="true" cyclomaticComplexity="0" nPathComplexity="0" sequenceCoverage="100.0" branchCoverage="0" crapScore="0" isConstructor="false" isStatic="false" isGetter="false" isSetter="false">
              <Summary numSequencePoints="9" visitedSequencePoints="9" numBranchPoints="0" visitedBranchPoints="0" sequenceCoverage="100.0" branchCoverage="0" maxCyclomaticComplexity="0" minCyclomaticComplexity="0" maxCrapScore="0" minCrapScore="0" visitedClasses="0" numClasses="0" visitedMethods="1" numMethods="1" />
              <MetadataToken>100663313</MetadataToken>
              <Name>System.Void PlayerJumpLogicTests::ReleaseWhileDescending_DoesNotDecelerate()</Name>
              <FileRef uid="44" />
              <SequencePoints>
                <SequencePoint vc="1" uspid="2414" ordinal="0" offset="0" sl="109" sc="5" el="109" ec="5" bec="0" bev="0" fileid="44" />
                <SequencePoint vc="1" uspid="2415" ordinal="0" offset="1" sl="110" sc="9" el="110" ec="9" bec="0" bev="0" fileid="44" />
                <SequencePoint vc="1" uspid="2416" ordinal="0" offset="7" sl="111" sc="9" el="111" ec="9" bec="0" bev="0" fileid="44" />
                <SequencePoint vc="1" uspid="2417" ordinal="0" offset="20" sl="112" sc="9" el="112" ec="9" bec="0" bev="0" fileid="44" />
                <SequencePoint vc="1" uspid="2418" ordinal="0" offset="34" sl="113" sc="9" el="113" ec="9" bec="0" bev="0" fileid="44" />
                <SequencePoint vc="1" uspid="2419" ordinal="0" offset="52" sl="116" sc="9" el="116" ec="9" bec="0" bev="0" fileid="44" />
                <SequencePoint vc="1" uspid="2420" ordinal="0" offset="79" sl="120" sc="9" el="120" ec="9" bec="0" bev="0" fileid="44" />
                <SequencePoint vc="1" uspid="2421" ordinal="0" offset="117" sl="130" sc="9" el="130" ec="9" bec="0" bev="0" fileid="44" />
                <SequencePoint vc="1" uspid="2422" ordinal="0" offset="144" sl="131" sc="5" el="131" ec="5" bec="0" bev="0" fileid="44" />
              </SequencePoints>
              <BranchPoints />
            </Method>
            <Method visited="true" cyclomaticComplexity="0" nPathComplexity="0" sequenceCoverage="100.0" branchCoverage="0" crapScore="0" isConstructor="false" isStatic="false" isGetter="false" isSetter="false">
              <Summary numSequencePoints="10" visitedSequencePoints="10" numBranchPoints="0" visitedBranchPoints="0" sequenceCoverage="100.0" branchCoverage="0" maxCyclomaticComplexity="0" minCyclomaticComplexity="0" maxCrapScore="0" minCrapScore="0" visitedClasses="0" numClasses="0" visitedMethods="1" numMethods="1" />
              <MetadataToken>100663314</MetadataToken>
              <Name>System.Void PlayerJumpLogicTests::InFlight_To_Landed_WhenTouchingGround()</Name>
              <FileRef uid="44" />
              <SequencePoints>
                <SequencePoint vc="1" uspid="2423" ordinal="0" offset="0" sl="136" sc="5" el="136" ec="5" bec="0" bev="0" fileid="44" />
                <SequencePoint vc="1" uspid="2424" ordinal="0" offset="1" sl="137" sc="9" el="137" ec="9" bec="0" bev="0" fileid="44" />
                <SequencePoint vc="1" uspid="2425" ordinal="0" offset="7" sl="138" sc="9" el="138" ec="9" bec="0" bev="0" fileid="44" />
                <SequencePoint vc="1" uspid="2426" ordinal="0" offset="13" sl="139" sc="9" el="139" ec="9" bec="0" bev="0" fileid="44" />
                <SequencePoint vc="1" uspid="2427" ordinal="0" offset="27" sl="140" sc="9" el="140" ec="9" bec="0" bev="0" fileid="44" />
                <SequencePoint vc="1" uspid="2428" ordinal="0" offset="33" sl="142" sc="9" el="142" ec="9" bec="0" bev="0" fileid="44" />
                <SequencePoint vc="1" uspid="2429" ordinal="0" offset="60" sl="143" sc="9" el="143" ec="9" bec="0" bev="0" fileid="44" />
                <SequencePoint vc="1" uspid="2430" ordinal="0" offset="68" sl="144" sc="9" el="144" ec="9" bec="0" bev="0" fileid="44" />
                <SequencePoint vc="1" uspid="2431" ordinal="0" offset="101" sl="146" sc="9" el="146" ec="9" bec="0" bev="0" fileid="44" />
                <SequencePoint vc="1" uspid="2432" ordinal="0" offset="125" sl="147" sc="5" el="147" ec="5" bec="0" bev="0" fileid="44" />
              </SequencePoints>
              <BranchPoints />
            </Method>
            <Method visited="true" cyclomaticComplexity="0" nPathComplexity="0" sequenceCoverage="100.0" branchCoverage="0" crapScore="0" isConstructor="false" isStatic="false" isGetter="false" isSetter="false">
              <Summary numSequencePoints="8" visitedSequencePoints="8" numBranchPoints="0" visitedBranchPoints="0" sequenceCoverage="100.0" branchCoverage="0" maxCyclomaticComplexity="0" minCyclomaticComplexity="0" maxCrapScore="0" minCrapScore="0" visitedClasses="0" numClasses="0" visitedMethods="1" numMethods="1" />
              <MetadataToken>100663315</MetadataToken>
              <Name>System.Void PlayerJumpLogicTests::Landed_Returns_To_Grounded()</Name>
              <FileRef uid="44" />
              <SequencePoints>
                <SequencePoint vc="1" uspid="2433" ordinal="0" offset="0" sl="152" sc="5" el="152" ec="5" bec="0" bev="0" fileid="44" />
                <SequencePoint vc="1" uspid="2434" ordinal="0" offset="1" sl="153" sc="9" el="153" ec="9" bec="0" bev="0" fileid="44" />
                <SequencePoint vc="1" uspid="2435" ordinal="0" offset="7" sl="154" sc="9" el="154" ec="9" bec="0" bev="0" fileid="44" />
                <SequencePoint vc="1" uspid="2436" ordinal="0" offset="13" sl="155" sc="9" el="155" ec="9" bec="0" bev="0" fileid="44" />
                <SequencePoint vc="1" uspid="2437" ordinal="0" offset="27" sl="156" sc="9" el="156" ec="9" bec="0" bev="0" fileid="44" />
                <SequencePoint vc="1" uspid="2438" ordinal="0" offset="33" sl="158" sc="9" el="158" ec="9" bec="0" bev="0" fileid="44" />
                <SequencePoint vc="1" uspid="2439" ordinal="0" offset="60" sl="159" sc="9" el="159" ec="9" bec="0" bev="0" fileid="44" />
                <SequencePoint vc="1" uspid="2440" ordinal="0" offset="84" sl="160" sc="5" el="160" ec="5" bec="0" bev="0" fileid="44" />
              </SequencePoints>
              <BranchPoints />
            </Method>
            <Method visited="true" cyclomaticComplexity="0" nPathComplexity="0" sequenceCoverage="100.0" branchCoverage="0" crapScore="0" isConstructor="false" isStatic="false" isGetter="false" isSetter="false">
              <Summary numSequencePoints="8" visitedSequencePoints="8" numBranchPoints="0" visitedBranchPoints="0" sequenceCoverage="100.0" branchCoverage="0" maxCyclomaticComplexity="0" minCyclomaticComplexity="0" maxCrapScore="0" minCrapScore="0" visitedClasses="0" numClasses="0" visitedMethods="1" numMethods="1" />
              <MetadataToken>100663316</MetadataToken>
              <Name>System.Void PlayerJumpLogicTests::TargetVelocityX_Follows_MoveX_Times_MaxSpeed()</Name>
              <FileRef uid="44" />
              <SequencePoints>
                <SequencePoint vc="1" uspid="2441" ordinal="0" offset="0" sl="165" sc="5" el="165" ec="5" bec="0" bev="0" fileid="44" />
                <SequencePoint vc="1" uspid="2442" ordinal="0" offset="1" sl="166" sc="9" el="166" ec="9" bec="0" bev="0" fileid="44" />
                <SequencePoint vc="1" uspid="2443" ordinal="0" offset="7" sl="167" sc="9" el="167" ec="9" bec="0" bev="0" fileid="44" />
                <SequencePoint vc="1" uspid="2444" ordinal="0" offset="24" sl="168" sc="9" el="168" ec="9" bec="0" bev="0" fileid="44" />
                <SequencePoint vc="1" uspid="2445" ordinal="0" offset="38" sl="169" sc="9" el="169" ec="9" bec="0" bev="0" fileid="44" />
                <SequencePoint vc="1" uspid="2446" ordinal="0" offset="44" sl="171" sc="9" el="171" ec="9" bec="0" bev="0" fileid="44" />
                <SequencePoint vc="1" uspid="2447" ordinal="0" offset="71" sl="172" sc="9" el="172" ec="9" bec="0" bev="0" fileid="44" />
                <SequencePoint vc="1" uspid="2448" ordinal="0" offset="103" sl="173" sc="5" el="173" ec="5" bec="0" bev="0" fileid="44" />
              </SequencePoints>
              <BranchPoints />
            </Method>
            <Method visited="true" cyclomaticComplexity="0" nPathComplexity="0" sequenceCoverage="100.0" branchCoverage="0" crapScore="0" isConstructor="false" isStatic="false" isGetter="false" isSetter="false">
              <Summary numSequencePoints="9" visitedSequencePoints="9" numBranchPoints="0" visitedBranchPoints="0" sequenceCoverage="100.0" branchCoverage="0" maxCyclomaticComplexity="0" minCyclomaticComplexity="0" maxCrapScore="0" minCrapScore="0" visitedClasses="0" numClasses="0" visitedMethods="1" numMethods="1" />
              <MetadataToken>100663317</MetadataToken>
              <Name>System.Void PlayerJumpLogicTests::PressingJump_InAir_DoesNotImpulse()</Name>
              <FileRef uid="44" />
              <SequencePoints>
                <SequencePoint vc="1" uspid="2449" ordinal="0" offset="0" sl="178" sc="5" el="178" ec="5" bec="0" bev="0" fileid="44" />
                <SequencePoint vc="1" uspid="2450" ordinal="0" offset="1" sl="179" sc="9" el="179" ec="9" bec="0" bev="0" fileid="44" />
                <SequencePoint vc="1" uspid="2451" ordinal="0" offset="7" sl="180" sc="9" el="180" ec="9" bec="0" bev="0" fileid="44" />
                <SequencePoint vc="1" uspid="2452" ordinal="0" offset="20" sl="181" sc="9" el="181" ec="9" bec="0" bev="0" fileid="44" />
                <SequencePoint vc="1" uspid="2453" ordinal="0" offset="34" sl="182" sc="9" el="182" ec="9" bec="0" bev="0" fileid="44" />
                <SequencePoint vc="1" uspid="2454" ordinal="0" offset="40" sl="184" sc="9" el="184" ec="9" bec="0" bev="0" fileid="44" />
                <SequencePoint vc="1" uspid="2455" ordinal="0" offset="67" sl="185" sc="9" el="185" ec="9" bec="0" bev="0" fileid="44" />
                <SequencePoint vc="1" uspid="2456" ordinal="0" offset="80" sl="186" sc="9" el="186" ec="9" bec="0" bev="0" fileid="44" />
                <SequencePoint vc="1" uspid="2457" ordinal="0" offset="104" sl="187" sc="5" el="187" ec="5" bec="0" bev="0" fileid="44" />
              </SequencePoints>
              <BranchPoints />
            </Method>
            <Method visited="true" cyclomaticComplexity="0" nPathComplexity="0" sequenceCoverage="100.0" branchCoverage="0" crapScore="0" isConstructor="false" isStatic="false" isGetter="false" isSetter="false">
              <Summary numSequencePoints="5" visitedSequencePoints="5" numBranchPoints="0" visitedBranchPoints="0" sequenceCoverage="100.0" branchCoverage="0" maxCyclomaticComplexity="0" minCyclomaticComplexity="0" maxCrapScore="0" minCrapScore="0" visitedClasses="0" numClasses="0" visitedMethods="1" numMethods="1" />
              <MetadataToken>100663318</MetadataToken>
              <Name>System.Void PlayerJumpLogicTests::ComputeNewVelY_Impulse_Uses_JumpModifier()</Name>
              <FileRef uid="44" />
              <SequencePoints>
                <SequencePoint vc="1" uspid="2458" ordinal="0" offset="0" sl="192" sc="5" el="192" ec="5" bec="0" bev="0" fileid="44" />
                <SequencePoint vc="1" uspid="2459" ordinal="0" offset="1" sl="193" sc="9" el="193" ec="9" bec="0" bev="0" fileid="44" />
                <SequencePoint vc="1" uspid="2460" ordinal="0" offset="7" sl="194" sc="9" el="194" ec="9" bec="0" bev="0" fileid="44" />
                <SequencePoint vc="1" uspid="2461" ordinal="0" offset="37" sl="203" sc="9" el="203" ec="9" bec="0" bev="0" fileid="44" />
                <SequencePoint vc="1" uspid="2462" ordinal="0" offset="63" sl="204" sc="5" el="204" ec="5" bec="0" bev="0" fileid="44" />
              </SequencePoints>
              <BranchPoints />
            </Method>
            <Method visited="true" cyclomaticComplexity="0" nPathComplexity="0" sequenceCoverage="100.0" branchCoverage="0" crapScore="0" isConstructor="false" isStatic="false" isGetter="false" isSetter="false">
              <Summary numSequencePoints="5" visitedSequencePoints="5" numBranchPoints="0" visitedBranchPoints="0" sequenceCoverage="100.0" branchCoverage="0" maxCyclomaticComplexity="0" minCyclomaticComplexity="0" maxCrapScore="0" minCrapScore="0" visitedClasses="0" numClasses="0" visitedMethods="1" numMethods="1" />
              <MetadataToken>100663319</MetadataToken>
              <Name>System.Void PlayerJumpLogicTests::NoImpulse_When_NotGrounded()</Name>
              <FileRef uid="44" />
              <SequencePoints>
                <SequencePoint vc="1" uspid="2463" ordinal="0" offset="0" sl="209" sc="5" el="209" ec="5" bec="0" bev="0" fileid="44" />
                <SequencePoint vc="1" uspid="2464" ordinal="0" offset="1" sl="210" sc="9" el="210" ec="9" bec="0" bev="0" fileid="44" />
                <SequencePoint vc="1" uspid="2465" ordinal="0" offset="7" sl="211" sc="9" el="211" ec="9" bec="0" bev="0" fileid="44" />
                <SequencePoint vc="1" uspid="2466" ordinal="0" offset="37" sl="220" sc="9" el="220" ec="9" bec="0" bev="0" fileid="44" />
                <SequencePoint vc="1" uspid="2467" ordinal="0" offset="63" sl="221" sc="5" el="221" ec="5" bec="0" bev="0" fileid="44" />
              </SequencePoints>
              <BranchPoints />
            </Method>
            <Method visited="true" cyclomaticComplexity="0" nPathComplexity="0" sequenceCoverage="100.0" branchCoverage="0" crapScore="0" isConstructor="false" isStatic="false" isGetter="false" isSetter="false">
              <Summary numSequencePoints="22" visitedSequencePoints="22" numBranchPoints="0" visitedBranchPoints="0" sequenceCoverage="100.0" branchCoverage="0" maxCyclomaticComplexity="0" minCyclomaticComplexity="0" maxCrapScore="0" minCrapScore="0" visitedClasses="0" numClasses="0" visitedMethods="1" numMethods="1" />
              <MetadataToken>100663320</MetadataToken>
              <Name>System.Void PlayerJumpLogicTests::Jump_State_Progression_Grounded_To_Landed()</Name>
              <FileRef uid="44" />
              <SequencePoints>
                <SequencePoint vc="1" uspid="2468" ordinal="0" offset="0" sl="226" sc="5" el="226" ec="5" bec="0" bev="0" fileid="44" />
                <SequencePoint vc="1" uspid="2469" ordinal="0" offset="1" sl="227" sc="9" el="227" ec="9" bec="0" bev="0" fileid="44" />
                <SequencePoint vc="1" uspid="2470" ordinal="0" offset="7" sl="228" sc="9" el="228" ec="9" bec="0" bev="0" fileid="44" />
                <SequencePoint vc="1" uspid="2471" ordinal="0" offset="13" sl="229" sc="9" el="229" ec="9" bec="0" bev="0" fileid="44" />
                <SequencePoint vc="1" uspid="2472" ordinal="0" offset="19" sl="230" sc="9" el="230" ec="9" bec="0" bev="0" fileid="44" />
                <SequencePoint vc="1" uspid="2473" ordinal="0" offset="25" sl="232" sc="9" el="232" ec="9" bec="0" bev="0" fileid="44" />
                <SequencePoint vc="1" uspid="2474" ordinal="0" offset="28" sl="235" sc="9" el="235" ec="9" bec="0" bev="0" fileid="44" />
                <SequencePoint vc="1" uspid="2475" ordinal="0" offset="35" sl="236" sc="9" el="236" ec="9" bec="0" bev="0" fileid="44" />
                <SequencePoint vc="1" uspid="2476" ordinal="0" offset="63" sl="237" sc="9" el="237" ec="9" bec="0" bev="0" fileid="44" />
                <SequencePoint vc="1" uspid="2477" ordinal="0" offset="87" sl="238" sc="9" el="238" ec="9" bec="0" bev="0" fileid="44" />
                <SequencePoint vc="1" uspid="2478" ordinal="0" offset="100" sl="239" sc="9" el="239" ec="9" bec="0" bev="0" fileid="44" />
                <SequencePoint vc="1" uspid="2479" ordinal="0" offset="109" sl="242" sc="9" el="242" ec="9" bec="0" bev="0" fileid="44" />
                <SequencePoint vc="1" uspid="2480" ordinal="0" offset="117" sl="243" sc="9" el="243" ec="9" bec="0" bev="0" fileid="44" />
                <SequencePoint vc="1" uspid="2481" ordinal="0" offset="145" sl="244" sc="9" el="244" ec="9" bec="0" bev="0" fileid="44" />
                <SequencePoint vc="1" uspid="2482" ordinal="0" offset="169" sl="245" sc="9" el="245" ec="9" bec="0" bev="0" fileid="44" />
                <SequencePoint vc="1" uspid="2483" ordinal="0" offset="178" sl="248" sc="9" el="248" ec="9" bec="0" bev="0" fileid="44" />
                <SequencePoint vc="1" uspid="2484" ordinal="0" offset="186" sl="249" sc="9" el="249" ec="9" bec="0" bev="0" fileid="44" />
                <SequencePoint vc="1" uspid="2485" ordinal="0" offset="214" sl="250" sc="9" el="250" ec="9" bec="0" bev="0" fileid="44" />
                <SequencePoint vc="1" uspid="2486" ordinal="0" offset="238" sl="251" sc="9" el="251" ec="9" bec="0" bev="0" fileid="44" />
                <SequencePoint vc="1" uspid="2487" ordinal="0" offset="247" sl="254" sc="9" el="254" ec="9" bec="0" bev="0" fileid="44" />
                <SequencePoint vc="1" uspid="2488" ordinal="0" offset="275" sl="255" sc="9" el="255" ec="9" bec="0" bev="0" fileid="44" />
                <SequencePoint vc="1" uspid="2489" ordinal="0" offset="299" sl="256" sc="5" el="256" ec="5" bec="0" bev="0" fileid="44" />
              </SequencePoints>
              <BranchPoints />
            </Method>
            <Method visited="true" cyclomaticComplexity="0" nPathComplexity="0" sequenceCoverage="100.0" branchCoverage="0" crapScore="0" isConstructor="false" isStatic="false" isGetter="false" isSetter="false">
              <Summary numSequencePoints="15" visitedSequencePoints="15" numBranchPoints="0" visitedBranchPoints="0" sequenceCoverage="100.0" branchCoverage="0" maxCyclomaticComplexity="0" minCyclomaticComplexity="0" maxCrapScore="0" minCrapScore="0" visitedClasses="0" numClasses="0" visitedMethods="1" numMethods="1" />
              <MetadataToken>100663321</MetadataToken>
              <Name>System.Void PlayerJumpLogicTests::Jump_Cut_Applies_Deceleration_When_Releasing_Early()</Name>
              <FileRef uid="44" />
              <SequencePoints>
                <SequencePoint vc="1" uspid="2490" ordinal="0" offset="0" sl="261" sc="5" el="261" ec="5" bec="0" bev="0" fileid="44" />
                <SequencePoint vc="1" uspid="2491" ordinal="0" offset="1" sl="262" sc="9" el="262" ec="9" bec="0" bev="0" fileid="44" />
                <SequencePoint vc="1" uspid="2492" ordinal="0" offset="7" sl="263" sc="9" el="263" ec="9" bec="0" bev="0" fileid="44" />
                <SequencePoint vc="1" uspid="2493" ordinal="0" offset="13" sl="264" sc="9" el="264" ec="9" bec="0" bev="0" fileid="44" />
                <SequencePoint vc="1" uspid="2494" ordinal="0" offset="19" sl="265" sc="9" el="265" ec="9" bec="0" bev="0" fileid="44" />
                <SequencePoint vc="1" uspid="2495" ordinal="0" offset="49" sl="268" sc="9" el="268" ec="9" bec="0" bev="0" fileid="44" />
                <SequencePoint vc="1" uspid="2496" ordinal="0" offset="56" sl="269" sc="9" el="269" ec="9" bec="0" bev="0" fileid="44" />
                <SequencePoint vc="1" uspid="2497" ordinal="0" offset="83" sl="270" sc="9" el="270" ec="9" bec="0" bev="0" fileid="44" />
                <SequencePoint vc="1" uspid="2498" ordinal="0" offset="96" sl="273" sc="9" el="273" ec="9" bec="0" bev="0" fileid="44" />
                <SequencePoint vc="1" uspid="2499" ordinal="0" offset="104" sl="276" sc="9" el="276" ec="9" bec="0" bev="0" fileid="44" />
                <SequencePoint vc="1" uspid="2500" ordinal="0" offset="111" sl="277" sc="9" el="277" ec="9" bec="0" bev="0" fileid="44" />
                <SequencePoint vc="1" uspid="2501" ordinal="0" offset="138" sl="278" sc="9" el="278" ec="9" bec="0" bev="0" fileid="44" />
                <SequencePoint vc="1" uspid="2502" ordinal="0" offset="151" sl="281" sc="9" el="281" ec="9" bec="0" bev="0" fileid="44" />
                <SequencePoint vc="1" uspid="2503" ordinal="0" offset="184" sl="291" sc="9" el="291" ec="9" bec="0" bev="0" fileid="44" />
                <SequencePoint vc="1" uspid="2504" ordinal="0" offset="215" sl="292" sc="5" el="292" ec="5" bec="0" bev="0" fileid="44" />
              </SequencePoints>
              <BranchPoints />
            </Method>
            <Method visited="true" cyclomaticComplexity="0" nPathComplexity="0" sequenceCoverage="100.0" branchCoverage="0" crapScore="0" isConstructor="false" isStatic="false" isGetter="false" isSetter="false">
              <Summary numSequencePoints="12" visitedSequencePoints="12" numBranchPoints="0" visitedBranchPoints="0" sequenceCoverage="100.0" branchCoverage="0" maxCyclomaticComplexity="0" minCyclomaticComplexity="0" maxCrapScore="0" minCrapScore="0" visitedClasses="0" numClasses="0" visitedMethods="1" numMethods="1" />
              <MetadataToken>100663322</MetadataToken>
              <Name>System.Void PlayerJumpLogicTests::Grounded_NoInput_RemainsGrounded()</Name>
              <FileRef uid="44" />
              <SequencePoints>
                <SequencePoint vc="1" uspid="2505" ordinal="0" offset="0" sl="297" sc="5" el="297" ec="5" bec="0" bev="0" fileid="44" />
                <SequencePoint vc="1" uspid="2506" ordinal="0" offset="1" sl="298" sc="9" el="298" ec="9" bec="0" bev="0" fileid="44" />
                <SequencePoint vc="1" uspid="2507" ordinal="0" offset="7" sl="299" sc="9" el="299" ec="9" bec="0" bev="0" fileid="44" />
                <SequencePoint vc="1" uspid="2508" ordinal="0" offset="13" sl="300" sc="9" el="300" ec="9" bec="0" bev="0" fileid="44" />
                <SequencePoint vc="1" uspid="2509" ordinal="0" offset="27" sl="301" sc="9" el="301" ec="9" bec="0" bev="0" fileid="44" />
                <SequencePoint vc="1" uspid="2510" ordinal="0" offset="33" sl="303" sc="9" el="303" ec="9" bec="0" bev="0" fileid="44" />
                <SequencePoint vc="1" uspid="2511" ordinal="0" offset="36" sl="305" sc="9" el="305" ec="9" bec="0" bev="0" fileid="44" />
                <SequencePoint vc="1" uspid="2512" ordinal="0" offset="64" sl="309" sc="9" el="309" ec="9" bec="0" bev="0" fileid="44" />
                <SequencePoint vc="1" uspid="2513" ordinal="0" offset="88" sl="312" sc="9" el="312" ec="9" bec="0" bev="0" fileid="44" />
                <SequencePoint vc="1" uspid="2514" ordinal="0" offset="101" sl="313" sc="9" el="313" ec="9" bec="0" bev="0" fileid="44" />
                <SequencePoint vc="1" uspid="2515" ordinal="0" offset="114" sl="316" sc="9" el="316" ec="9" bec="0" bev="0" fileid="44" />
                <SequencePoint vc="1" uspid="2516" ordinal="0" offset="146" sl="317" sc="5" el="317" ec="5" bec="0" bev="0" fileid="44" />
              </SequencePoints>
              <BranchPoints />
            </Method>
          </Methods>
        </Class>
        <Class>
          <Summary numSequencePoints="3" visitedSequencePoints="3" numBranchPoints="0" visitedBranchPoints="0" sequenceCoverage="100.0" branchCoverage="0.0" maxCyclomaticComplexity="0" minCyclomaticComplexity="0" maxCrapScore="0" minCrapScore="0" visitedClasses="1" numClasses="1" visitedMethods="1" numMethods="1" />
          <FullName>SanityCheck</FullName>
          <Methods>
            <Method visited="true" cyclomaticComplexity="0" nPathComplexity="0" sequenceCoverage="100.0" branchCoverage="0" crapScore="0" isConstructor="false" isStatic="false" isGetter="false" isSetter="false">
              <Summary numSequencePoints="3" visitedSequencePoints="3" numBranchPoints="0" visitedBranchPoints="0" sequenceCoverage="100.0" branchCoverage="0" maxCyclomaticComplexity="0" minCyclomaticComplexity="0" maxCrapScore="0" minCrapScore="0" visitedClasses="0" numClasses="0" visitedMethods="1" numMethods="1" />
              <MetadataToken>100663324</MetadataToken>
              <Name>System.Void SanityCheck::SanitCheckEditModeWorks()</Name>
              <FileRef uid="45" />
              <SequencePoints>
                <SequencePoint vc="1" uspid="2517" ordinal="0" offset="0" sl="12" sc="5" el="12" ec="5" bec="0" bev="0" fileid="45" />
                <SequencePoint vc="1" uspid="2518" ordinal="0" offset="1" sl="14" sc="9" el="14" ec="9" bec="0" bev="0" fileid="45" />
                <SequencePoint vc="1" uspid="2519" ordinal="0" offset="29" sl="15" sc="5" el="15" ec="5" bec="0" bev="0" fileid="45" />
              </SequencePoints>
              <BranchPoints />
            </Method>
          </Methods>
        </Class>
      </Classes>
    </Module>
  </Modules>
</CoverageSession>