<?xml version="1.0" encoding="utf-8"?>
<CoverageSession xmlns:xsd="http://www.w3.org/2001/XMLSchema" xmlns:xsi="http://www.w3.org/2001/XMLSchema-instance" Version="0.0.0.0">
  <Summary numSequencePoints="245" visitedSequencePoints="175" numBranchPoints="0" visitedBranchPoints="0" sequenceCoverage="71.43" branchCoverage="0.0" maxCyclomaticComplexity="0" minCyclomaticComplexity="0" maxCrapScore="0" minCrapScore="0" visitedClasses="6" numClasses="10" visitedMethods="30" numMethods="51" />
  <Modules>
    <Module>
      <Summary numSequencePoints="97" visitedSequencePoints="27" numBranchPoints="0" visitedBranchPoints="0" sequenceCoverage="27.84" branchCoverage="0.0" maxCyclomaticComplexity="0" minCyclomaticComplexity="0" maxCrapScore="0" minCrapScore="0" visitedClasses="1" numClasses="5" visitedMethods="4" numMethods="25" />
      <ModuleTime>0001-01-01T00:00:00</ModuleTime>
      <ModuleName>Platformer.Runtime</ModuleName>
      <Files>
        <File uid="8" fullPath="C:/Users/corsi/Unity/Fortis Prompt/Assets/Scripts/Mechanics/PlayAudioClip.cs" />
        <File uid="9" fullPath="C:/Users/corsi/Unity/Fortis Prompt/Assets/Scripts/View/AnimatedTile.cs" />
        <File uid="10" fullPath="C:/Users/corsi/Unity/Fortis Prompt/Assets/Scripts/View/ParallaxLayer.cs" />
        <File uid="11" fullPath="C:/Users/corsi/Unity/Fortis Prompt/Assets/Scripts/UI/MainUIController.cs" />
        <File uid="12" fullPath="C:/Users/corsi/Unity/Fortis Prompt/Assets/Scripts/UI/MetaGameController.cs" />
        <File uid="13" fullPath="C:/Users/corsi/Unity/Fortis Prompt/Assets/Scripts/Model/PlatformerModel.cs" />
        <File uid="14" fullPath="C:/Users/corsi/Unity/Fortis Prompt/Assets/Scripts/Mechanics/AnimationController.cs" />
        <File uid="15" fullPath="C:/Users/corsi/Unity/Fortis Prompt/Assets/Scripts/Mechanics/DeathZone.cs" />
        <File uid="16" fullPath="C:/Users/corsi/Unity/Fortis Prompt/Assets/Scripts/Mechanics/EnemyController.cs" />
        <File uid="17" fullPath="C:/Users/corsi/Unity/Fortis Prompt/Assets/Scripts/Mechanics/GameController.cs" />
        <File uid="18" fullPath="C:/Users/corsi/Unity/Fortis Prompt/Assets/Scripts/Mechanics/Health.cs" />
        <File uid="19" fullPath="C:/Users/corsi/Unity/Fortis Prompt/Assets/Scripts/Mechanics/KinematicObject.cs" />
        <File uid="20" fullPath="C:/Users/corsi/Unity/Fortis Prompt/Assets/Scripts/Mechanics/PatrolPath.cs" />
        <File uid="21" fullPath="C:/Users/corsi/Unity/Fortis Prompt/Assets/Scripts/Mechanics/PlayerController.cs" />
        <File uid="22" fullPath="C:/Users/corsi/Unity/Fortis Prompt/Assets/Scripts/Mechanics/TokenController.cs" />
        <File uid="23" fullPath="C:/Users/corsi/Unity/Fortis Prompt/Assets/Scripts/Mechanics/TokenInstance.cs" />
        <File uid="24" fullPath="C:/Users/corsi/Unity/Fortis Prompt/Assets/Scripts/Mechanics/VictoryZone.cs" />
        <File uid="25" fullPath="C:/Users/corsi/Unity/Fortis Prompt/Assets/Scripts/Gameplay/EnablePlayerInput.cs" />
        <File uid="26" fullPath="C:/Users/corsi/Unity/Fortis Prompt/Assets/Scripts/Gameplay/EnemyDeath.cs" />
        <File uid="27" fullPath="C:/Users/corsi/Unity/Fortis Prompt/Assets/Scripts/Gameplay/HealthIsZero.cs" />
        <File uid="28" fullPath="C:/Users/corsi/Unity/Fortis Prompt/Assets/Scripts/Gameplay/PlayerDeath.cs" />
        <File uid="29" fullPath="C:/Users/corsi/Unity/Fortis Prompt/Assets/Scripts/Gameplay/PlayerEnemyCollision.cs" />
        <File uid="30" fullPath="C:/Users/corsi/Unity/Fortis Prompt/Assets/Scripts/Gameplay/PlayerEnteredDeathZone.cs" />
        <File uid="31" fullPath="C:/Users/corsi/Unity/Fortis Prompt/Assets/Scripts/Gameplay/PlayerEnteredVictoryZone.cs" />
        <File uid="32" fullPath="C:/Users/corsi/Unity/Fortis Prompt/Assets/Scripts/Gameplay/PlayerJumped.cs" />
        <File uid="33" fullPath="C:/Users/corsi/Unity/Fortis Prompt/Assets/Scripts/Gameplay/PlayerJumpLogic.cs" />
        <File uid="34" fullPath="C:/Users/corsi/Unity/Fortis Prompt/Assets/Scripts/Gameplay/PlayerLanded.cs" />
        <File uid="35" fullPath="C:/Users/corsi/Unity/Fortis Prompt/Assets/Scripts/Gameplay/PlayerSpawn.cs" />
        <File uid="36" fullPath="C:/Users/corsi/Unity/Fortis Prompt/Assets/Scripts/Gameplay/PlayerStopJump.cs" />
        <File uid="37" fullPath="C:/Users/corsi/Unity/Fortis Prompt/Assets/Scripts/Gameplay/PlayerTokenCollision.cs" />
        <File uid="38" fullPath="C:/Users/corsi/Unity/Fortis Prompt/Assets/Scripts/Core/Fuzzy.cs" />
        <File uid="39" fullPath="C:/Users/corsi/Unity/Fortis Prompt/Assets/Scripts/Core/HeapQueue.cs" />
        <File uid="40" fullPath="C:/Users/corsi/Unity/Fortis Prompt/Assets/Scripts/Core/Simulation.cs" />
        <File uid="41" fullPath="C:/Users/corsi/Unity/Fortis Prompt/Assets/Scripts/Mechanics/PatrolPath.Mover.cs" />
        <File uid="42" fullPath="C:/Users/corsi/Unity/Fortis Prompt/Assets/Scripts/Core/Simulation.Event.cs" />
        <File uid="43" fullPath="C:/Users/corsi/Unity/Fortis Prompt/Assets/Scripts/Core/Simulation.InstanceRegister.cs" />
      </Files>
      <Classes>
        <Class>
          <Summary numSequencePoints="27" visitedSequencePoints="27" numBranchPoints="0" visitedBranchPoints="0" sequenceCoverage="100.0" branchCoverage="0.0" maxCyclomaticComplexity="0" minCyclomaticComplexity="0" maxCrapScore="0" minCrapScore="0" visitedClasses="1" numClasses="1" visitedMethods="4" numMethods="4" />
          <FullName>Platformer.Gameplay.PlayerJumpLogic</FullName>
          <Methods>
            <Method visited="true" cyclomaticComplexity="0" nPathComplexity="0" sequenceCoverage="100.0" branchCoverage="0" crapScore="0" isConstructor="false" isStatic="false" isGetter="true" isSetter="false">
              <Summary numSequencePoints="1" visitedSequencePoints="1" numBranchPoints="0" visitedBranchPoints="0" sequenceCoverage="100.0" branchCoverage="0" maxCyclomaticComplexity="0" minCyclomaticComplexity="0" maxCrapScore="0" minCrapScore="0" visitedClasses="0" numClasses="0" visitedMethods="1" numMethods="1" />
              <MetadataToken>100663400</MetadataToken>
              <Name>Platformer.Gameplay.JumpState Platformer.Gameplay.PlayerJumpLogic::get_State()</Name>
              <FileRef uid="33" />
              <SequencePoints>
                <SequencePoint vc="76" uspid="1298" ordinal="0" offset="0" sl="17" sc="34" el="17" ec="34" bec="0" bev="0" fileid="33" />
              </SequencePoints>
              <BranchPoints />
            </Method>
            <Method visited="true" cyclomaticComplexity="0" nPathComplexity="0" sequenceCoverage="100.0" branchCoverage="0" crapScore="0" isConstructor="false" isStatic="false" isGetter="false" isSetter="true">
              <Summary numSequencePoints="1" visitedSequencePoints="1" numBranchPoints="0" visitedBranchPoints="0" sequenceCoverage="100.0" branchCoverage="0" maxCyclomaticComplexity="0" minCyclomaticComplexity="0" maxCrapScore="0" minCrapScore="0" visitedClasses="0" numClasses="0" visitedMethods="1" numMethods="1" />
              <MetadataToken>100663401</MetadataToken>
              <Name>System.Void Platformer.Gameplay.PlayerJumpLogic::set_State(Platformer.Gameplay.JumpState)</Name>
              <FileRef uid="33" />
              <SequencePoints>
                <SequencePoint vc="37" uspid="1299" ordinal="0" offset="0" sl="17" sc="39" el="17" ec="39" bec="0" bev="0" fileid="33" />
              </SequencePoints>
              <BranchPoints />
            </Method>
            <Method visited="true" cyclomaticComplexity="0" nPathComplexity="0" sequenceCoverage="100.0" branchCoverage="0" crapScore="0" isConstructor="false" isStatic="false" isGetter="false" isSetter="false">
              <Summary numSequencePoints="19" visitedSequencePoints="19" numBranchPoints="0" visitedBranchPoints="0" sequenceCoverage="100.0" branchCoverage="0" maxCyclomaticComplexity="0" minCyclomaticComplexity="0" maxCrapScore="0" minCrapScore="0" visitedClasses="0" numClasses="0" visitedMethods="1" numMethods="1" />
              <MetadataToken>100663402</MetadataToken>
              <Name>Platformer.Gameplay.TickOutput Platformer.Gameplay.PlayerJumpLogic::Tick(Platformer.Gameplay.JumpState, Platformer.Interfaces.IPlayerInput, Platformer.Interfaces.IGroundProbe, Platformer.Interfaces.IJumpModel, System.Single, System.Single, System.Single)</Name>
              <FileRef uid="33" />
              <SequencePoints>
                <SequencePoint vc="19" uspid="1300" ordinal="0" offset="0" sl="28" sc="13" el="28" ec="13" bec="0" bev="0" fileid="33" />
                <SequencePoint vc="19" uspid="1301" ordinal="0" offset="7" sl="29" sc="13" el="29" ec="13" bec="0" bev="0" fileid="33" />
                <SequencePoint vc="19" uspid="1302" ordinal="0" offset="46" sl="32" sc="13" el="32" ec="13" bec="0" bev="0" fileid="33" />
                <SequencePoint vc="5" uspid="1303" ordinal="0" offset="62" sl="33" sc="17" el="33" ec="17" bec="0" bev="0" fileid="33" />
                <SequencePoint vc="14" uspid="1304" ordinal="0" offset="71" sl="34" sc="18" el="34" ec="18" bec="0" bev="0" fileid="33" />
                <SequencePoint vc="3" uspid="1305" ordinal="0" offset="79" sl="35" sc="17" el="35" ec="17" bec="0" bev="0" fileid="33" />
                <SequencePoint vc="19" uspid="1306" ordinal="0" offset="87" sl="38" sc="13" el="38" ec="13" bec="0" bev="0" fileid="33" />
                <SequencePoint vc="5" uspid="1307" ordinal="0" offset="120" sl="41" sc="21" el="41" ec="21" bec="0" bev="0" fileid="33" />
                <SequencePoint vc="5" uspid="1308" ordinal="0" offset="127" sl="42" sc="21" el="42" ec="21" bec="0" bev="0" fileid="33" />
                <SequencePoint vc="5" uspid="1309" ordinal="0" offset="135" sl="43" sc="21" el="43" ec="21" bec="0" bev="0" fileid="33" />
                <SequencePoint vc="5" uspid="1310" ordinal="0" offset="137" sl="46" sc="21" el="46" ec="21" bec="0" bev="0" fileid="33" />
                <SequencePoint vc="4" uspid="1311" ordinal="0" offset="145" sl="46" sc="45" el="46" ec="45" bec="0" bev="0" fileid="33" />
                <SequencePoint vc="4" uspid="1312" ordinal="0" offset="152" sl="47" sc="21" el="47" ec="21" bec="0" bev="0" fileid="33" />
                <SequencePoint vc="5" uspid="1313" ordinal="0" offset="154" sl="50" sc="21" el="50" ec="21" bec="0" bev="0" fileid="33" />
                <SequencePoint vc="2" uspid="1314" ordinal="0" offset="162" sl="50" sc="44" el="50" ec="44" bec="0" bev="0" fileid="33" />
                <SequencePoint vc="2" uspid="1315" ordinal="0" offset="169" sl="51" sc="21" el="51" ec="21" bec="0" bev="0" fileid="33" />
                <SequencePoint vc="2" uspid="1316" ordinal="0" offset="171" sl="54" sc="21" el="54" ec="21" bec="0" bev="0" fileid="33" />
                <SequencePoint vc="19" uspid="1317" ordinal="0" offset="178" sl="58" sc="13" el="58" ec="13" bec="0" bev="0" fileid="33" />
                <SequencePoint vc="19" uspid="1318" ordinal="0" offset="191" sl="59" sc="13" el="59" ec="13" bec="0" bev="0" fileid="33" />
              </SequencePoints>
              <BranchPoints />
            </Method>
            <Method visited="true" cyclomaticComplexity="0" nPathComplexity="0" sequenceCoverage="100.0" branchCoverage="0" crapScore="0" isConstructor="false" isStatic="false" isGetter="false" isSetter="false">
              <Summary numSequencePoints="6" visitedSequencePoints="6" numBranchPoints="0" visitedBranchPoints="0" sequenceCoverage="100.0" branchCoverage="0" maxCyclomaticComplexity="0" minCyclomaticComplexity="0" maxCrapScore="0" minCrapScore="0" visitedClasses="0" numClasses="0" visitedMethods="1" numMethods="1" />
              <MetadataToken>100663403</MetadataToken>
              <Name>System.Single Platformer.Gameplay.PlayerJumpLogic::ComputeNewVelY(System.Boolean, System.Single, System.Boolean, System.Boolean, System.Single, System.Single, System.Single)</Name>
              <FileRef uid="33" />
              <SequencePoints>
                <SequencePoint vc="5" uspid="1319" ordinal="0" offset="0" sl="65" sc="13" el="65" ec="13" bec="0" bev="0" fileid="33" />
                <SequencePoint vc="5" uspid="1320" ordinal="0" offset="2" sl="67" sc="13" el="67" ec="13" bec="0" bev="0" fileid="33" />
                <SequencePoint vc="1" uspid="1321" ordinal="0" offset="7" sl="69" sc="17" el="69" ec="17" bec="0" bev="0" fileid="33" />
                <SequencePoint vc="4" uspid="1322" ordinal="0" offset="15" sl="71" sc="18" el="71" ec="18" bec="0" bev="0" fileid="33" />
                <SequencePoint vc="2" uspid="1323" ordinal="0" offset="27" sl="73" sc="17" el="73" ec="17" bec="0" bev="0" fileid="33" />
                <SequencePoint vc="5" uspid="1324" ordinal="0" offset="32" sl="76" sc="13" el="76" ec="13" bec="0" bev="0" fileid="33" />
              </SequencePoints>
              <BranchPoints />
            </Method>
          </Methods>
        </Class>
        <Class>
          <Summary numSequencePoints="46" visitedSequencePoints="0" numBranchPoints="0" visitedBranchPoints="0" sequenceCoverage="0.0" branchCoverage="0.0" maxCyclomaticComplexity="0" minCyclomaticComplexity="0" maxCrapScore="0" minCrapScore="0" visitedClasses="0" numClasses="1" visitedMethods="0" numMethods="13" />
          <FullName>Platformer.Core.HeapQueue[T]</FullName>
          <Methods>
            <Method visited="false" cyclomaticComplexity="0" nPathComplexity="0" sequenceCoverage="0.0" branchCoverage="0" crapScore="0" isConstructor="false" isStatic="false" isGetter="true" isSetter="false">
              <Summary numSequencePoints="1" visitedSequencePoints="0" numBranchPoints="0" visitedBranchPoints="0" sequenceCoverage="0.0" branchCoverage="0" maxCyclomaticComplexity="0" minCyclomaticComplexity="0" maxCrapScore="0" minCrapScore="0" visitedClasses="0" numClasses="0" visitedMethods="0" numMethods="1" />
              <MetadataToken>100663417</MetadataToken>
              <Name>System.Int32 Platformer.Core.HeapQueue[T]::get_Count()</Name>
              <FileRef uid="39" />
              <SequencePoints>
                <SequencePoint vc="0" uspid="1350" ordinal="0" offset="0" sl="14" sc="0" el="14" ec="0" bec="0" bev="0" fileid="39" />
              </SequencePoints>
              <BranchPoints />
            </Method>
            <Method visited="false" cyclomaticComplexity="0" nPathComplexity="0" sequenceCoverage="0.0" branchCoverage="0" crapScore="0" isConstructor="false" isStatic="false" isGetter="true" isSetter="false">
              <Summary numSequencePoints="1" visitedSequencePoints="0" numBranchPoints="0" visitedBranchPoints="0" sequenceCoverage="0.0" branchCoverage="0" maxCyclomaticComplexity="0" minCyclomaticComplexity="0" maxCrapScore="0" minCrapScore="0" visitedClasses="0" numClasses="0" visitedMethods="0" numMethods="1" />
              <MetadataToken>100663418</MetadataToken>
              <Name>System.Boolean Platformer.Core.HeapQueue[T]::get_IsEmpty()</Name>
              <FileRef uid="39" />
              <SequencePoints>
                <SequencePoint vc="0" uspid="1351" ordinal="0" offset="0" sl="16" sc="0" el="16" ec="0" bec="0" bev="0" fileid="39" />
              </SequencePoints>
              <BranchPoints />
            </Method>
            <Method visited="false" cyclomaticComplexity="0" nPathComplexity="0" sequenceCoverage="0.0" branchCoverage="0" crapScore="0" isConstructor="false" isStatic="false" isGetter="true" isSetter="false">
              <Summary numSequencePoints="1" visitedSequencePoints="0" numBranchPoints="0" visitedBranchPoints="0" sequenceCoverage="0.0" branchCoverage="0" maxCyclomaticComplexity="0" minCyclomaticComplexity="0" maxCrapScore="0" minCrapScore="0" visitedClasses="0" numClasses="0" visitedMethods="0" numMethods="1" />
              <MetadataToken>100663419</MetadataToken>
              <Name>T Platformer.Core.HeapQueue[T]::get_First()</Name>
              <FileRef uid="39" />
              <SequencePoints>
                <SequencePoint vc="0" uspid="1352" ordinal="0" offset="0" sl="18" sc="0" el="18" ec="0" bec="0" bev="0" fileid="39" />
              </SequencePoints>
              <BranchPoints />
            </Method>
            <Method visited="false" cyclomaticComplexity="0" nPathComplexity="0" sequenceCoverage="0.0" branchCoverage="0" crapScore="0" isConstructor="false" isStatic="false" isGetter="false" isSetter="false">
              <Summary numSequencePoints="1" visitedSequencePoints="0" numBranchPoints="0" visitedBranchPoints="0" sequenceCoverage="0.0" branchCoverage="0" maxCyclomaticComplexity="0" minCyclomaticComplexity="0" maxCrapScore="0" minCrapScore="0" visitedClasses="0" numClasses="0" visitedMethods="0" numMethods="1" />
              <MetadataToken>100663420</MetadataToken>
              <Name>System.Void Platformer.Core.HeapQueue[T]::Clear()</Name>
              <FileRef uid="39" />
              <SequencePoints>
                <SequencePoint vc="0" uspid="1353" ordinal="0" offset="0" sl="20" sc="0" el="20" ec="0" bec="0" bev="0" fileid="39" />
              </SequencePoints>
              <BranchPoints />
            </Method>
            <Method visited="false" cyclomaticComplexity="0" nPathComplexity="0" sequenceCoverage="0.0" branchCoverage="0" crapScore="0" isConstructor="false" isStatic="false" isGetter="false" isSetter="false">
              <Summary numSequencePoints="1" visitedSequencePoints="0" numBranchPoints="0" visitedBranchPoints="0" sequenceCoverage="0.0" branchCoverage="0" maxCyclomaticComplexity="0" minCyclomaticComplexity="0" maxCrapScore="0" minCrapScore="0" visitedClasses="0" numClasses="0" visitedMethods="0" numMethods="1" />
              <MetadataToken>100663421</MetadataToken>
              <Name>System.Boolean Platformer.Core.HeapQueue[T]::Contains(T)</Name>
              <FileRef uid="39" />
              <SequencePoints>
                <SequencePoint vc="0" uspid="1354" ordinal="0" offset="0" sl="22" sc="0" el="22" ec="0" bec="0" bev="0" fileid="39" />
              </SequencePoints>
              <BranchPoints />
            </Method>
            <Method visited="false" cyclomaticComplexity="0" nPathComplexity="0" sequenceCoverage="0.0" branchCoverage="0" crapScore="0" isConstructor="false" isStatic="false" isGetter="false" isSetter="false">
              <Summary numSequencePoints="1" visitedSequencePoints="0" numBranchPoints="0" visitedBranchPoints="0" sequenceCoverage="0.0" branchCoverage="0" maxCyclomaticComplexity="0" minCyclomaticComplexity="0" maxCrapScore="0" minCrapScore="0" visitedClasses="0" numClasses="0" visitedMethods="0" numMethods="1" />
              <MetadataToken>100663422</MetadataToken>
              <Name>System.Void Platformer.Core.HeapQueue[T]::Remove(T)</Name>
              <FileRef uid="39" />
              <SequencePoints>
                <SequencePoint vc="0" uspid="1355" ordinal="0" offset="0" sl="24" sc="0" el="24" ec="0" bec="0" bev="0" fileid="39" />
              </SequencePoints>
              <BranchPoints />
            </Method>
            <Method visited="false" cyclomaticComplexity="0" nPathComplexity="0" sequenceCoverage="0.0" branchCoverage="0" crapScore="0" isConstructor="false" isStatic="false" isGetter="false" isSetter="false">
              <Summary numSequencePoints="1" visitedSequencePoints="0" numBranchPoints="0" visitedBranchPoints="0" sequenceCoverage="0.0" branchCoverage="0" maxCyclomaticComplexity="0" minCyclomaticComplexity="0" maxCrapScore="0" minCrapScore="0" visitedClasses="0" numClasses="0" visitedMethods="0" numMethods="1" />
              <MetadataToken>100663423</MetadataToken>
              <Name>T Platformer.Core.HeapQueue[T]::Peek()</Name>
              <FileRef uid="39" />
              <SequencePoints>
                <SequencePoint vc="0" uspid="1356" ordinal="0" offset="0" sl="26" sc="0" el="26" ec="0" bec="0" bev="0" fileid="39" />
              </SequencePoints>
              <BranchPoints />
            </Method>
            <Method visited="false" cyclomaticComplexity="0" nPathComplexity="0" sequenceCoverage="0.0" branchCoverage="0" crapScore="0" isConstructor="false" isStatic="false" isGetter="false" isSetter="false">
              <Summary numSequencePoints="3" visitedSequencePoints="0" numBranchPoints="0" visitedBranchPoints="0" sequenceCoverage="0.0" branchCoverage="0" maxCyclomaticComplexity="0" minCyclomaticComplexity="0" maxCrapScore="0" minCrapScore="0" visitedClasses="0" numClasses="0" visitedMethods="0" numMethods="1" />
              <MetadataToken>100663425</MetadataToken>
              <Name>System.Void Platformer.Core.HeapQueue[T]::Push(T)</Name>
              <FileRef uid="39" />
              <SequencePoints>
                <SequencePoint vc="0" uspid="1357" ordinal="0" offset="0" sl="36" sc="0" el="36" ec="0" bec="0" bev="0" fileid="39" />
                <SequencePoint vc="0" uspid="1358" ordinal="0" offset="12" sl="38" sc="0" el="38" ec="0" bec="0" bev="0" fileid="39" />
                <SequencePoint vc="0" uspid="1359" ordinal="0" offset="32" sl="39" sc="0" el="39" ec="0" bec="0" bev="0" fileid="39" />
              </SequencePoints>
              <BranchPoints />
            </Method>
            <Method visited="false" cyclomaticComplexity="0" nPathComplexity="0" sequenceCoverage="0.0" branchCoverage="0" crapScore="0" isConstructor="false" isStatic="false" isGetter="false" isSetter="false">
              <Summary numSequencePoints="8" visitedSequencePoints="0" numBranchPoints="0" visitedBranchPoints="0" sequenceCoverage="0.0" branchCoverage="0" maxCyclomaticComplexity="0" minCyclomaticComplexity="0" maxCrapScore="0" minCrapScore="0" visitedClasses="0" numClasses="0" visitedMethods="0" numMethods="1" />
              <MetadataToken>100663426</MetadataToken>
              <Name>T Platformer.Core.HeapQueue[T]::Pop()</Name>
              <FileRef uid="39" />
              <SequencePoints>
                <SequencePoint vc="0" uspid="1360" ordinal="0" offset="0" sl="48" sc="0" el="48" ec="0" bec="0" bev="0" fileid="39" />
                <SequencePoint vc="0" uspid="1361" ordinal="0" offset="25" sl="49" sc="0" el="49" ec="0" bec="0" bev="0" fileid="39" />
                <SequencePoint vc="0" uspid="1362" ordinal="0" offset="49" sl="50" sc="0" el="50" ec="0" bec="0" bev="0" fileid="39" />
                <SequencePoint vc="0" uspid="1363" ordinal="0" offset="63" sl="52" sc="0" el="52" ec="0" bec="0" bev="0" fileid="39" />
                <SequencePoint vc="0" uspid="1364" ordinal="0" offset="76" sl="53" sc="0" el="53" ec="0" bec="0" bev="0" fileid="39" />
                <SequencePoint vc="0" uspid="1365" ordinal="0" offset="89" sl="54" sc="0" el="54" ec="0" bec="0" bev="0" fileid="39" />
                <SequencePoint vc="0" uspid="1366" ordinal="0" offset="97" sl="58" sc="0" el="58" ec="0" bec="0" bev="0" fileid="39" />
                <SequencePoint vc="0" uspid="1367" ordinal="0" offset="99" sl="60" sc="0" el="60" ec="0" bec="0" bev="0" fileid="39" />
              </SequencePoints>
              <BranchPoints />
            </Method>
            <Method visited="false" cyclomaticComplexity="0" nPathComplexity="0" sequenceCoverage="0.0" branchCoverage="0" crapScore="0" isConstructor="false" isStatic="false" isGetter="false" isSetter="false">
              <Summary numSequencePoints="1" visitedSequencePoints="0" numBranchPoints="0" visitedBranchPoints="0" sequenceCoverage="0.0" branchCoverage="0" maxCyclomaticComplexity="0" minCyclomaticComplexity="0" maxCrapScore="0" minCrapScore="0" visitedClasses="0" numClasses="0" visitedMethods="0" numMethods="1" />
              <MetadataToken>100663427</MetadataToken>
              <Name>System.Int32 Platformer.Core.HeapQueue[T]::Compare(T, T)</Name>
              <FileRef uid="39" />
              <SequencePoints>
                <SequencePoint vc="0" uspid="1368" ordinal="0" offset="0" sl="64" sc="0" el="64" ec="0" bec="0" bev="0" fileid="39" />
              </SequencePoints>
              <BranchPoints />
            </Method>
            <Method visited="false" cyclomaticComplexity="0" nPathComplexity="0" sequenceCoverage="0.0" branchCoverage="0" crapScore="0" isConstructor="false" isStatic="false" isGetter="false" isSetter="false">
              <Summary numSequencePoints="9" visitedSequencePoints="0" numBranchPoints="0" visitedBranchPoints="0" sequenceCoverage="0.0" branchCoverage="0" maxCyclomaticComplexity="0" minCyclomaticComplexity="0" maxCrapScore="0" minCrapScore="0" visitedClasses="0" numClasses="0" visitedMethods="0" numMethods="1" />
              <MetadataToken>100663428</MetadataToken>
              <Name>System.Void Platformer.Core.HeapQueue[T]::SiftDown(System.Int32, System.Int32)</Name>
              <FileRef uid="39" />
              <SequencePoints>
                <SequencePoint vc="0" uspid="1369" ordinal="0" offset="0" sl="69" sc="0" el="69" ec="0" bec="0" bev="0" fileid="39" />
                <SequencePoint vc="0" uspid="1370" ordinal="0" offset="15" sl="73" sc="0" el="73" ec="0" bec="0" bev="0" fileid="39" />
                <SequencePoint vc="0" uspid="1371" ordinal="0" offset="21" sl="74" sc="0" el="74" ec="0" bec="0" bev="0" fileid="39" />
                <SequencePoint vc="0" uspid="1372" ordinal="0" offset="34" sl="76" sc="0" el="76" ec="0" bec="0" bev="0" fileid="39" />
                <SequencePoint vc="0" uspid="1373" ordinal="0" offset="45" sl="79" sc="0" el="79" ec="0" bec="0" bev="0" fileid="39" />
                <SequencePoint vc="0" uspid="1374" ordinal="0" offset="58" sl="80" sc="0" el="80" ec="0" bec="0" bev="0" fileid="39" />
                <SequencePoint vc="0" uspid="1375" ordinal="0" offset="61" sl="70" sc="0" el="70" ec="0" bec="0" bev="0" fileid="39" />
                <SequencePoint vc="0" uspid="1376" ordinal="0" offset="65" sl="82" sc="0" el="82" ec="0" bec="0" bev="0" fileid="39" />
                <SequencePoint vc="0" uspid="1377" ordinal="0" offset="78" sl="83" sc="0" el="83" ec="0" bec="0" bev="0" fileid="39" />
              </SequencePoints>
              <BranchPoints />
            </Method>
            <Method visited="false" cyclomaticComplexity="0" nPathComplexity="0" sequenceCoverage="0.0" branchCoverage="0" crapScore="0" isConstructor="false" isStatic="false" isGetter="false" isSetter="false">
              <Summary numSequencePoints="15" visitedSequencePoints="0" numBranchPoints="0" visitedBranchPoints="0" sequenceCoverage="0.0" branchCoverage="0" maxCyclomaticComplexity="0" minCyclomaticComplexity="0" maxCrapScore="0" minCrapScore="0" visitedClasses="0" numClasses="0" visitedMethods="0" numMethods="1" />
              <MetadataToken>100663429</MetadataToken>
              <Name>System.Void Platformer.Core.HeapQueue[T]::SiftUp()</Name>
              <FileRef uid="39" />
              <SequencePoints>
                <SequencePoint vc="0" uspid="1378" ordinal="0" offset="0" sl="87" sc="0" el="87" ec="0" bec="0" bev="0" fileid="39" />
                <SequencePoint vc="0" uspid="1379" ordinal="0" offset="12" sl="88" sc="0" el="88" ec="0" bec="0" bev="0" fileid="39" />
                <SequencePoint vc="0" uspid="1380" ordinal="0" offset="14" sl="90" sc="0" el="90" ec="0" bec="0" bev="0" fileid="39" />
                <SequencePoint vc="0" uspid="1381" ordinal="0" offset="27" sl="91" sc="0" el="91" ec="0" bec="0" bev="0" fileid="39" />
                <SequencePoint vc="0" uspid="1382" ordinal="0" offset="29" sl="92" sc="0" el="92" ec="0" bec="0" bev="0" fileid="39" />
                <SequencePoint vc="0" uspid="1383" ordinal="0" offset="34" sl="97" sc="0" el="97" ec="0" bec="0" bev="0" fileid="39" />
                <SequencePoint vc="0" uspid="1384" ordinal="0" offset="39" sl="99" sc="0" el="99" ec="0" bec="0" bev="0" fileid="39" />
                <SequencePoint vc="0" uspid="1385" ordinal="0" offset="78" sl="100" sc="0" el="100" ec="0" bec="0" bev="0" fileid="39" />
                <SequencePoint vc="0" uspid="1386" ordinal="0" offset="81" sl="102" sc="0" el="102" ec="0" bec="0" bev="0" fileid="39" />
                <SequencePoint vc="0" uspid="1387" ordinal="0" offset="106" sl="103" sc="0" el="103" ec="0" bec="0" bev="0" fileid="39" />
                <SequencePoint vc="0" uspid="1388" ordinal="0" offset="109" sl="105" sc="0" el="105" ec="0" bec="0" bev="0" fileid="39" />
                <SequencePoint vc="0" uspid="1389" ordinal="0" offset="116" sl="94" sc="0" el="94" ec="0" bec="0" bev="0" fileid="39" />
                <SequencePoint vc="0" uspid="1390" ordinal="0" offset="120" sl="108" sc="0" el="108" ec="0" bec="0" bev="0" fileid="39" />
                <SequencePoint vc="0" uspid="1391" ordinal="0" offset="134" sl="109" sc="0" el="109" ec="0" bec="0" bev="0" fileid="39" />
                <SequencePoint vc="0" uspid="1392" ordinal="0" offset="143" sl="110" sc="0" el="110" ec="0" bec="0" bev="0" fileid="39" />
              </SequencePoints>
              <BranchPoints />
            </Method>
            <Method visited="false" cyclomaticComplexity="0" nPathComplexity="0" sequenceCoverage="0.0" branchCoverage="0" crapScore="0" isConstructor="true" isStatic="false" isGetter="false" isSetter="false">
              <Summary numSequencePoints="3" visitedSequencePoints="0" numBranchPoints="0" visitedBranchPoints="0" sequenceCoverage="0.0" branchCoverage="0" maxCyclomaticComplexity="0" minCyclomaticComplexity="0" maxCrapScore="0" minCrapScore="0" visitedClasses="0" numClasses="0" visitedMethods="0" numMethods="1" />
              <MetadataToken>100663424</MetadataToken>
              <Name>Platformer.Core.HeapQueue[T]::HeapQueue()</Name>
              <FileRef uid="39" />
              <SequencePoints>
                <SequencePoint vc="0" uspid="1393" ordinal="0" offset="0" sl="28" sc="0" el="28" ec="0" bec="0" bev="0" fileid="39" />
                <SequencePoint vc="0" uspid="1394" ordinal="0" offset="6" sl="30" sc="0" el="30" ec="0" bec="0" bev="0" fileid="39" />
                <SequencePoint vc="0" uspid="1395" ordinal="0" offset="17" sl="31" sc="0" el="31" ec="0" bec="0" bev="0" fileid="39" />
              </SequencePoints>
              <BranchPoints />
            </Method>
          </Methods>
        </Class>
        <Class>
          <Summary numSequencePoints="19" visitedSequencePoints="0" numBranchPoints="0" visitedBranchPoints="0" sequenceCoverage="0.0" branchCoverage="0.0" maxCyclomaticComplexity="0" minCyclomaticComplexity="0" maxCrapScore="0" minCrapScore="0" visitedClasses="0" numClasses="1" visitedMethods="0" numMethods="6" />
          <FullName>Platformer.Core.Simulation</FullName>
          <Methods>
            <Method visited="false" cyclomaticComplexity="0" nPathComplexity="0" sequenceCoverage="0.0" branchCoverage="0" crapScore="0" isConstructor="false" isStatic="true" isGetter="false" isSetter="false">
              <Summary numSequencePoints="7" visitedSequencePoints="0" numBranchPoints="0" visitedBranchPoints="0" sequenceCoverage="0.0" branchCoverage="0" maxCyclomaticComplexity="0" minCyclomaticComplexity="0" maxCrapScore="0" minCrapScore="0" visitedClasses="0" numClasses="0" visitedMethods="0" numMethods="1" />
              <MetadataToken>100663430</MetadataToken>
              <Name>static T Platformer.Core.Simulation::New[T]()</Name>
              <FileRef uid="40" />
              <SequencePoints>
                <SequencePoint vc="0" uspid="1396" ordinal="0" offset="0" sl="26" sc="0" el="26" ec="0" bec="0" bev="0" fileid="40" />
                <SequencePoint vc="0" uspid="1397" ordinal="0" offset="24" sl="28" sc="0" el="28" ec="0" bec="0" bev="0" fileid="40" />
                <SequencePoint vc="0" uspid="1398" ordinal="0" offset="31" sl="29" sc="0" el="29" ec="0" bec="0" bev="0" fileid="40" />
                <SequencePoint vc="0" uspid="1399" ordinal="0" offset="47" sl="30" sc="0" el="30" ec="0" bec="0" bev="0" fileid="40" />
                <SequencePoint vc="0" uspid="1400" ordinal="0" offset="68" sl="32" sc="0" el="32" ec="0" bec="0" bev="0" fileid="40" />
                <SequencePoint vc="0" uspid="1401" ordinal="0" offset="77" sl="33" sc="0" el="33" ec="0" bec="0" bev="0" fileid="40" />
                <SequencePoint vc="0" uspid="1402" ordinal="0" offset="89" sl="35" sc="0" el="35" ec="0" bec="0" bev="0" fileid="40" />
              </SequencePoints>
              <BranchPoints />
            </Method>
            <Method visited="false" cyclomaticComplexity="0" nPathComplexity="0" sequenceCoverage="0.0" branchCoverage="0" crapScore="0" isConstructor="false" isStatic="true" isGetter="false" isSetter="false">
              <Summary numSequencePoints="4" visitedSequencePoints="0" numBranchPoints="0" visitedBranchPoints="0" sequenceCoverage="0.0" branchCoverage="0" maxCyclomaticComplexity="0" minCyclomaticComplexity="0" maxCrapScore="0" minCrapScore="0" visitedClasses="0" numClasses="0" visitedMethods="0" numMethods="1" />
              <MetadataToken>100663432</MetadataToken>
              <Name>static T Platformer.Core.Simulation::Schedule[T](System.Single)</Name>
              <FileRef uid="40" />
              <SequencePoints>
                <SequencePoint vc="0" uspid="1405" ordinal="0" offset="0" sl="54" sc="0" el="54" ec="0" bec="0" bev="0" fileid="40" />
                <SequencePoint vc="0" uspid="1406" ordinal="0" offset="6" sl="55" sc="0" el="55" ec="0" bec="0" bev="0" fileid="40" />
                <SequencePoint vc="0" uspid="1407" ordinal="0" offset="24" sl="56" sc="0" el="56" ec="0" bec="0" bev="0" fileid="40" />
                <SequencePoint vc="0" uspid="1408" ordinal="0" offset="40" sl="57" sc="0" el="57" ec="0" bec="0" bev="0" fileid="40" />
              </SequencePoints>
              <BranchPoints />
            </Method>
            <Method visited="false" cyclomaticComplexity="0" nPathComplexity="0" sequenceCoverage="0.0" branchCoverage="0" crapScore="0" isConstructor="false" isStatic="true" isGetter="false" isSetter="false">
              <Summary numSequencePoints="3" visitedSequencePoints="0" numBranchPoints="0" visitedBranchPoints="0" sequenceCoverage="0.0" branchCoverage="0" maxCyclomaticComplexity="0" minCyclomaticComplexity="0" maxCrapScore="0" minCrapScore="0" visitedClasses="0" numClasses="0" visitedMethods="0" numMethods="1" />
              <MetadataToken>100663433</MetadataToken>
              <Name>static T Platformer.Core.Simulation::Reschedule[T](T, System.Single)</Name>
              <FileRef uid="40" />
              <SequencePoints>
                <SequencePoint vc="0" uspid="1409" ordinal="0" offset="0" sl="68" sc="0" el="68" ec="0" bec="0" bev="0" fileid="40" />
                <SequencePoint vc="0" uspid="1410" ordinal="0" offset="18" sl="69" sc="0" el="69" ec="0" bec="0" bev="0" fileid="40" />
                <SequencePoint vc="0" uspid="1411" ordinal="0" offset="34" sl="70" sc="0" el="70" ec="0" bec="0" bev="0" fileid="40" />
              </SequencePoints>
              <BranchPoints />
            </Method>
            <Method visited="false" cyclomaticComplexity="0" nPathComplexity="0" sequenceCoverage="0.0" branchCoverage="0" crapScore="0" isConstructor="false" isStatic="true" isGetter="false" isSetter="false">
              <Summary numSequencePoints="1" visitedSequencePoints="0" numBranchPoints="0" visitedBranchPoints="0" sequenceCoverage="0.0" branchCoverage="0" maxCyclomaticComplexity="0" minCyclomaticComplexity="0" maxCrapScore="0" minCrapScore="0" visitedClasses="0" numClasses="0" visitedMethods="0" numMethods="1" />
              <MetadataToken>100663434</MetadataToken>
              <Name>static T Platformer.Core.Simulation::GetModel[T]()</Name>
              <FileRef uid="40" />
              <SequencePoints>
                <SequencePoint vc="0" uspid="1412" ordinal="0" offset="0" sl="79" sc="0" el="79" ec="0" bec="0" bev="0" fileid="40" />
              </SequencePoints>
              <BranchPoints />
            </Method>
            <Method visited="false" cyclomaticComplexity="0" nPathComplexity="0" sequenceCoverage="0.0" branchCoverage="0" crapScore="0" isConstructor="false" isStatic="true" isGetter="false" isSetter="false">
              <Summary numSequencePoints="2" visitedSequencePoints="0" numBranchPoints="0" visitedBranchPoints="0" sequenceCoverage="0.0" branchCoverage="0" maxCyclomaticComplexity="0" minCyclomaticComplexity="0" maxCrapScore="0" minCrapScore="0" visitedClasses="0" numClasses="0" visitedMethods="0" numMethods="1" />
              <MetadataToken>100663435</MetadataToken>
              <Name>static System.Void Platformer.Core.Simulation::SetModel[T](T)</Name>
              <FileRef uid="40" />
              <SequencePoints>
                <SequencePoint vc="0" uspid="1413" ordinal="0" offset="0" sl="88" sc="0" el="88" ec="0" bec="0" bev="0" fileid="40" />
                <SequencePoint vc="0" uspid="1414" ordinal="0" offset="6" sl="89" sc="0" el="89" ec="0" bec="0" bev="0" fileid="40" />
              </SequencePoints>
              <BranchPoints />
            </Method>
            <Method visited="false" cyclomaticComplexity="0" nPathComplexity="0" sequenceCoverage="0.0" branchCoverage="0" crapScore="0" isConstructor="false" isStatic="true" isGetter="false" isSetter="false">
              <Summary numSequencePoints="2" visitedSequencePoints="0" numBranchPoints="0" visitedBranchPoints="0" sequenceCoverage="0.0" branchCoverage="0" maxCyclomaticComplexity="0" minCyclomaticComplexity="0" maxCrapScore="0" minCrapScore="0" visitedClasses="0" numClasses="0" visitedMethods="0" numMethods="1" />
              <MetadataToken>100663436</MetadataToken>
              <Name>static System.Void Platformer.Core.Simulation::DestroyModel[T]()</Name>
              <FileRef uid="40" />
              <SequencePoints>
                <SequencePoint vc="0" uspid="1415" ordinal="0" offset="0" sl="97" sc="0" el="97" ec="0" bec="0" bev="0" fileid="40" />
                <SequencePoint vc="0" uspid="1416" ordinal="0" offset="11" sl="98" sc="0" el="98" ec="0" bec="0" bev="0" fileid="40" />
              </SequencePoints>
              <BranchPoints />
            </Method>
          </Methods>
        </Class>
        <Class>
          <Summary numSequencePoints="4" visitedSequencePoints="0" numBranchPoints="0" visitedBranchPoints="0" sequenceCoverage="0.0" branchCoverage="0.0" maxCyclomaticComplexity="0" minCyclomaticComplexity="0" maxCrapScore="0" minCrapScore="0" visitedClasses="0" numClasses="1" visitedMethods="0" numMethods="1" />
          <FullName>Platformer.Core.SimulationEvent[T]</FullName>
          <Methods>
            <Method visited="false" cyclomaticComplexity="0" nPathComplexity="0" sequenceCoverage="0.0" branchCoverage="0" crapScore="0" isConstructor="false" isStatic="false" isGetter="false" isSetter="false">
              <Summary numSequencePoints="4" visitedSequencePoints="0" numBranchPoints="0" visitedBranchPoints="0" sequenceCoverage="0.0" branchCoverage="0" maxCyclomaticComplexity="0" minCyclomaticComplexity="0" maxCrapScore="0" minCrapScore="0" visitedClasses="0" numClasses="0" visitedMethods="0" numMethods="1" />
              <MetadataToken>100663447</MetadataToken>
              <Name>System.Void Platformer.Core.SimulationEvent[T]::ExecuteEvent()</Name>
              <FileRef uid="42" />
              <SequencePoints>
                <SequencePoint vc="0" uspid="1447" ordinal="0" offset="0" sl="55" sc="0" el="55" ec="0" bec="0" bev="0" fileid="42" />
                <SequencePoint vc="0" uspid="1448" ordinal="0" offset="8" sl="57" sc="0" el="57" ec="0" bec="0" bev="0" fileid="42" />
                <SequencePoint vc="0" uspid="1449" ordinal="0" offset="14" sl="58" sc="0" el="58" ec="0" bec="0" bev="0" fileid="42" />
                <SequencePoint vc="0" uspid="1450" ordinal="0" offset="35" sl="60" sc="0" el="60" ec="0" bec="0" bev="0" fileid="42" />
              </SequencePoints>
              <BranchPoints />
            </Method>
          </Methods>
        </Class>
        <Class>
          <Summary numSequencePoints="1" visitedSequencePoints="0" numBranchPoints="0" visitedBranchPoints="0" sequenceCoverage="0.0" branchCoverage="0.0" maxCyclomaticComplexity="0" minCyclomaticComplexity="0" maxCrapScore="0" minCrapScore="0" visitedClasses="0" numClasses="1" visitedMethods="0" numMethods="1" />
          <FullName>Platformer.Core.SimulationInstanceRegister[T]</FullName>
          <Methods>
            <Method visited="false" cyclomaticComplexity="0" nPathComplexity="0" sequenceCoverage="0.0" branchCoverage="0" crapScore="0" isConstructor="true" isStatic="true" isGetter="false" isSetter="false">
              <Summary numSequencePoints="1" visitedSequencePoints="0" numBranchPoints="0" visitedBranchPoints="0" sequenceCoverage="0.0" branchCoverage="0" maxCyclomaticComplexity="0" minCyclomaticComplexity="0" maxCrapScore="0" minCrapScore="0" visitedClasses="0" numClasses="0" visitedMethods="0" numMethods="1" />
              <MetadataToken>100663449</MetadataToken>
              <Name>static Platformer.Core.SimulationInstanceRegister[T]::InstanceRegister()</Name>
              <FileRef uid="43" />
              <SequencePoints>
                <SequencePoint vc="0" uspid="1451" ordinal="0" offset="0" sl="13" sc="0" el="13" ec="0" bec="0" bev="0" fileid="43" />
              </SequencePoints>
              <BranchPoints />
            </Method>
          </Methods>
        </Class>
      </Classes>
    </Module>
    <Module>
      <Summary numSequencePoints="148" visitedSequencePoints="148" numBranchPoints="0" visitedBranchPoints="0" sequenceCoverage="100.0" branchCoverage="0.0" maxCyclomaticComplexity="0" minCyclomaticComplexity="0" maxCrapScore="0" minCrapScore="0" visitedClasses="5" numClasses="5" visitedMethods="26" numMethods="26" />
      <ModuleTime>0001-01-01T00:00:00</ModuleTime>
      <ModuleName>Tests.EditMode</ModuleName>
      <Files>
        <File uid="44" fullPath="C:/Users/corsi/Unity/Fortis Prompt/Assets/Tests.EditMode/PlayerJumpLogicTests.cs" />
        <File uid="45" fullPath="C:/Users/corsi/Unity/Fortis Prompt/Assets/Tests.EditMode/SanityCheck.cs" />
      </Files>
      <Classes>
        <Class>
          <Summary numSequencePoints="7" visitedSequencePoints="7" numBranchPoints="0" visitedBranchPoints="0" sequenceCoverage="100.0" branchCoverage="0.0" maxCyclomaticComplexity="0" minCyclomaticComplexity="0" maxCrapScore="0" minCrapScore="0" visitedClasses="1" numClasses="1" visitedMethods="3" numMethods="3" />
          <FullName>FakeInput</FullName>
          <Methods>
            <Method visited="true" cyclomaticComplexity="0" nPathComplexity="0" sequenceCoverage="100.0" branchCoverage="0" crapScore="0" isConstructor="false" isStatic="false" isGetter="false" isSetter="false">
              <Summary numSequencePoints="1" visitedSequencePoints="1" numBranchPoints="0" visitedBranchPoints="0" sequenceCoverage="100.0" branchCoverage="0" maxCyclomaticComplexity="0" minCyclomaticComplexity="0" maxCrapScore="0" minCrapScore="0" visitedClasses="0" numClasses="0" visitedMethods="1" numMethods="1" />
              <MetadataToken>100663297</MetadataToken>
              <Name>System.Single FakeInput::MoveX()</Name>
              <FileRef uid="44" />
              <SequencePoints>
                <SequencePoint vc="19" uspid="1452" ordinal="0" offset="0" sl="11" sc="29" el="11" ec="29" bec="0" bev="0" fileid="44" />
              </SequencePoints>
              <BranchPoints />
            </Method>
            <Method visited="true" cyclomaticComplexity="0" nPathComplexity="0" sequenceCoverage="100.0" branchCoverage="0" crapScore="0" isConstructor="false" isStatic="false" isGetter="false" isSetter="false">
              <Summary numSequencePoints="3" visitedSequencePoints="3" numBranchPoints="0" visitedBranchPoints="0" sequenceCoverage="100.0" branchCoverage="0" maxCyclomaticComplexity="0" minCyclomaticComplexity="0" maxCrapScore="0" minCrapScore="0" visitedClasses="0" numClasses="0" visitedMethods="1" numMethods="1" />
              <MetadataToken>100663298</MetadataToken>
              <Name>System.Boolean FakeInput::JumpPressedThisFrame()</Name>
              <FileRef uid="44" />
              <SequencePoints>
                <SequencePoint vc="7" uspid="1453" ordinal="0" offset="0" sl="12" sc="42" el="12" ec="42" bec="0" bev="0" fileid="44" />
                <SequencePoint vc="7" uspid="1454" ordinal="0" offset="6" sl="12" sc="59" el="12" ec="59" bec="0" bev="0" fileid="44" />
                <SequencePoint vc="7" uspid="1455" ordinal="0" offset="13" sl="12" sc="76" el="12" ec="76" bec="0" bev="0" fileid="44" />
              </SequencePoints>
              <BranchPoints />
            </Method>
            <Method visited="true" cyclomaticComplexity="0" nPathComplexity="0" sequenceCoverage="100.0" branchCoverage="0" crapScore="0" isConstructor="false" isStatic="false" isGetter="false" isSetter="false">
              <Summary numSequencePoints="3" visitedSequencePoints="3" numBranchPoints="0" visitedBranchPoints="0" sequenceCoverage="100.0" branchCoverage="0" maxCyclomaticComplexity="0" minCyclomaticComplexity="0" maxCrapScore="0" minCrapScore="0" visitedClasses="0" numClasses="0" visitedMethods="1" numMethods="1" />
              <MetadataToken>100663299</MetadataToken>
              <Name>System.Boolean FakeInput::JumpReleasedThisFrame()</Name>
              <FileRef uid="44" />
              <SequencePoints>
                <SequencePoint vc="14" uspid="1456" ordinal="0" offset="0" sl="13" sc="43" el="13" ec="43" bec="0" bev="0" fileid="44" />
                <SequencePoint vc="14" uspid="1457" ordinal="0" offset="6" sl="13" sc="61" el="13" ec="61" bec="0" bev="0" fileid="44" />
                <SequencePoint vc="14" uspid="1458" ordinal="0" offset="13" sl="13" sc="79" el="13" ec="79" bec="0" bev="0" fileid="44" />
              </SequencePoints>
              <BranchPoints />
            </Method>
          </Methods>
        </Class>
        <Class>
          <Summary numSequencePoints="3" visitedSequencePoints="3" numBranchPoints="0" visitedBranchPoints="0" sequenceCoverage="100.0" branchCoverage="0.0" maxCyclomaticComplexity="0" minCyclomaticComplexity="0" maxCrapScore="0" minCrapScore="0" visitedClasses="1" numClasses="1" visitedMethods="3" numMethods="3" />
          <FullName>FakeGround</FullName>
          <Methods>
            <Method visited="true" cyclomaticComplexity="0" nPathComplexity="0" sequenceCoverage="100.0" branchCoverage="0" crapScore="0" isConstructor="false" isStatic="false" isGetter="true" isSetter="false">
              <Summary numSequencePoints="1" visitedSequencePoints="1" numBranchPoints="0" visitedBranchPoints="0" sequenceCoverage="100.0" branchCoverage="0" maxCyclomaticComplexity="0" minCyclomaticComplexity="0" maxCrapScore="0" minCrapScore="0" visitedClasses="0" numClasses="0" visitedMethods="1" numMethods="1" />
              <MetadataToken>100663301</MetadataToken>
              <Name>System.Boolean FakeGround::get_IsGrounded()</Name>
              <FileRef uid="44" />
              <SequencePoints>
                <SequencePoint vc="10" uspid="1459" ordinal="0" offset="0" sl="18" sc="30" el="18" ec="30" bec="0" bev="0" fileid="44" />
              </SequencePoints>
              <BranchPoints />
            </Method>
            <Method visited="true" cyclomaticComplexity="0" nPathComplexity="0" sequenceCoverage="100.0" branchCoverage="0" crapScore="0" isConstructor="false" isStatic="false" isGetter="false" isSetter="true">
              <Summary numSequencePoints="1" visitedSequencePoints="1" numBranchPoints="0" visitedBranchPoints="0" sequenceCoverage="100.0" branchCoverage="0" maxCyclomaticComplexity="0" minCyclomaticComplexity="0" maxCrapScore="0" minCrapScore="0" visitedClasses="0" numClasses="0" visitedMethods="1" numMethods="1" />
              <MetadataToken>100663302</MetadataToken>
              <Name>System.Void FakeGround::set_IsGrounded(System.Boolean)</Name>
              <FileRef uid="44" />
              <SequencePoints>
                <SequencePoint vc="15" uspid="1460" ordinal="0" offset="0" sl="18" sc="35" el="18" ec="35" bec="0" bev="0" fileid="44" />
              </SequencePoints>
              <BranchPoints />
            </Method>
            <Method visited="true" cyclomaticComplexity="0" nPathComplexity="0" sequenceCoverage="100.0" branchCoverage="0" crapScore="0" isConstructor="true" isStatic="false" isGetter="false" isSetter="false">
              <Summary numSequencePoints="1" visitedSequencePoints="1" numBranchPoints="0" visitedBranchPoints="0" sequenceCoverage="100.0" branchCoverage="0" maxCyclomaticComplexity="0" minCyclomaticComplexity="0" maxCrapScore="0" minCrapScore="0" visitedClasses="0" numClasses="0" visitedMethods="1" numMethods="1" />
              <MetadataToken>100663303</MetadataToken>
              <Name>FakeGround::FakeGround()</Name>
              <FileRef uid="44" />
              <SequencePoints>
                <SequencePoint vc="12" uspid="1461" ordinal="0" offset="0" sl="18" sc="44" el="18" ec="44" bec="0" bev="0" fileid="44" />
              </SequencePoints>
              <BranchPoints />
            </Method>
          </Methods>
        </Class>
        <Class>
          <Summary numSequencePoints="6" visitedSequencePoints="6" numBranchPoints="0" visitedBranchPoints="0" sequenceCoverage="100.0" branchCoverage="0.0" maxCyclomaticComplexity="0" minCyclomaticComplexity="0" maxCrapScore="0" minCrapScore="0" visitedClasses="1" numClasses="1" visitedMethods="5" numMethods="5" />
          <FullName>FakeModel</FullName>
          <Methods>
            <Method visited="true" cyclomaticComplexity="0" nPathComplexity="0" sequenceCoverage="100.0" branchCoverage="0" crapScore="0" isConstructor="false" isStatic="false" isGetter="true" isSetter="false">
              <Summary numSequencePoints="1" visitedSequencePoints="1" numBranchPoints="0" visitedBranchPoints="0" sequenceCoverage="100.0" branchCoverage="0" maxCyclomaticComplexity="0" minCyclomaticComplexity="0" maxCrapScore="0" minCrapScore="0" visitedClasses="0" numClasses="0" visitedMethods="1" numMethods="1" />
              <MetadataToken>100663304</MetadataToken>
              <Name>System.Single FakeModel::get_JumpModifier()</Name>
              <FileRef uid="44" />
              <SequencePoints>
                <SequencePoint vc="1" uspid="1462" ordinal="0" offset="0" sl="23" sc="33" el="23" ec="33" bec="0" bev="0" fileid="44" />
              </SequencePoints>
              <BranchPoints />
            </Method>
            <Method visited="true" cyclomaticComplexity="0" nPathComplexity="0" sequenceCoverage="100.0" branchCoverage="0" crapScore="0" isConstructor="false" isStatic="false" isGetter="false" isSetter="true">
              <Summary numSequencePoints="1" visitedSequencePoints="1" numBranchPoints="0" visitedBranchPoints="0" sequenceCoverage="100.0" branchCoverage="0" maxCyclomaticComplexity="0" minCyclomaticComplexity="0" maxCrapScore="0" minCrapScore="0" visitedClasses="0" numClasses="0" visitedMethods="1" numMethods="1" />
              <MetadataToken>100663305</MetadataToken>
              <Name>System.Void FakeModel::set_JumpModifier(System.Single)</Name>
              <FileRef uid="44" />
              <SequencePoints>
                <SequencePoint vc="2" uspid="1463" ordinal="0" offset="0" sl="23" sc="38" el="23" ec="38" bec="0" bev="0" fileid="44" />
              </SequencePoints>
              <BranchPoints />
            </Method>
            <Method visited="true" cyclomaticComplexity="0" nPathComplexity="0" sequenceCoverage="100.0" branchCoverage="0" crapScore="0" isConstructor="false" isStatic="false" isGetter="true" isSetter="false">
              <Summary numSequencePoints="1" visitedSequencePoints="1" numBranchPoints="0" visitedBranchPoints="0" sequenceCoverage="100.0" branchCoverage="0" maxCyclomaticComplexity="0" minCyclomaticComplexity="0" maxCrapScore="0" minCrapScore="0" visitedClasses="0" numClasses="0" visitedMethods="1" numMethods="1" />
              <MetadataToken>100663306</MetadataToken>
              <Name>System.Single FakeModel::get_JumpDeceleration()</Name>
              <FileRef uid="44" />
              <SequencePoints>
                <SequencePoint vc="5" uspid="1464" ordinal="0" offset="0" sl="24" sc="37" el="24" ec="37" bec="0" bev="0" fileid="44" />
              </SequencePoints>
              <BranchPoints />
            </Method>
            <Method visited="true" cyclomaticComplexity="0" nPathComplexity="0" sequenceCoverage="100.0" branchCoverage="0" crapScore="0" isConstructor="false" isStatic="false" isGetter="false" isSetter="true">
              <Summary numSequencePoints="1" visitedSequencePoints="1" numBranchPoints="0" visitedBranchPoints="0" sequenceCoverage="100.0" branchCoverage="0" maxCyclomaticComplexity="0" minCyclomaticComplexity="0" maxCrapScore="0" minCrapScore="0" visitedClasses="0" numClasses="0" visitedMethods="1" numMethods="1" />
              <MetadataToken>100663307</MetadataToken>
              <Name>System.Void FakeModel::set_JumpDeceleration(System.Single)</Name>
              <FileRef uid="44" />
              <SequencePoints>
                <SequencePoint vc="3" uspid="1465" ordinal="0" offset="0" sl="24" sc="42" el="24" ec="42" bec="0" bev="0" fileid="44" />
              </SequencePoints>
              <BranchPoints />
            </Method>
            <Method visited="true" cyclomaticComplexity="0" nPathComplexity="0" sequenceCoverage="100.0" branchCoverage="0" crapScore="0" isConstructor="true" isStatic="false" isGetter="false" isSetter="false">
              <Summary numSequencePoints="2" visitedSequencePoints="2" numBranchPoints="0" visitedBranchPoints="0" sequenceCoverage="100.0" branchCoverage="0" maxCyclomaticComplexity="0" minCyclomaticComplexity="0" maxCrapScore="0" minCrapScore="0" visitedClasses="0" numClasses="0" visitedMethods="1" numMethods="1" />
              <MetadataToken>100663308</MetadataToken>
              <Name>FakeModel::FakeModel()</Name>
              <FileRef uid="44" />
              <SequencePoints>
                <SequencePoint vc="12" uspid="1466" ordinal="0" offset="0" sl="23" sc="47" el="23" ec="47" bec="0" bev="0" fileid="44" />
                <SequencePoint vc="12" uspid="1467" ordinal="0" offset="11" sl="24" sc="51" el="24" ec="51" bec="0" bev="0" fileid="44" />
              </SequencePoints>
              <BranchPoints />
            </Method>
          </Methods>
        </Class>
        <Class>
          <Summary numSequencePoints="130" visitedSequencePoints="130" numBranchPoints="0" visitedBranchPoints="0" sequenceCoverage="100.0" branchCoverage="0.0" maxCyclomaticComplexity="0" minCyclomaticComplexity="0" maxCrapScore="0" minCrapScore="0" visitedClasses="1" numClasses="1" visitedMethods="14" numMethods="14" />
          <FullName>PlayerJumpLogicTests</FullName>
          <Methods>
            <Method visited="true" cyclomaticComplexity="0" nPathComplexity="0" sequenceCoverage="100.0" branchCoverage="0" crapScore="0" isConstructor="false" isStatic="false" isGetter="false" isSetter="false">
              <Summary numSequencePoints="9" visitedSequencePoints="9" numBranchPoints="0" visitedBranchPoints="0" sequenceCoverage="100.0" branchCoverage="0" maxCyclomaticComplexity="0" minCyclomaticComplexity="0" maxCrapScore="0" minCrapScore="0" visitedClasses="0" numClasses="0" visitedMethods="1" numMethods="1" />
              <MetadataToken>100663309</MetadataToken>
              <Name>System.Void PlayerJumpLogicTests::Grounded_PressJump_TriggersImpulse_AndEntersJump()</Name>
              <FileRef uid="44" />
              <SequencePoints>
                <SequencePoint vc="1" uspid="1468" ordinal="0" offset="0" sl="33" sc="9" el="33" ec="9" bec="0" bev="0" fileid="44" />
                <SequencePoint vc="1" uspid="1469" ordinal="0" offset="5" sl="34" sc="9" el="34" ec="9" bec="0" bev="0" fileid="44" />
                <SequencePoint vc="1" uspid="1470" ordinal="0" offset="29" sl="35" sc="9" el="35" ec="9" bec="0" bev="0" fileid="44" />
                <SequencePoint vc="1" uspid="1471" ordinal="0" offset="42" sl="36" sc="9" el="36" ec="9" bec="0" bev="0" fileid="44" />
                <SequencePoint vc="1" uspid="1472" ordinal="0" offset="59" sl="38" sc="9" el="38" ec="9" bec="0" bev="0" fileid="44" />
                <SequencePoint vc="1" uspid="1473" ordinal="0" offset="84" sl="41" sc="9" el="41" ec="9" bec="0" bev="0" fileid="44" />
                <SequencePoint vc="1" uspid="1474" ordinal="0" offset="106" sl="42" sc="9" el="42" ec="9" bec="0" bev="0" fileid="44" />
                <SequencePoint vc="1" uspid="1475" ordinal="0" offset="117" sl="43" sc="9" el="43" ec="9" bec="0" bev="0" fileid="44" />
                <SequencePoint vc="1" uspid="1476" ordinal="0" offset="128" sl="44" sc="5" el="44" ec="5" bec="0" bev="0" fileid="44" />
              </SequencePoints>
              <BranchPoints />
            </Method>
            <Method visited="true" cyclomaticComplexity="0" nPathComplexity="0" sequenceCoverage="100.0" branchCoverage="0" crapScore="0" isConstructor="false" isStatic="false" isGetter="false" isSetter="false">
              <Summary numSequencePoints="9" visitedSequencePoints="9" numBranchPoints="0" visitedBranchPoints="0" sequenceCoverage="100.0" branchCoverage="0" maxCyclomaticComplexity="0" minCyclomaticComplexity="0" maxCrapScore="0" minCrapScore="0" visitedClasses="0" numClasses="0" visitedMethods="1" numMethods="1" />
              <MetadataToken>100663310</MetadataToken>
              <Name>System.Void PlayerJumpLogicTests::JumpImpulse_OnlyOnce_OnInitialPress()</Name>
              <FileRef uid="44" />
              <SequencePoints>
                <SequencePoint vc="1" uspid="1477" ordinal="0" offset="0" sl="50" sc="9" el="50" ec="9" bec="0" bev="0" fileid="44" />
                <SequencePoint vc="1" uspid="1478" ordinal="0" offset="5" sl="51" sc="9" el="51" ec="9" bec="0" bev="0" fileid="44" />
                <SequencePoint vc="1" uspid="1479" ordinal="0" offset="18" sl="52" sc="9" el="52" ec="9" bec="0" bev="0" fileid="44" />
                <SequencePoint vc="1" uspid="1480" ordinal="0" offset="31" sl="53" sc="9" el="53" ec="9" bec="0" bev="0" fileid="44" />
                <SequencePoint vc="1" uspid="1481" ordinal="0" offset="37" sl="56" sc="9" el="56" ec="9" bec="0" bev="0" fileid="44" />
                <SequencePoint vc="1" uspid="1482" ordinal="0" offset="63" sl="57" sc="9" el="57" ec="9" bec="0" bev="0" fileid="44" />
                <SequencePoint vc="1" uspid="1483" ordinal="0" offset="74" sl="60" sc="9" el="60" ec="9" bec="0" bev="0" fileid="44" />
                <SequencePoint vc="1" uspid="1484" ordinal="0" offset="103" sl="61" sc="9" el="61" ec="9" bec="0" bev="0" fileid="44" />
                <SequencePoint vc="1" uspid="1485" ordinal="0" offset="113" sl="62" sc="5" el="62" ec="5" bec="0" bev="0" fileid="44" />
              </SequencePoints>
              <BranchPoints />
            </Method>
            <Method visited="true" cyclomaticComplexity="0" nPathComplexity="0" sequenceCoverage="100.0" branchCoverage="0" crapScore="0" isConstructor="false" isStatic="false" isGetter="false" isSetter="false">
              <Summary numSequencePoints="9" visitedSequencePoints="9" numBranchPoints="0" visitedBranchPoints="0" sequenceCoverage="100.0" branchCoverage="0" maxCyclomaticComplexity="0" minCyclomaticComplexity="0" maxCrapScore="0" minCrapScore="0" visitedClasses="0" numClasses="0" visitedMethods="1" numMethods="1" />
              <MetadataToken>100663311</MetadataToken>
              <Name>System.Void PlayerJumpLogicTests::Jumping_LeavesGround_BecomesInFlight()</Name>
              <FileRef uid="44" />
              <SequencePoints>
                <SequencePoint vc="1" uspid="1486" ordinal="0" offset="0" sl="68" sc="9" el="68" ec="9" bec="0" bev="0" fileid="44" />
                <SequencePoint vc="1" uspid="1487" ordinal="0" offset="5" sl="69" sc="9" el="69" ec="9" bec="0" bev="0" fileid="44" />
                <SequencePoint vc="1" uspid="1488" ordinal="0" offset="18" sl="70" sc="9" el="70" ec="9" bec="0" bev="0" fileid="44" />
                <SequencePoint vc="1" uspid="1489" ordinal="0" offset="31" sl="71" sc="9" el="71" ec="9" bec="0" bev="0" fileid="44" />
                <SequencePoint vc="1" uspid="1490" ordinal="0" offset="37" sl="73" sc="9" el="73" ec="9" bec="0" bev="0" fileid="44" />
                <SequencePoint vc="1" uspid="1491" ordinal="0" offset="63" sl="74" sc="9" el="74" ec="9" bec="0" bev="0" fileid="44" />
                <SequencePoint vc="1" uspid="1492" ordinal="0" offset="70" sl="75" sc="9" el="75" ec="9" bec="0" bev="0" fileid="44" />
                <SequencePoint vc="1" uspid="1493" ordinal="0" offset="101" sl="77" sc="9" el="77" ec="9" bec="0" bev="0" fileid="44" />
                <SequencePoint vc="1" uspid="1494" ordinal="0" offset="124" sl="78" sc="5" el="78" ec="5" bec="0" bev="0" fileid="44" />
              </SequencePoints>
              <BranchPoints />
            </Method>
            <Method visited="true" cyclomaticComplexity="0" nPathComplexity="0" sequenceCoverage="100.0" branchCoverage="0" crapScore="0" isConstructor="false" isStatic="false" isGetter="false" isSetter="false">
              <Summary numSequencePoints="10" visitedSequencePoints="10" numBranchPoints="0" visitedBranchPoints="0" sequenceCoverage="100.0" branchCoverage="0" maxCyclomaticComplexity="0" minCyclomaticComplexity="0" maxCrapScore="0" minCrapScore="0" visitedClasses="0" numClasses="0" visitedMethods="1" numMethods="1" />
              <MetadataToken>100663312</MetadataToken>
              <Name>System.Void PlayerJumpLogicTests::ReleaseEarly_InAir_EnablesJumpCut_AndDeceleratesVy()</Name>
              <FileRef uid="44" />
              <SequencePoints>
                <SequencePoint vc="1" uspid="1495" ordinal="0" offset="0" sl="84" sc="9" el="84" ec="9" bec="0" bev="0" fileid="44" />
                <SequencePoint vc="1" uspid="1496" ordinal="0" offset="5" sl="85" sc="9" el="85" ec="9" bec="0" bev="0" fileid="44" />
                <SequencePoint vc="1" uspid="1497" ordinal="0" offset="11" sl="86" sc="9" el="86" ec="9" bec="0" bev="0" fileid="44" />
                <SequencePoint vc="1" uspid="1498" ordinal="0" offset="24" sl="87" sc="9" el="87" ec="9" bec="0" bev="0" fileid="44" />
                <SequencePoint vc="1" uspid="1499" ordinal="0" offset="41" sl="90" sc="9" el="90" ec="9" bec="0" bev="0" fileid="44" />
                <SequencePoint vc="1" uspid="1500" ordinal="0" offset="48" sl="91" sc="9" el="91" ec="9" bec="0" bev="0" fileid="44" />
                <SequencePoint vc="1" uspid="1501" ordinal="0" offset="73" sl="92" sc="9" el="92" ec="9" bec="0" bev="0" fileid="44" />
                <SequencePoint vc="1" uspid="1502" ordinal="0" offset="83" sl="94" sc="9" el="94" ec="9" bec="0" bev="0" fileid="44" />
                <SequencePoint vc="1" uspid="1503" ordinal="0" offset="113" sl="103" sc="9" el="103" ec="9" bec="0" bev="0" fileid="44" />
                <SequencePoint vc="1" uspid="1504" ordinal="0" offset="142" sl="104" sc="5" el="104" ec="5" bec="0" bev="0" fileid="44" />
              </SequencePoints>
              <BranchPoints />
            </Method>
            <Method visited="true" cyclomaticComplexity="0" nPathComplexity="0" sequenceCoverage="100.0" branchCoverage="0" crapScore="0" isConstructor="false" isStatic="false" isGetter="false" isSetter="false">
              <Summary numSequencePoints="8" visitedSequencePoints="8" numBranchPoints="0" visitedBranchPoints="0" sequenceCoverage="100.0" branchCoverage="0" maxCyclomaticComplexity="0" minCyclomaticComplexity="0" maxCrapScore="0" minCrapScore="0" visitedClasses="0" numClasses="0" visitedMethods="1" numMethods="1" />
              <MetadataToken>100663313</MetadataToken>
              <Name>System.Void PlayerJumpLogicTests::ReleaseWhileDescending_DoesNotDecelerate()</Name>
              <FileRef uid="44" />
              <SequencePoints>
                <SequencePoint vc="1" uspid="1505" ordinal="0" offset="0" sl="110" sc="9" el="110" ec="9" bec="0" bev="0" fileid="44" />
                <SequencePoint vc="1" uspid="1506" ordinal="0" offset="5" sl="111" sc="9" el="111" ec="9" bec="0" bev="0" fileid="44" />
                <SequencePoint vc="1" uspid="1507" ordinal="0" offset="18" sl="112" sc="9" el="112" ec="9" bec="0" bev="0" fileid="44" />
                <SequencePoint vc="1" uspid="1508" ordinal="0" offset="31" sl="113" sc="9" el="113" ec="9" bec="0" bev="0" fileid="44" />
                <SequencePoint vc="1" uspid="1509" ordinal="0" offset="48" sl="116" sc="9" el="116" ec="9" bec="0" bev="0" fileid="44" />
                <SequencePoint vc="1" uspid="1510" ordinal="0" offset="74" sl="120" sc="9" el="120" ec="9" bec="0" bev="0" fileid="44" />
                <SequencePoint vc="1" uspid="1511" ordinal="0" offset="110" sl="130" sc="9" el="130" ec="9" bec="0" bev="0" fileid="44" />
                <SequencePoint vc="1" uspid="1512" ordinal="0" offset="136" sl="131" sc="5" el="131" ec="5" bec="0" bev="0" fileid="44" />
              </SequencePoints>
              <BranchPoints />
            </Method>
            <Method visited="true" cyclomaticComplexity="0" nPathComplexity="0" sequenceCoverage="100.0" branchCoverage="0" crapScore="0" isConstructor="false" isStatic="false" isGetter="false" isSetter="false">
              <Summary numSequencePoints="9" visitedSequencePoints="9" numBranchPoints="0" visitedBranchPoints="0" sequenceCoverage="100.0" branchCoverage="0" maxCyclomaticComplexity="0" minCyclomaticComplexity="0" maxCrapScore="0" minCrapScore="0" visitedClasses="0" numClasses="0" visitedMethods="1" numMethods="1" />
              <MetadataToken>100663314</MetadataToken>
              <Name>System.Void PlayerJumpLogicTests::InFlight_To_Landed_WhenTouchingGround()</Name>
              <FileRef uid="44" />
              <SequencePoints>
                <SequencePoint vc="1" uspid="1513" ordinal="0" offset="0" sl="137" sc="9" el="137" ec="9" bec="0" bev="0" fileid="44" />
                <SequencePoint vc="1" uspid="1514" ordinal="0" offset="5" sl="138" sc="9" el="138" ec="9" bec="0" bev="0" fileid="44" />
                <SequencePoint vc="1" uspid="1515" ordinal="0" offset="11" sl="139" sc="9" el="139" ec="9" bec="0" bev="0" fileid="44" />
                <SequencePoint vc="1" uspid="1516" ordinal="0" offset="24" sl="140" sc="9" el="140" ec="9" bec="0" bev="0" fileid="44" />
                <SequencePoint vc="1" uspid="1517" ordinal="0" offset="30" sl="142" sc="9" el="142" ec="9" bec="0" bev="0" fileid="44" />
                <SequencePoint vc="1" uspid="1518" ordinal="0" offset="56" sl="143" sc="9" el="143" ec="9" bec="0" bev="0" fileid="44" />
                <SequencePoint vc="1" uspid="1519" ordinal="0" offset="63" sl="144" sc="9" el="144" ec="9" bec="0" bev="0" fileid="44" />
                <SequencePoint vc="1" uspid="1520" ordinal="0" offset="94" sl="146" sc="9" el="146" ec="9" bec="0" bev="0" fileid="44" />
                <SequencePoint vc="1" uspid="1521" ordinal="0" offset="117" sl="147" sc="5" el="147" ec="5" bec="0" bev="0" fileid="44" />
              </SequencePoints>
              <BranchPoints />
            </Method>
            <Method visited="true" cyclomaticComplexity="0" nPathComplexity="0" sequenceCoverage="100.0" branchCoverage="0" crapScore="0" isConstructor="false" isStatic="false" isGetter="false" isSetter="false">
              <Summary numSequencePoints="7" visitedSequencePoints="7" numBranchPoints="0" visitedBranchPoints="0" sequenceCoverage="100.0" branchCoverage="0" maxCyclomaticComplexity="0" minCyclomaticComplexity="0" maxCrapScore="0" minCrapScore="0" visitedClasses="0" numClasses="0" visitedMethods="1" numMethods="1" />
              <MetadataToken>100663315</MetadataToken>
              <Name>System.Void PlayerJumpLogicTests::Landed_Returns_To_Grounded()</Name>
              <FileRef uid="44" />
              <SequencePoints>
                <SequencePoint vc="1" uspid="1522" ordinal="0" offset="0" sl="153" sc="9" el="153" ec="9" bec="0" bev="0" fileid="44" />
                <SequencePoint vc="1" uspid="1523" ordinal="0" offset="5" sl="154" sc="9" el="154" ec="9" bec="0" bev="0" fileid="44" />
                <SequencePoint vc="1" uspid="1524" ordinal="0" offset="11" sl="155" sc="9" el="155" ec="9" bec="0" bev="0" fileid="44" />
                <SequencePoint vc="1" uspid="1525" ordinal="0" offset="24" sl="156" sc="9" el="156" ec="9" bec="0" bev="0" fileid="44" />
                <SequencePoint vc="1" uspid="1526" ordinal="0" offset="30" sl="158" sc="9" el="158" ec="9" bec="0" bev="0" fileid="44" />
                <SequencePoint vc="1" uspid="1527" ordinal="0" offset="55" sl="159" sc="9" el="159" ec="9" bec="0" bev="0" fileid="44" />
                <SequencePoint vc="1" uspid="1528" ordinal="0" offset="77" sl="160" sc="5" el="160" ec="5" bec="0" bev="0" fileid="44" />
              </SequencePoints>
              <BranchPoints />
            </Method>
            <Method visited="true" cyclomaticComplexity="0" nPathComplexity="0" sequenceCoverage="100.0" branchCoverage="0" crapScore="0" isConstructor="false" isStatic="false" isGetter="false" isSetter="false">
              <Summary numSequencePoints="7" visitedSequencePoints="7" numBranchPoints="0" visitedBranchPoints="0" sequenceCoverage="100.0" branchCoverage="0" maxCyclomaticComplexity="0" minCyclomaticComplexity="0" maxCrapScore="0" minCrapScore="0" visitedClasses="0" numClasses="0" visitedMethods="1" numMethods="1" />
              <MetadataToken>100663316</MetadataToken>
              <Name>System.Void PlayerJumpLogicTests::TargetVelocityX_Follows_MoveX_Times_MaxSpeed()</Name>
              <FileRef uid="44" />
              <SequencePoints>
                <SequencePoint vc="1" uspid="1529" ordinal="0" offset="0" sl="166" sc="9" el="166" ec="9" bec="0" bev="0" fileid="44" />
                <SequencePoint vc="1" uspid="1530" ordinal="0" offset="5" sl="167" sc="9" el="167" ec="9" bec="0" bev="0" fileid="44" />
                <SequencePoint vc="1" uspid="1531" ordinal="0" offset="22" sl="168" sc="9" el="168" ec="9" bec="0" bev="0" fileid="44" />
                <SequencePoint vc="1" uspid="1532" ordinal="0" offset="35" sl="169" sc="9" el="169" ec="9" bec="0" bev="0" fileid="44" />
                <SequencePoint vc="1" uspid="1533" ordinal="0" offset="41" sl="171" sc="9" el="171" ec="9" bec="0" bev="0" fileid="44" />
                <SequencePoint vc="1" uspid="1534" ordinal="0" offset="66" sl="172" sc="9" el="172" ec="9" bec="0" bev="0" fileid="44" />
                <SequencePoint vc="1" uspid="1535" ordinal="0" offset="96" sl="173" sc="5" el="173" ec="5" bec="0" bev="0" fileid="44" />
              </SequencePoints>
              <BranchPoints />
            </Method>
            <Method visited="true" cyclomaticComplexity="0" nPathComplexity="0" sequenceCoverage="100.0" branchCoverage="0" crapScore="0" isConstructor="false" isStatic="false" isGetter="false" isSetter="false">
              <Summary numSequencePoints="8" visitedSequencePoints="8" numBranchPoints="0" visitedBranchPoints="0" sequenceCoverage="100.0" branchCoverage="0" maxCyclomaticComplexity="0" minCyclomaticComplexity="0" maxCrapScore="0" minCrapScore="0" visitedClasses="0" numClasses="0" visitedMethods="1" numMethods="1" />
              <MetadataToken>100663317</MetadataToken>
              <Name>System.Void PlayerJumpLogicTests::PressingJump_InAir_DoesNotImpulse()</Name>
              <FileRef uid="44" />
              <SequencePoints>
                <SequencePoint vc="1" uspid="1536" ordinal="0" offset="0" sl="179" sc="9" el="179" ec="9" bec="0" bev="0" fileid="44" />
                <SequencePoint vc="1" uspid="1537" ordinal="0" offset="5" sl="180" sc="9" el="180" ec="9" bec="0" bev="0" fileid="44" />
                <SequencePoint vc="1" uspid="1538" ordinal="0" offset="18" sl="181" sc="9" el="181" ec="9" bec="0" bev="0" fileid="44" />
                <SequencePoint vc="1" uspid="1539" ordinal="0" offset="31" sl="182" sc="9" el="182" ec="9" bec="0" bev="0" fileid="44" />
                <SequencePoint vc="1" uspid="1540" ordinal="0" offset="37" sl="184" sc="9" el="184" ec="9" bec="0" bev="0" fileid="44" />
                <SequencePoint vc="1" uspid="1541" ordinal="0" offset="62" sl="185" sc="9" el="185" ec="9" bec="0" bev="0" fileid="44" />
                <SequencePoint vc="1" uspid="1542" ordinal="0" offset="73" sl="186" sc="9" el="186" ec="9" bec="0" bev="0" fileid="44" />
                <SequencePoint vc="1" uspid="1543" ordinal="0" offset="95" sl="187" sc="5" el="187" ec="5" bec="0" bev="0" fileid="44" />
              </SequencePoints>
              <BranchPoints />
            </Method>
            <Method visited="true" cyclomaticComplexity="0" nPathComplexity="0" sequenceCoverage="100.0" branchCoverage="0" crapScore="0" isConstructor="false" isStatic="false" isGetter="false" isSetter="false">
              <Summary numSequencePoints="4" visitedSequencePoints="4" numBranchPoints="0" visitedBranchPoints="0" sequenceCoverage="100.0" branchCoverage="0" maxCyclomaticComplexity="0" minCyclomaticComplexity="0" maxCrapScore="0" minCrapScore="0" visitedClasses="0" numClasses="0" visitedMethods="1" numMethods="1" />
              <MetadataToken>100663318</MetadataToken>
              <Name>System.Void PlayerJumpLogicTests::ComputeNewVelY_Impulse_Uses_JumpModifier()</Name>
              <FileRef uid="44" />
              <SequencePoints>
                <SequencePoint vc="1" uspid="1544" ordinal="0" offset="0" sl="193" sc="9" el="193" ec="9" bec="0" bev="0" fileid="44" />
                <SequencePoint vc="1" uspid="1545" ordinal="0" offset="5" sl="194" sc="9" el="194" ec="9" bec="0" bev="0" fileid="44" />
                <SequencePoint vc="1" uspid="1546" ordinal="0" offset="34" sl="203" sc="9" el="203" ec="9" bec="0" bev="0" fileid="44" />
                <SequencePoint vc="1" uspid="1547" ordinal="0" offset="59" sl="204" sc="5" el="204" ec="5" bec="0" bev="0" fileid="44" />
              </SequencePoints>
              <BranchPoints />
            </Method>
            <Method visited="true" cyclomaticComplexity="0" nPathComplexity="0" sequenceCoverage="100.0" branchCoverage="0" crapScore="0" isConstructor="false" isStatic="false" isGetter="false" isSetter="false">
              <Summary numSequencePoints="4" visitedSequencePoints="4" numBranchPoints="0" visitedBranchPoints="0" sequenceCoverage="100.0" branchCoverage="0" maxCyclomaticComplexity="0" minCyclomaticComplexity="0" maxCrapScore="0" minCrapScore="0" visitedClasses="0" numClasses="0" visitedMethods="1" numMethods="1" />
              <MetadataToken>100663319</MetadataToken>
              <Name>System.Void PlayerJumpLogicTests::NoImpulse_When_NotGrounded()</Name>
              <FileRef uid="44" />
              <SequencePoints>
                <SequencePoint vc="1" uspid="1548" ordinal="0" offset="0" sl="210" sc="9" el="210" ec="9" bec="0" bev="0" fileid="44" />
                <SequencePoint vc="1" uspid="1549" ordinal="0" offset="5" sl="211" sc="9" el="211" ec="9" bec="0" bev="0" fileid="44" />
                <SequencePoint vc="1" uspid="1550" ordinal="0" offset="34" sl="220" sc="9" el="220" ec="9" bec="0" bev="0" fileid="44" />
                <SequencePoint vc="1" uspid="1551" ordinal="0" offset="59" sl="221" sc="5" el="221" ec="5" bec="0" bev="0" fileid="44" />
              </SequencePoints>
              <BranchPoints />
            </Method>
            <Method visited="true" cyclomaticComplexity="0" nPathComplexity="0" sequenceCoverage="100.0" branchCoverage="0" crapScore="0" isConstructor="false" isStatic="false" isGetter="false" isSetter="false">
              <Summary numSequencePoints="21" visitedSequencePoints="21" numBranchPoints="0" visitedBranchPoints="0" sequenceCoverage="100.0" branchCoverage="0" maxCyclomaticComplexity="0" minCyclomaticComplexity="0" maxCrapScore="0" minCrapScore="0" visitedClasses="0" numClasses="0" visitedMethods="1" numMethods="1" />
              <MetadataToken>100663320</MetadataToken>
              <Name>System.Void PlayerJumpLogicTests::Jump_State_Progression_Grounded_To_Landed()</Name>
              <FileRef uid="44" />
              <SequencePoints>
                <SequencePoint vc="1" uspid="1552" ordinal="0" offset="0" sl="227" sc="9" el="227" ec="9" bec="0" bev="0" fileid="44" />
                <SequencePoint vc="1" uspid="1553" ordinal="0" offset="5" sl="228" sc="9" el="228" ec="9" bec="0" bev="0" fileid="44" />
                <SequencePoint vc="1" uspid="1554" ordinal="0" offset="11" sl="229" sc="9" el="229" ec="9" bec="0" bev="0" fileid="44" />
                <SequencePoint vc="1" uspid="1555" ordinal="0" offset="17" sl="230" sc="9" el="230" ec="9" bec="0" bev="0" fileid="44" />
                <SequencePoint vc="1" uspid="1556" ordinal="0" offset="23" sl="232" sc="9" el="232" ec="9" bec="0" bev="0" fileid="44" />
                <SequencePoint vc="1" uspid="1557" ordinal="0" offset="25" sl="235" sc="9" el="235" ec="9" bec="0" bev="0" fileid="44" />
                <SequencePoint vc="1" uspid="1558" ordinal="0" offset="32" sl="236" sc="9" el="236" ec="9" bec="0" bev="0" fileid="44" />
                <SequencePoint vc="1" uspid="1559" ordinal="0" offset="59" sl="237" sc="9" el="237" ec="9" bec="0" bev="0" fileid="44" />
                <SequencePoint vc="1" uspid="1560" ordinal="0" offset="82" sl="238" sc="9" el="238" ec="9" bec="0" bev="0" fileid="44" />
                <SequencePoint vc="1" uspid="1561" ordinal="0" offset="94" sl="239" sc="9" el="239" ec="9" bec="0" bev="0" fileid="44" />
                <SequencePoint vc="1" uspid="1562" ordinal="0" offset="102" sl="242" sc="9" el="242" ec="9" bec="0" bev="0" fileid="44" />
                <SequencePoint vc="1" uspid="1563" ordinal="0" offset="109" sl="243" sc="9" el="243" ec="9" bec="0" bev="0" fileid="44" />
                <SequencePoint vc="1" uspid="1564" ordinal="0" offset="136" sl="244" sc="9" el="244" ec="9" bec="0" bev="0" fileid="44" />
                <SequencePoint vc="1" uspid="1565" ordinal="0" offset="159" sl="245" sc="9" el="245" ec="9" bec="0" bev="0" fileid="44" />
                <SequencePoint vc="1" uspid="1566" ordinal="0" offset="167" sl="248" sc="9" el="248" ec="9" bec="0" bev="0" fileid="44" />
                <SequencePoint vc="1" uspid="1567" ordinal="0" offset="174" sl="249" sc="9" el="249" ec="9" bec="0" bev="0" fileid="44" />
                <SequencePoint vc="1" uspid="1568" ordinal="0" offset="201" sl="250" sc="9" el="250" ec="9" bec="0" bev="0" fileid="44" />
                <SequencePoint vc="1" uspid="1569" ordinal="0" offset="224" sl="251" sc="9" el="251" ec="9" bec="0" bev="0" fileid="44" />
                <SequencePoint vc="1" uspid="1570" ordinal="0" offset="232" sl="254" sc="9" el="254" ec="9" bec="0" bev="0" fileid="44" />
                <SequencePoint vc="1" uspid="1571" ordinal="0" offset="258" sl="255" sc="9" el="255" ec="9" bec="0" bev="0" fileid="44" />
                <SequencePoint vc="1" uspid="1572" ordinal="0" offset="281" sl="256" sc="5" el="256" ec="5" bec="0" bev="0" fileid="44" />
              </SequencePoints>
              <BranchPoints />
            </Method>
            <Method visited="true" cyclomaticComplexity="0" nPathComplexity="0" sequenceCoverage="100.0" branchCoverage="0" crapScore="0" isConstructor="false" isStatic="false" isGetter="false" isSetter="false">
              <Summary numSequencePoints="14" visitedSequencePoints="14" numBranchPoints="0" visitedBranchPoints="0" sequenceCoverage="100.0" branchCoverage="0" maxCyclomaticComplexity="0" minCyclomaticComplexity="0" maxCrapScore="0" minCrapScore="0" visitedClasses="0" numClasses="0" visitedMethods="1" numMethods="1" />
              <MetadataToken>100663321</MetadataToken>
              <Name>System.Void PlayerJumpLogicTests::Jump_Cut_Applies_Deceleration_When_Releasing_Early()</Name>
              <FileRef uid="44" />
              <SequencePoints>
                <SequencePoint vc="1" uspid="1573" ordinal="0" offset="0" sl="262" sc="9" el="262" ec="9" bec="0" bev="0" fileid="44" />
                <SequencePoint vc="1" uspid="1574" ordinal="0" offset="5" sl="263" sc="9" el="263" ec="9" bec="0" bev="0" fileid="44" />
                <SequencePoint vc="1" uspid="1575" ordinal="0" offset="11" sl="264" sc="9" el="264" ec="9" bec="0" bev="0" fileid="44" />
                <SequencePoint vc="1" uspid="1576" ordinal="0" offset="17" sl="265" sc="9" el="265" ec="9" bec="0" bev="0" fileid="44" />
                <SequencePoint vc="1" uspid="1577" ordinal="0" offset="45" sl="268" sc="9" el="268" ec="9" bec="0" bev="0" fileid="44" />
                <SequencePoint vc="1" uspid="1578" ordinal="0" offset="52" sl="269" sc="9" el="269" ec="9" bec="0" bev="0" fileid="44" />
                <SequencePoint vc="1" uspid="1579" ordinal="0" offset="77" sl="270" sc="9" el="270" ec="9" bec="0" bev="0" fileid="44" />
                <SequencePoint vc="1" uspid="1580" ordinal="0" offset="87" sl="273" sc="9" el="273" ec="9" bec="0" bev="0" fileid="44" />
                <SequencePoint vc="1" uspid="1581" ordinal="0" offset="94" sl="276" sc="9" el="276" ec="9" bec="0" bev="0" fileid="44" />
                <SequencePoint vc="1" uspid="1582" ordinal="0" offset="101" sl="277" sc="9" el="277" ec="9" bec="0" bev="0" fileid="44" />
                <SequencePoint vc="1" uspid="1583" ordinal="0" offset="126" sl="278" sc="9" el="278" ec="9" bec="0" bev="0" fileid="44" />
                <SequencePoint vc="1" uspid="1584" ordinal="0" offset="136" sl="281" sc="9" el="281" ec="9" bec="0" bev="0" fileid="44" />
                <SequencePoint vc="1" uspid="1585" ordinal="0" offset="167" sl="291" sc="9" el="291" ec="9" bec="0" bev="0" fileid="44" />
                <SequencePoint vc="1" uspid="1586" ordinal="0" offset="196" sl="292" sc="5" el="292" ec="5" bec="0" bev="0" fileid="44" />
              </SequencePoints>
              <BranchPoints />
            </Method>
            <Method visited="true" cyclomaticComplexity="0" nPathComplexity="0" sequenceCoverage="100.0" branchCoverage="0" crapScore="0" isConstructor="false" isStatic="false" isGetter="false" isSetter="false">
              <Summary numSequencePoints="11" visitedSequencePoints="11" numBranchPoints="0" visitedBranchPoints="0" sequenceCoverage="100.0" branchCoverage="0" maxCyclomaticComplexity="0" minCyclomaticComplexity="0" maxCrapScore="0" minCrapScore="0" visitedClasses="0" numClasses="0" visitedMethods="1" numMethods="1" />
              <MetadataToken>100663322</MetadataToken>
              <Name>System.Void PlayerJumpLogicTests::Grounded_NoInput_RemainsGrounded()</Name>
              <FileRef uid="44" />
              <SequencePoints>
                <SequencePoint vc="1" uspid="1587" ordinal="0" offset="0" sl="298" sc="9" el="298" ec="9" bec="0" bev="0" fileid="44" />
                <SequencePoint vc="1" uspid="1588" ordinal="0" offset="5" sl="299" sc="9" el="299" ec="9" bec="0" bev="0" fileid="44" />
                <SequencePoint vc="1" uspid="1589" ordinal="0" offset="11" sl="300" sc="9" el="300" ec="9" bec="0" bev="0" fileid="44" />
                <SequencePoint vc="1" uspid="1590" ordinal="0" offset="24" sl="301" sc="9" el="301" ec="9" bec="0" bev="0" fileid="44" />
                <SequencePoint vc="1" uspid="1591" ordinal="0" offset="30" sl="303" sc="9" el="303" ec="9" bec="0" bev="0" fileid="44" />
                <SequencePoint vc="1" uspid="1592" ordinal="0" offset="32" sl="305" sc="9" el="305" ec="9" bec="0" bev="0" fileid="44" />
                <SequencePoint vc="1" uspid="1593" ordinal="0" offset="58" sl="309" sc="9" el="309" ec="9" bec="0" bev="0" fileid="44" />
                <SequencePoint vc="1" uspid="1594" ordinal="0" offset="81" sl="312" sc="9" el="312" ec="9" bec="0" bev="0" fileid="44" />
                <SequencePoint vc="1" uspid="1595" ordinal="0" offset="93" sl="313" sc="9" el="313" ec="9" bec="0" bev="0" fileid="44" />
                <SequencePoint vc="1" uspid="1596" ordinal="0" offset="105" sl="316" sc="9" el="316" ec="9" bec="0" bev="0" fileid="44" />
                <SequencePoint vc="1" uspid="1597" ordinal="0" offset="136" sl="317" sc="5" el="317" ec="5" bec="0" bev="0" fileid="44" />
              </SequencePoints>
              <BranchPoints />
            </Method>
          </Methods>
        </Class>
        <Class>
          <Summary numSequencePoints="2" visitedSequencePoints="2" numBranchPoints="0" visitedBranchPoints="0" sequenceCoverage="100.0" branchCoverage="0.0" maxCyclomaticComplexity="0" minCyclomaticComplexity="0" maxCrapScore="0" minCrapScore="0" visitedClasses="1" numClasses="1" visitedMethods="1" numMethods="1" />
          <FullName>SanityCheck</FullName>
          <Methods>
            <Method visited="true" cyclomaticComplexity="0" nPathComplexity="0" sequenceCoverage="100.0" branchCoverage="0" crapScore="0" isConstructor="false" isStatic="false" isGetter="false" isSetter="false">
              <Summary numSequencePoints="2" visitedSequencePoints="2" numBranchPoints="0" visitedBranchPoints="0" sequenceCoverage="100.0" branchCoverage="0" maxCyclomaticComplexity="0" minCyclomaticComplexity="0" maxCrapScore="0" minCrapScore="0" visitedClasses="0" numClasses="0" visitedMethods="1" numMethods="1" />
              <MetadataToken>100663324</MetadataToken>
              <Name>System.Void SanityCheck::SanitCheckEditModeWorks()</Name>
              <FileRef uid="45" />
              <SequencePoints>
                <SequencePoint vc="1" uspid="1598" ordinal="0" offset="0" sl="12" sc="9" el="12" ec="9" bec="0" bev="0" fileid="45" />
                <SequencePoint vc="1" uspid="1599" ordinal="0" offset="27" sl="13" sc="5" el="13" ec="5" bec="0" bev="0" fileid="45" />
              </SequencePoints>
              <BranchPoints />
            </Method>
          </Methods>
        </Class>
      </Classes>
    </Module>
  </Modules>
</CoverageSession>